-------------------------------------------------------------------------------
Test set: crux.CompilerStageTests
-------------------------------------------------------------------------------
Tests run: 50, Failures: 1, Errors: 47, Skipped: 0, Time elapsed: 3.176 s <<< FAILURE! - in crux.CompilerStageTests
crux.CompilerStageTests.codegen  Time elapsed: 0.072 s  <<< ERROR!
java.util.concurrent.ExecutionException: java.lang.Error: Assembling and linking failed
	at crux.CompilerStageTests.lambda$codegen$9(CompilerStageTests.java:290)
Caused by: java.lang.Error: Assembling and linking failed

crux.CompilerStageTests.codegen  Time elapsed: 0.049 s  <<< ERROR!
java.util.concurrent.ExecutionException: java.lang.Error: Assembling and linking failed
	at crux.CompilerStageTests.lambda$codegen$9(CompilerStageTests.java:290)
Caused by: java.lang.Error: Assembling and linking failed

crux.CompilerStageTests.codegen  Time elapsed: 0.054 s  <<< ERROR!
java.util.concurrent.ExecutionException: java.lang.Error: Assembling and linking failed
	at crux.CompilerStageTests.lambda$codegen$9(CompilerStageTests.java:290)
Caused by: java.lang.Error: Assembling and linking failed

crux.CompilerStageTests.codegen  Time elapsed: 0.063 s  <<< ERROR!
java.util.concurrent.ExecutionException: java.lang.Error: Assembling and linking failed
	at crux.CompilerStageTests.lambda$codegen$9(CompilerStageTests.java:290)
Caused by: java.lang.Error: Assembling and linking failed

crux.CompilerStageTests.codegen  Time elapsed: 0.048 s  <<< ERROR!
java.util.concurrent.ExecutionException: java.lang.Error: Assembling and linking failed
	at crux.CompilerStageTests.lambda$codegen$9(CompilerStageTests.java:290)
Caused by: java.lang.Error: Assembling and linking failed

crux.CompilerStageTests.codegen  Time elapsed: 0.051 s  <<< ERROR!
java.util.concurrent.ExecutionException: java.lang.Error: Assembling and linking failed
	at crux.CompilerStageTests.lambda$codegen$9(CompilerStageTests.java:290)
Caused by: java.lang.Error: Assembling and linking failed

crux.CompilerStageTests.codegen  Time elapsed: 0.051 s  <<< ERROR!
java.util.concurrent.ExecutionException: java.lang.Error: Assembling and linking failed
	at crux.CompilerStageTests.lambda$codegen$9(CompilerStageTests.java:290)
Caused by: java.lang.Error: Assembling and linking failed

crux.CompilerStageTests.codegen  Time elapsed: 0.057 s  <<< ERROR!
java.util.concurrent.ExecutionException: java.lang.Error: Assembling and linking failed
	at crux.CompilerStageTests.lambda$codegen$9(CompilerStageTests.java:290)
Caused by: java.lang.Error: Assembling and linking failed

crux.CompilerStageTests.codegen  Time elapsed: 0.049 s  <<< ERROR!
java.util.concurrent.ExecutionException: java.lang.Error: Assembling and linking failed
	at crux.CompilerStageTests.lambda$codegen$9(CompilerStageTests.java:290)
Caused by: java.lang.Error: Assembling and linking failed

crux.CompilerStageTests.codegen  Time elapsed: 0.047 s  <<< ERROR!
java.util.concurrent.ExecutionException: java.lang.Error: Assembling and linking failed
	at crux.CompilerStageTests.lambda$codegen$9(CompilerStageTests.java:290)
Caused by: java.lang.Error: Assembling and linking failed

crux.CompilerStageTests.codegen  Time elapsed: 0.086 s  <<< FAILURE!
org.opentest4j.AssertionFailedError: CodeGen for program crux/stages/codegen/test13.crx differs from expected output. ==> expected: <int?7> but was: <int?0>
	at crux.CompilerStageTests.lambda$codegen$9(CompilerStageTests.java:297)

crux.CompilerStageTests.codegen  Time elapsed: 0.056 s  <<< ERROR!
java.util.concurrent.ExecutionException: java.lang.Error: Assembling and linking failed
	at crux.CompilerStageTests.lambda$codegen$9(CompilerStageTests.java:290)
Caused by: java.lang.Error: Assembling and linking failed

crux.CompilerStageTests.codegen  Time elapsed: 0.04 s  <<< ERROR!
java.util.concurrent.ExecutionException: java.lang.Error: Assembling and linking failed
	at crux.CompilerStageTests.lambda$codegen$9(CompilerStageTests.java:290)
Caused by: java.lang.Error: Assembling and linking failed

crux.CompilerStageTests.codegen  Time elapsed: 0.055 s  <<< ERROR!
java.util.concurrent.ExecutionException: java.lang.Error: Assembling and linking failed
	at crux.CompilerStageTests.lambda$codegen$9(CompilerStageTests.java:290)
Caused by: java.lang.Error: Assembling and linking failed

crux.CompilerStageTests.codegen  Time elapsed: 0.074 s  <<< ERROR!
java.util.concurrent.ExecutionException: java.lang.Error: Assembling and linking failed
	at crux.CompilerStageTests.lambda$codegen$9(CompilerStageTests.java:290)
Caused by: java.lang.Error: Assembling and linking failed

crux.CompilerStageTests.codegen  Time elapsed: 0.041 s  <<< ERROR!
java.util.concurrent.ExecutionException: java.lang.Error: Assembling and linking failed
	at crux.CompilerStageTests.lambda$codegen$9(CompilerStageTests.java:290)
Caused by: java.lang.Error: Assembling and linking failed

crux.CompilerStageTests.codegen  Time elapsed: 0.052 s  <<< ERROR!
java.util.concurrent.ExecutionException: java.lang.Error: Assembling and linking failed
	at crux.CompilerStageTests.lambda$codegen$9(CompilerStageTests.java:290)
Caused by: java.lang.Error: Assembling and linking failed

crux.CompilerStageTests.codegen  Time elapsed: 0.048 s  <<< ERROR!
java.util.concurrent.ExecutionException: java.lang.Error: Assembling and linking failed
	at crux.CompilerStageTests.lambda$codegen$9(CompilerStageTests.java:290)
Caused by: java.lang.Error: Assembling and linking failed

crux.CompilerStageTests.codegen  Time elapsed: 0.043 s  <<< ERROR!
java.util.concurrent.ExecutionException: java.lang.Error: Assembling and linking failed
	at crux.CompilerStageTests.lambda$codegen$9(CompilerStageTests.java:290)
Caused by: java.lang.Error: Assembling and linking failed

crux.CompilerStageTests.codegen  Time elapsed: 0.057 s  <<< ERROR!
java.util.concurrent.ExecutionException: java.lang.Error: Assembling and linking failed
	at crux.CompilerStageTests.lambda$codegen$9(CompilerStageTests.java:290)
Caused by: java.lang.Error: Assembling and linking failed

crux.CompilerStageTests.codegen  Time elapsed: 0.06 s  <<< ERROR!
java.util.concurrent.ExecutionException: java.lang.Error: Assembling and linking failed
	at crux.CompilerStageTests.lambda$codegen$9(CompilerStageTests.java:290)
Caused by: java.lang.Error: Assembling and linking failed

crux.CompilerStageTests.codegen  Time elapsed: 0.053 s  <<< ERROR!
java.util.concurrent.ExecutionException: java.lang.Error: Assembling and linking failed
	at crux.CompilerStageTests.lambda$codegen$9(CompilerStageTests.java:290)
Caused by: java.lang.Error: Assembling and linking failed

crux.CompilerStageTests.codegen  Time elapsed: 0.044 s  <<< ERROR!
java.util.concurrent.ExecutionException: java.lang.Error: Assembling and linking failed
	at crux.CompilerStageTests.lambda$codegen$9(CompilerStageTests.java:290)
Caused by: java.lang.Error: Assembling and linking failed

crux.CompilerStageTests.codegen  Time elapsed: 0.045 s  <<< ERROR!
java.util.concurrent.ExecutionException: java.lang.Error: Assembling and linking failed
	at crux.CompilerStageTests.lambda$codegen$9(CompilerStageTests.java:290)
Caused by: java.lang.Error: Assembling and linking failed

crux.CompilerStageTests.codegen  Time elapsed: 0.05 s  <<< ERROR!
java.util.concurrent.ExecutionException: java.lang.Error: Assembling and linking failed
	at crux.CompilerStageTests.lambda$codegen$9(CompilerStageTests.java:290)
Caused by: java.lang.Error: Assembling and linking failed

crux.CompilerStageTests.codegen  Time elapsed: 0.057 s  <<< ERROR!
java.util.concurrent.ExecutionException: java.lang.Error: Assembling and linking failed
	at crux.CompilerStageTests.lambda$codegen$9(CompilerStageTests.java:290)
Caused by: java.lang.Error: Assembling and linking failed

crux.CompilerStageTests.codegen  Time elapsed: 0.073 s  <<< ERROR!
java.util.concurrent.ExecutionException: java.lang.Error: Assembling and linking failed
	at crux.CompilerStageTests.lambda$codegen$9(CompilerStageTests.java:290)
Caused by: java.lang.Error: Assembling and linking failed

crux.CompilerStageTests.codegen  Time elapsed: 0.101 s  <<< ERROR!
java.util.concurrent.ExecutionException: java.lang.Error: Assembling and linking failed
	at crux.CompilerStageTests.lambda$codegen$9(CompilerStageTests.java:290)
Caused by: java.lang.Error: Assembling and linking failed

crux.CompilerStageTests.codegen  Time elapsed: 0.082 s  <<< ERROR!
java.util.concurrent.ExecutionException: java.lang.Error: Assembling and linking failed
	at crux.CompilerStageTests.lambda$codegen$9(CompilerStageTests.java:290)
Caused by: java.lang.Error: Assembling and linking failed

crux.CompilerStageTests.codegen  Time elapsed: 0.066 s  <<< ERROR!
java.util.concurrent.ExecutionException: java.lang.Error: Assembling and linking failed
	at crux.CompilerStageTests.lambda$codegen$9(CompilerStageTests.java:290)
Caused by: java.lang.Error: Assembling and linking failed

crux.CompilerStageTests.codegen  Time elapsed: 0.056 s  <<< ERROR!
java.util.concurrent.ExecutionException: java.lang.Error: Assembling and linking failed
	at crux.CompilerStageTests.lambda$codegen$9(CompilerStageTests.java:290)
Caused by: java.lang.Error: Assembling and linking failed

crux.CompilerStageTests.codegen  Time elapsed: 0.111 s  <<< ERROR!
java.util.concurrent.ExecutionException: java.lang.Error: Assembling and linking failed
	at crux.CompilerStageTests.lambda$codegen$9(CompilerStageTests.java:290)
Caused by: java.lang.Error: Assembling and linking failed

crux.CompilerStageTests.codegen  Time elapsed: 0.077 s  <<< ERROR!
java.util.concurrent.ExecutionException: java.lang.Error: Assembling and linking failed
	at crux.CompilerStageTests.lambda$codegen$9(CompilerStageTests.java:290)
Caused by: java.lang.Error: Assembling and linking failed

crux.CompilerStageTests.codegen  Time elapsed: 0.04 s  <<< ERROR!
java.util.concurrent.ExecutionException: java.lang.Error: Assembling and linking failed
	at crux.CompilerStageTests.lambda$codegen$9(CompilerStageTests.java:290)
Caused by: java.lang.Error: Assembling and linking failed

crux.CompilerStageTests.codegen  Time elapsed: 0.112 s  <<< ERROR!
java.util.concurrent.ExecutionException: java.lang.Error: Assembling and linking failed
	at crux.CompilerStageTests.lambda$codegen$9(CompilerStageTests.java:290)
Caused by: java.lang.Error: Assembling and linking failed

crux.CompilerStageTests.codegen  Time elapsed: 0.048 s  <<< ERROR!
java.util.concurrent.ExecutionException: java.lang.Error: Assembling and linking failed
	at crux.CompilerStageTests.lambda$codegen$9(CompilerStageTests.java:290)
Caused by: java.lang.Error: Assembling and linking failed

crux.CompilerStageTests.codegen  Time elapsed: 0.065 s  <<< ERROR!
java.util.concurrent.ExecutionException: java.lang.Error: Assembling and linking failed
	at crux.CompilerStageTests.lambda$codegen$9(CompilerStageTests.java:290)
Caused by: java.lang.Error: Assembling and linking failed

crux.CompilerStageTests.codegen  Time elapsed: 0.075 s  <<< ERROR!
java.util.concurrent.ExecutionException: java.lang.Error: Assembling and linking failed
	at crux.CompilerStageTests.lambda$codegen$9(CompilerStageTests.java:290)
Caused by: java.lang.Error: Assembling and linking failed

crux.CompilerStageTests.codegen  Time elapsed: 0.059 s  <<< ERROR!
java.util.concurrent.ExecutionException: java.lang.Error: Assembling and linking failed
	at crux.CompilerStageTests.lambda$codegen$9(CompilerStageTests.java:290)
Caused by: java.lang.Error: Assembling and linking failed

crux.CompilerStageTests.codegen  Time elapsed: 0.086 s  <<< ERROR!
java.util.concurrent.ExecutionException: java.lang.Error: Assembling and linking failed
	at crux.CompilerStageTests.lambda$codegen$9(CompilerStageTests.java:290)
Caused by: java.lang.Error: Assembling and linking failed

crux.CompilerStageTests.codegen  Time elapsed: 0.044 s  <<< ERROR!
java.util.concurrent.ExecutionException: java.lang.Error: Assembling and linking failed
	at crux.CompilerStageTests.lambda$codegen$9(CompilerStageTests.java:290)
Caused by: java.lang.Error: Assembling and linking failed

crux.CompilerStageTests.codegen  Time elapsed: 0.041 s  <<< ERROR!
java.util.concurrent.ExecutionException: java.lang.Error: Assembling and linking failed
	at crux.CompilerStageTests.lambda$codegen$9(CompilerStageTests.java:290)
Caused by: java.lang.Error: Assembling and linking failed

crux.CompilerStageTests.codegen  Time elapsed: 0.086 s  <<< ERROR!
java.util.concurrent.ExecutionException: java.lang.Error: Assembling and linking failed
	at crux.CompilerStageTests.lambda$codegen$9(CompilerStageTests.java:290)
Caused by: java.lang.Error: Assembling and linking failed

crux.CompilerStageTests.codegen  Time elapsed: 0.047 s  <<< ERROR!
java.util.concurrent.ExecutionException: java.lang.Error: Assembling and linking failed
	at crux.CompilerStageTests.lambda$codegen$9(CompilerStageTests.java:290)
Caused by: java.lang.Error: Assembling and linking failed

crux.CompilerStageTests.codegen  Time elapsed: 0.042 s  <<< ERROR!
java.util.concurrent.ExecutionException: java.lang.Error: Assembling and linking failed
	at crux.CompilerStageTests.lambda$codegen$9(CompilerStageTests.java:290)
Caused by: java.lang.Error: Assembling and linking failed

crux.CompilerStageTests.codegen  Time elapsed: 0.042 s  <<< ERROR!
java.util.concurrent.ExecutionException: java.lang.Error: Assembling and linking failed
	at crux.CompilerStageTests.lambda$codegen$9(CompilerStageTests.java:290)
Caused by: java.lang.Error: Assembling and linking failed

crux.CompilerStageTests.codegen  Time elapsed: 0.045 s  <<< ERROR!
java.util.concurrent.ExecutionException: java.lang.Error: Assembling and linking failed
	at crux.CompilerStageTests.lambda$codegen$9(CompilerStageTests.java:290)
Caused by: java.lang.Error: Assembling and linking failed

crux.CompilerStageTests.codegen  Time elapsed: 0.05 s  <<< ERROR!
java.util.concurrent.ExecutionException: java.lang.Error: Assembling and linking failed
	at crux.CompilerStageTests.lambda$codegen$9(CompilerStageTests.java:290)
Caused by: java.lang.Error: Assembling and linking failed

