-------------------------------------------------------------------------------
Test set: crux.CompilerStageTests
-------------------------------------------------------------------------------
Tests run: 50, Failures: 0, Errors: 50, Skipped: 0, Time elapsed: 1.836 s <<< FAILURE! - in crux.CompilerStageTests
crux.CompilerStageTests.codegen  Time elapsed: 0.145 s  <<< ERROR!
java.util.concurrent.ExecutionException: java.io.IOException: Cannot run program "gcc": CreateProcess error=2, The system cannot find the file specified
	at crux.CompilerStageTests.lambda$codegen$9(CompilerStageTests.java:290)
Caused by: java.io.IOException: Cannot run program "gcc": CreateProcess error=2, The system cannot find the file specified
Caused by: java.io.IOException: CreateProcess error=2, The system cannot find the file specified

crux.CompilerStageTests.codegen  Time elapsed: 0.088 s  <<< ERROR!
java.util.concurrent.ExecutionException: java.io.IOException: Cannot run program "gcc": CreateProcess error=2, The system cannot find the file specified
	at crux.CompilerStageTests.lambda$codegen$9(CompilerStageTests.java:290)
Caused by: java.io.IOException: Cannot run program "gcc": CreateProcess error=2, The system cannot find the file specified
Caused by: java.io.IOException: CreateProcess error=2, The system cannot find the file specified

crux.CompilerStageTests.codegen  Time elapsed: 0.023 s  <<< ERROR!
java.util.concurrent.ExecutionException: java.io.IOException: Cannot run program "gcc": CreateProcess error=2, The system cannot find the file specified
	at crux.CompilerStageTests.lambda$codegen$9(CompilerStageTests.java:290)
Caused by: java.io.IOException: Cannot run program "gcc": CreateProcess error=2, The system cannot find the file specified
Caused by: java.io.IOException: CreateProcess error=2, The system cannot find the file specified

crux.CompilerStageTests.codegen  Time elapsed: 0.039 s  <<< ERROR!
java.util.concurrent.ExecutionException: java.io.IOException: Cannot run program "gcc": CreateProcess error=2, The system cannot find the file specified
	at crux.CompilerStageTests.lambda$codegen$9(CompilerStageTests.java:290)
Caused by: java.io.IOException: Cannot run program "gcc": CreateProcess error=2, The system cannot find the file specified
Caused by: java.io.IOException: CreateProcess error=2, The system cannot find the file specified

crux.CompilerStageTests.codegen  Time elapsed: 0.036 s  <<< ERROR!
java.util.concurrent.ExecutionException: java.io.IOException: Cannot run program "gcc": CreateProcess error=2, The system cannot find the file specified
	at crux.CompilerStageTests.lambda$codegen$9(CompilerStageTests.java:290)
Caused by: java.io.IOException: Cannot run program "gcc": CreateProcess error=2, The system cannot find the file specified
Caused by: java.io.IOException: CreateProcess error=2, The system cannot find the file specified

crux.CompilerStageTests.codegen  Time elapsed: 0.075 s  <<< ERROR!
java.util.concurrent.ExecutionException: java.io.IOException: Cannot run program "gcc": CreateProcess error=2, The system cannot find the file specified
	at crux.CompilerStageTests.lambda$codegen$9(CompilerStageTests.java:290)
Caused by: java.io.IOException: Cannot run program "gcc": CreateProcess error=2, The system cannot find the file specified
Caused by: java.io.IOException: CreateProcess error=2, The system cannot find the file specified

crux.CompilerStageTests.codegen  Time elapsed: 0.021 s  <<< ERROR!
java.util.concurrent.ExecutionException: java.io.IOException: Cannot run program "gcc": CreateProcess error=2, The system cannot find the file specified
	at crux.CompilerStageTests.lambda$codegen$9(CompilerStageTests.java:290)
Caused by: java.io.IOException: Cannot run program "gcc": CreateProcess error=2, The system cannot find the file specified
Caused by: java.io.IOException: CreateProcess error=2, The system cannot find the file specified

crux.CompilerStageTests.codegen  Time elapsed: 0.02 s  <<< ERROR!
java.util.concurrent.ExecutionException: java.io.IOException: Cannot run program "gcc": CreateProcess error=2, The system cannot find the file specified
	at crux.CompilerStageTests.lambda$codegen$9(CompilerStageTests.java:290)
Caused by: java.io.IOException: Cannot run program "gcc": CreateProcess error=2, The system cannot find the file specified
Caused by: java.io.IOException: CreateProcess error=2, The system cannot find the file specified

crux.CompilerStageTests.codegen  Time elapsed: 0.031 s  <<< ERROR!
java.util.concurrent.ExecutionException: java.io.IOException: Cannot run program "gcc": CreateProcess error=2, The system cannot find the file specified
	at crux.CompilerStageTests.lambda$codegen$9(CompilerStageTests.java:290)
Caused by: java.io.IOException: Cannot run program "gcc": CreateProcess error=2, The system cannot find the file specified
Caused by: java.io.IOException: CreateProcess error=2, The system cannot find the file specified

crux.CompilerStageTests.codegen  Time elapsed: 0.036 s  <<< ERROR!
java.util.concurrent.ExecutionException: java.io.IOException: Cannot run program "gcc": CreateProcess error=2, The system cannot find the file specified
	at crux.CompilerStageTests.lambda$codegen$9(CompilerStageTests.java:290)
Caused by: java.io.IOException: Cannot run program "gcc": CreateProcess error=2, The system cannot find the file specified
Caused by: java.io.IOException: CreateProcess error=2, The system cannot find the file specified

crux.CompilerStageTests.codegen  Time elapsed: 0.023 s  <<< ERROR!
java.util.concurrent.ExecutionException: java.io.IOException: Cannot run program "gcc": CreateProcess error=2, The system cannot find the file specified
	at crux.CompilerStageTests.lambda$codegen$9(CompilerStageTests.java:290)
Caused by: java.io.IOException: Cannot run program "gcc": CreateProcess error=2, The system cannot find the file specified
Caused by: java.io.IOException: CreateProcess error=2, The system cannot find the file specified

crux.CompilerStageTests.codegen  Time elapsed: 0.046 s  <<< ERROR!
java.util.concurrent.ExecutionException: java.io.IOException: Cannot run program "gcc": CreateProcess error=2, The system cannot find the file specified
	at crux.CompilerStageTests.lambda$codegen$9(CompilerStageTests.java:290)
Caused by: java.io.IOException: Cannot run program "gcc": CreateProcess error=2, The system cannot find the file specified
Caused by: java.io.IOException: CreateProcess error=2, The system cannot find the file specified

crux.CompilerStageTests.codegen  Time elapsed: 0.038 s  <<< ERROR!
java.util.concurrent.ExecutionException: java.io.IOException: Cannot run program "gcc": CreateProcess error=2, The system cannot find the file specified
	at crux.CompilerStageTests.lambda$codegen$9(CompilerStageTests.java:290)
Caused by: java.io.IOException: Cannot run program "gcc": CreateProcess error=2, The system cannot find the file specified
Caused by: java.io.IOException: CreateProcess error=2, The system cannot find the file specified

crux.CompilerStageTests.codegen  Time elapsed: 0.027 s  <<< ERROR!
java.util.concurrent.ExecutionException: java.io.IOException: Cannot run program "gcc": CreateProcess error=2, The system cannot find the file specified
	at crux.CompilerStageTests.lambda$codegen$9(CompilerStageTests.java:290)
Caused by: java.io.IOException: Cannot run program "gcc": CreateProcess error=2, The system cannot find the file specified
Caused by: java.io.IOException: CreateProcess error=2, The system cannot find the file specified

crux.CompilerStageTests.codegen  Time elapsed: 0.024 s  <<< ERROR!
java.util.concurrent.ExecutionException: java.io.IOException: Cannot run program "gcc": CreateProcess error=2, The system cannot find the file specified
	at crux.CompilerStageTests.lambda$codegen$9(CompilerStageTests.java:290)
Caused by: java.io.IOException: Cannot run program "gcc": CreateProcess error=2, The system cannot find the file specified
Caused by: java.io.IOException: CreateProcess error=2, The system cannot find the file specified

crux.CompilerStageTests.codegen  Time elapsed: 0.03 s  <<< ERROR!
java.util.concurrent.ExecutionException: java.io.IOException: Cannot run program "gcc": CreateProcess error=2, The system cannot find the file specified
	at crux.CompilerStageTests.lambda$codegen$9(CompilerStageTests.java:290)
Caused by: java.io.IOException: Cannot run program "gcc": CreateProcess error=2, The system cannot find the file specified
Caused by: java.io.IOException: CreateProcess error=2, The system cannot find the file specified

crux.CompilerStageTests.codegen  Time elapsed: 0.035 s  <<< ERROR!
java.util.concurrent.ExecutionException: java.io.IOException: Cannot run program "gcc": CreateProcess error=2, The system cannot find the file specified
	at crux.CompilerStageTests.lambda$codegen$9(CompilerStageTests.java:290)
Caused by: java.io.IOException: Cannot run program "gcc": CreateProcess error=2, The system cannot find the file specified
Caused by: java.io.IOException: CreateProcess error=2, The system cannot find the file specified

crux.CompilerStageTests.codegen  Time elapsed: 0.027 s  <<< ERROR!
java.util.concurrent.ExecutionException: java.io.IOException: Cannot run program "gcc": CreateProcess error=2, The system cannot find the file specified
	at crux.CompilerStageTests.lambda$codegen$9(CompilerStageTests.java:290)
Caused by: java.io.IOException: Cannot run program "gcc": CreateProcess error=2, The system cannot find the file specified
Caused by: java.io.IOException: CreateProcess error=2, The system cannot find the file specified

crux.CompilerStageTests.codegen  Time elapsed: 0.027 s  <<< ERROR!
java.util.concurrent.ExecutionException: java.io.IOException: Cannot run program "gcc": CreateProcess error=2, The system cannot find the file specified
	at crux.CompilerStageTests.lambda$codegen$9(CompilerStageTests.java:290)
Caused by: java.io.IOException: Cannot run program "gcc": CreateProcess error=2, The system cannot find the file specified
Caused by: java.io.IOException: CreateProcess error=2, The system cannot find the file specified

crux.CompilerStageTests.codegen  Time elapsed: 0.024 s  <<< ERROR!
java.util.concurrent.ExecutionException: java.io.IOException: Cannot run program "gcc": CreateProcess error=2, The system cannot find the file specified
	at crux.CompilerStageTests.lambda$codegen$9(CompilerStageTests.java:290)
Caused by: java.io.IOException: Cannot run program "gcc": CreateProcess error=2, The system cannot find the file specified
Caused by: java.io.IOException: CreateProcess error=2, The system cannot find the file specified

crux.CompilerStageTests.codegen  Time elapsed: 0.023 s  <<< ERROR!
java.util.concurrent.ExecutionException: java.io.IOException: Cannot run program "gcc": CreateProcess error=2, The system cannot find the file specified
	at crux.CompilerStageTests.lambda$codegen$9(CompilerStageTests.java:290)
Caused by: java.io.IOException: Cannot run program "gcc": CreateProcess error=2, The system cannot find the file specified
Caused by: java.io.IOException: CreateProcess error=2, The system cannot find the file specified

crux.CompilerStageTests.codegen  Time elapsed: 0.024 s  <<< ERROR!
java.util.concurrent.ExecutionException: java.io.IOException: Cannot run program "gcc": CreateProcess error=2, The system cannot find the file specified
	at crux.CompilerStageTests.lambda$codegen$9(CompilerStageTests.java:290)
Caused by: java.io.IOException: Cannot run program "gcc": CreateProcess error=2, The system cannot find the file specified
Caused by: java.io.IOException: CreateProcess error=2, The system cannot find the file specified

crux.CompilerStageTests.codegen  Time elapsed: 0.02 s  <<< ERROR!
java.util.concurrent.ExecutionException: java.io.IOException: Cannot run program "gcc": CreateProcess error=2, The system cannot find the file specified
	at crux.CompilerStageTests.lambda$codegen$9(CompilerStageTests.java:290)
Caused by: java.io.IOException: Cannot run program "gcc": CreateProcess error=2, The system cannot find the file specified
Caused by: java.io.IOException: CreateProcess error=2, The system cannot find the file specified

crux.CompilerStageTests.codegen  Time elapsed: 0.024 s  <<< ERROR!
java.util.concurrent.ExecutionException: java.io.IOException: Cannot run program "gcc": CreateProcess error=2, The system cannot find the file specified
	at crux.CompilerStageTests.lambda$codegen$9(CompilerStageTests.java:290)
Caused by: java.io.IOException: Cannot run program "gcc": CreateProcess error=2, The system cannot find the file specified
Caused by: java.io.IOException: CreateProcess error=2, The system cannot find the file specified

crux.CompilerStageTests.codegen  Time elapsed: 0.019 s  <<< ERROR!
java.util.concurrent.ExecutionException: java.io.IOException: Cannot run program "gcc": CreateProcess error=2, The system cannot find the file specified
	at crux.CompilerStageTests.lambda$codegen$9(CompilerStageTests.java:290)
Caused by: java.io.IOException: Cannot run program "gcc": CreateProcess error=2, The system cannot find the file specified
Caused by: java.io.IOException: CreateProcess error=2, The system cannot find the file specified

crux.CompilerStageTests.codegen  Time elapsed: 0.026 s  <<< ERROR!
java.util.concurrent.ExecutionException: java.io.IOException: Cannot run program "gcc": CreateProcess error=2, The system cannot find the file specified
	at crux.CompilerStageTests.lambda$codegen$9(CompilerStageTests.java:290)
Caused by: java.io.IOException: Cannot run program "gcc": CreateProcess error=2, The system cannot find the file specified
Caused by: java.io.IOException: CreateProcess error=2, The system cannot find the file specified

crux.CompilerStageTests.codegen  Time elapsed: 0.024 s  <<< ERROR!
java.util.concurrent.ExecutionException: java.io.IOException: Cannot run program "gcc": CreateProcess error=2, The system cannot find the file specified
	at crux.CompilerStageTests.lambda$codegen$9(CompilerStageTests.java:290)
Caused by: java.io.IOException: Cannot run program "gcc": CreateProcess error=2, The system cannot find the file specified
Caused by: java.io.IOException: CreateProcess error=2, The system cannot find the file specified

crux.CompilerStageTests.codegen  Time elapsed: 0.023 s  <<< ERROR!
java.util.concurrent.ExecutionException: java.io.IOException: Cannot run program "gcc": CreateProcess error=2, The system cannot find the file specified
	at crux.CompilerStageTests.lambda$codegen$9(CompilerStageTests.java:290)
Caused by: java.io.IOException: Cannot run program "gcc": CreateProcess error=2, The system cannot find the file specified
Caused by: java.io.IOException: CreateProcess error=2, The system cannot find the file specified

crux.CompilerStageTests.codegen  Time elapsed: 0.024 s  <<< ERROR!
java.util.concurrent.ExecutionException: java.io.IOException: Cannot run program "gcc": CreateProcess error=2, The system cannot find the file specified
	at crux.CompilerStageTests.lambda$codegen$9(CompilerStageTests.java:290)
Caused by: java.io.IOException: Cannot run program "gcc": CreateProcess error=2, The system cannot find the file specified
Caused by: java.io.IOException: CreateProcess error=2, The system cannot find the file specified

crux.CompilerStageTests.codegen  Time elapsed: 0.066 s  <<< ERROR!
java.util.concurrent.ExecutionException: java.io.IOException: Cannot run program "gcc": CreateProcess error=2, The system cannot find the file specified
	at crux.CompilerStageTests.lambda$codegen$9(CompilerStageTests.java:290)
Caused by: java.io.IOException: Cannot run program "gcc": CreateProcess error=2, The system cannot find the file specified
Caused by: java.io.IOException: CreateProcess error=2, The system cannot find the file specified

crux.CompilerStageTests.codegen  Time elapsed: 0.029 s  <<< ERROR!
java.util.concurrent.ExecutionException: java.io.IOException: Cannot run program "gcc": CreateProcess error=2, The system cannot find the file specified
	at crux.CompilerStageTests.lambda$codegen$9(CompilerStageTests.java:290)
Caused by: java.io.IOException: Cannot run program "gcc": CreateProcess error=2, The system cannot find the file specified
Caused by: java.io.IOException: CreateProcess error=2, The system cannot find the file specified

crux.CompilerStageTests.codegen  Time elapsed: 0.009 s  <<< ERROR!
java.util.concurrent.ExecutionException: java.lang.ClassCastException: class crux.ir.LocalVar cannot be cast to class crux.ir.BooleanConstant (crux.ir.LocalVar and crux.ir.BooleanConstant are in unnamed module of loader 'app')
	at crux.CompilerStageTests.lambda$codegen$9(CompilerStageTests.java:290)
Caused by: java.lang.ClassCastException: class crux.ir.LocalVar cannot be cast to class crux.ir.BooleanConstant (crux.ir.LocalVar and crux.ir.BooleanConstant are in unnamed module of loader 'app')

crux.CompilerStageTests.codegen  Time elapsed: 0.009 s  <<< ERROR!
java.util.concurrent.ExecutionException: java.lang.ClassCastException: class crux.ir.LocalVar cannot be cast to class crux.ir.BooleanConstant (crux.ir.LocalVar and crux.ir.BooleanConstant are in unnamed module of loader 'app')
	at crux.CompilerStageTests.lambda$codegen$9(CompilerStageTests.java:290)
Caused by: java.lang.ClassCastException: class crux.ir.LocalVar cannot be cast to class crux.ir.BooleanConstant (crux.ir.LocalVar and crux.ir.BooleanConstant are in unnamed module of loader 'app')

crux.CompilerStageTests.codegen  Time elapsed: 0.029 s  <<< ERROR!
java.util.concurrent.ExecutionException: java.io.IOException: Cannot run program "gcc": CreateProcess error=2, The system cannot find the file specified
	at crux.CompilerStageTests.lambda$codegen$9(CompilerStageTests.java:290)
Caused by: java.io.IOException: Cannot run program "gcc": CreateProcess error=2, The system cannot find the file specified
Caused by: java.io.IOException: CreateProcess error=2, The system cannot find the file specified

crux.CompilerStageTests.codegen  Time elapsed: 0.023 s  <<< ERROR!
java.util.concurrent.ExecutionException: java.io.IOException: Cannot run program "gcc": CreateProcess error=2, The system cannot find the file specified
	at crux.CompilerStageTests.lambda$codegen$9(CompilerStageTests.java:290)
Caused by: java.io.IOException: Cannot run program "gcc": CreateProcess error=2, The system cannot find the file specified
Caused by: java.io.IOException: CreateProcess error=2, The system cannot find the file specified

crux.CompilerStageTests.codegen  Time elapsed: 0.025 s  <<< ERROR!
java.util.concurrent.ExecutionException: java.io.IOException: Cannot run program "gcc": CreateProcess error=2, The system cannot find the file specified
	at crux.CompilerStageTests.lambda$codegen$9(CompilerStageTests.java:290)
Caused by: java.io.IOException: Cannot run program "gcc": CreateProcess error=2, The system cannot find the file specified
Caused by: java.io.IOException: CreateProcess error=2, The system cannot find the file specified

crux.CompilerStageTests.codegen  Time elapsed: 0.03 s  <<< ERROR!
java.util.concurrent.ExecutionException: java.io.IOException: Cannot run program "gcc": CreateProcess error=2, The system cannot find the file specified
	at crux.CompilerStageTests.lambda$codegen$9(CompilerStageTests.java:290)
Caused by: java.io.IOException: Cannot run program "gcc": CreateProcess error=2, The system cannot find the file specified
Caused by: java.io.IOException: CreateProcess error=2, The system cannot find the file specified

crux.CompilerStageTests.codegen  Time elapsed: 0.053 s  <<< ERROR!
java.util.concurrent.ExecutionException: java.lang.StackOverflowError
	at crux.CompilerStageTests.lambda$codegen$9(CompilerStageTests.java:290)
Caused by: java.lang.StackOverflowError

crux.CompilerStageTests.codegen  Time elapsed: 0.029 s  <<< ERROR!
java.util.concurrent.ExecutionException: java.io.IOException: Cannot run program "gcc": CreateProcess error=2, The system cannot find the file specified
	at crux.CompilerStageTests.lambda$codegen$9(CompilerStageTests.java:290)
Caused by: java.io.IOException: Cannot run program "gcc": CreateProcess error=2, The system cannot find the file specified
Caused by: java.io.IOException: CreateProcess error=2, The system cannot find the file specified

crux.CompilerStageTests.codegen  Time elapsed: 0.026 s  <<< ERROR!
java.util.concurrent.ExecutionException: java.io.IOException: Cannot run program "gcc": CreateProcess error=2, The system cannot find the file specified
	at crux.CompilerStageTests.lambda$codegen$9(CompilerStageTests.java:290)
Caused by: java.io.IOException: Cannot run program "gcc": CreateProcess error=2, The system cannot find the file specified
Caused by: java.io.IOException: CreateProcess error=2, The system cannot find the file specified

crux.CompilerStageTests.codegen  Time elapsed: 0.012 s  <<< ERROR!
java.util.concurrent.ExecutionException: java.lang.ClassCastException: class crux.ir.LocalVar cannot be cast to class crux.ir.BooleanConstant (crux.ir.LocalVar and crux.ir.BooleanConstant are in unnamed module of loader 'app')
	at crux.CompilerStageTests.lambda$codegen$9(CompilerStageTests.java:290)
Caused by: java.lang.ClassCastException: class crux.ir.LocalVar cannot be cast to class crux.ir.BooleanConstant (crux.ir.LocalVar and crux.ir.BooleanConstant are in unnamed module of loader 'app')

crux.CompilerStageTests.codegen  Time elapsed: 0.026 s  <<< ERROR!
java.util.concurrent.ExecutionException: java.io.IOException: Cannot run program "gcc": CreateProcess error=2, The system cannot find the file specified
	at crux.CompilerStageTests.lambda$codegen$9(CompilerStageTests.java:290)
Caused by: java.io.IOException: Cannot run program "gcc": CreateProcess error=2, The system cannot find the file specified
Caused by: java.io.IOException: CreateProcess error=2, The system cannot find the file specified

crux.CompilerStageTests.codegen  Time elapsed: 0.043 s  <<< ERROR!
java.util.concurrent.ExecutionException: java.io.IOException: Cannot run program "gcc": CreateProcess error=2, The system cannot find the file specified
	at crux.CompilerStageTests.lambda$codegen$9(CompilerStageTests.java:290)
Caused by: java.io.IOException: Cannot run program "gcc": CreateProcess error=2, The system cannot find the file specified
Caused by: java.io.IOException: CreateProcess error=2, The system cannot find the file specified

crux.CompilerStageTests.codegen  Time elapsed: 0.037 s  <<< ERROR!
java.util.concurrent.ExecutionException: java.io.IOException: Cannot run program "gcc": CreateProcess error=2, The system cannot find the file specified
	at crux.CompilerStageTests.lambda$codegen$9(CompilerStageTests.java:290)
Caused by: java.io.IOException: Cannot run program "gcc": CreateProcess error=2, The system cannot find the file specified
Caused by: java.io.IOException: CreateProcess error=2, The system cannot find the file specified

crux.CompilerStageTests.codegen  Time elapsed: 0.053 s  <<< ERROR!
java.util.concurrent.ExecutionException: java.io.IOException: Cannot run program "gcc": CreateProcess error=2, The system cannot find the file specified
	at crux.CompilerStageTests.lambda$codegen$9(CompilerStageTests.java:290)
Caused by: java.io.IOException: Cannot run program "gcc": CreateProcess error=2, The system cannot find the file specified
Caused by: java.io.IOException: CreateProcess error=2, The system cannot find the file specified

crux.CompilerStageTests.codegen  Time elapsed: 0.028 s  <<< ERROR!
java.util.concurrent.ExecutionException: java.io.IOException: Cannot run program "gcc": CreateProcess error=2, The system cannot find the file specified
	at crux.CompilerStageTests.lambda$codegen$9(CompilerStageTests.java:290)
Caused by: java.io.IOException: Cannot run program "gcc": CreateProcess error=2, The system cannot find the file specified
Caused by: java.io.IOException: CreateProcess error=2, The system cannot find the file specified

crux.CompilerStageTests.codegen  Time elapsed: 0.008 s  <<< ERROR!
java.util.concurrent.ExecutionException: java.lang.ClassCastException: class crux.ir.LocalVar cannot be cast to class crux.ir.BooleanConstant (crux.ir.LocalVar and crux.ir.BooleanConstant are in unnamed module of loader 'app')
	at crux.CompilerStageTests.lambda$codegen$9(CompilerStageTests.java:290)
Caused by: java.lang.ClassCastException: class crux.ir.LocalVar cannot be cast to class crux.ir.BooleanConstant (crux.ir.LocalVar and crux.ir.BooleanConstant are in unnamed module of loader 'app')

crux.CompilerStageTests.codegen  Time elapsed: 0.031 s  <<< ERROR!
java.util.concurrent.ExecutionException: java.io.IOException: Cannot run program "gcc": CreateProcess error=2, The system cannot find the file specified
	at crux.CompilerStageTests.lambda$codegen$9(CompilerStageTests.java:290)
Caused by: java.io.IOException: Cannot run program "gcc": CreateProcess error=2, The system cannot find the file specified
Caused by: java.io.IOException: CreateProcess error=2, The system cannot find the file specified

crux.CompilerStageTests.codegen  Time elapsed: 0.008 s  <<< ERROR!
java.util.concurrent.ExecutionException: java.lang.ClassCastException: class crux.ir.LocalVar cannot be cast to class crux.ir.BooleanConstant (crux.ir.LocalVar and crux.ir.BooleanConstant are in unnamed module of loader 'app')
	at crux.CompilerStageTests.lambda$codegen$9(CompilerStageTests.java:290)
Caused by: java.lang.ClassCastException: class crux.ir.LocalVar cannot be cast to class crux.ir.BooleanConstant (crux.ir.LocalVar and crux.ir.BooleanConstant are in unnamed module of loader 'app')

crux.CompilerStageTests.codegen  Time elapsed: 0.026 s  <<< ERROR!
java.util.concurrent.ExecutionException: java.lang.ClassCastException: class crux.ir.LocalVar cannot be cast to class crux.ir.BooleanConstant (crux.ir.LocalVar and crux.ir.BooleanConstant are in unnamed module of loader 'app')
	at crux.CompilerStageTests.lambda$codegen$9(CompilerStageTests.java:290)
Caused by: java.lang.ClassCastException: class crux.ir.LocalVar cannot be cast to class crux.ir.BooleanConstant (crux.ir.LocalVar and crux.ir.BooleanConstant are in unnamed module of loader 'app')

