-------------------------------------------------------------------------------
Test set: crux.CompilerStageTests
-------------------------------------------------------------------------------
Tests run: 50, Failures: 8, Errors: 26, Skipped: 0, Time elapsed: 0.246 s <<< FAILURE! - in crux.CompilerStageTests
crux.CompilerStageTests.typeCheck  Time elapsed: 0.004 s  <<< FAILURE!
org.opentest4j.AssertionFailedError: 
Type check for program crux/stages/type-check/test05.crx differs from expected output. ==> expected: <Crux Program has no type errors.

int global;
array[5,bool] a;
main() {
}> but was: <Error type-checking file.
TypeError(5)[Array size must be an integer or bool type class crux.ast.types.ArrayType]>
	at crux.CompilerStageTests.lambda$6(CompilerStageTests.java:179)

crux.CompilerStageTests.typeCheck  Time elapsed: 0.001 s  <<< ERROR!
java.util.concurrent.ExecutionException: java.lang.ClassCastException: class crux.ast.types.TypeList cannot be cast to class crux.ast.types.FuncType (crux.ast.types.TypeList and crux.ast.types.FuncType are in unnamed module of loader 'app')
	at crux.CompilerStageTests.lambda$6(CompilerStageTests.java:172)
Caused by: java.lang.ClassCastException: class crux.ast.types.TypeList cannot be cast to class crux.ast.types.FuncType (crux.ast.types.TypeList and crux.ast.types.FuncType are in unnamed module of loader 'app')

crux.CompilerStageTests.typeCheck  Time elapsed: 0.002 s  <<< ERROR!
java.util.concurrent.ExecutionException: java.lang.ClassCastException: class crux.ast.types.TypeList cannot be cast to class crux.ast.types.FuncType (crux.ast.types.TypeList and crux.ast.types.FuncType are in unnamed module of loader 'app')
	at crux.CompilerStageTests.lambda$6(CompilerStageTests.java:172)
Caused by: java.lang.ClassCastException: class crux.ast.types.TypeList cannot be cast to class crux.ast.types.FuncType (crux.ast.types.TypeList and crux.ast.types.FuncType are in unnamed module of loader 'app')

crux.CompilerStageTests.typeCheck  Time elapsed: 0.003 s  <<< FAILURE!
org.opentest4j.AssertionFailedError: 
Type check for program crux/stages/type-check/test10.crx differs from expected output. ==> expected: <Crux Program has no type errors.

array[3,int] x;
main() {
  /*int*/ (/*array[3,int]*/ x)[/*int*/ 1] = /*int*/ 42;
  printInt(/*int*/ (/*array[3,int]*/ x)[/*int*/ 1]);
}> but was: <Error type-checking file.
TypeError(2)[Array size must be an integer or bool type class crux.ast.types.ArrayType]
TypeError(5)[cannot index array[3,array[3,int]] with int]
TypeError(5)[cannot index array[3,array[3,int]] with int]
TypeError(6)[cannot index array[3,array[3,int]] with int]
TypeError(6)[Types do not match]>
	at crux.CompilerStageTests.lambda$6(CompilerStageTests.java:179)

crux.CompilerStageTests.typeCheck  Time elapsed: 0.002 s  <<< ERROR!
java.util.concurrent.ExecutionException: java.lang.ClassCastException: class crux.ast.types.TypeList cannot be cast to class crux.ast.types.FuncType (crux.ast.types.TypeList and crux.ast.types.FuncType are in unnamed module of loader 'app')
	at crux.CompilerStageTests.lambda$6(CompilerStageTests.java:172)
Caused by: java.lang.ClassCastException: class crux.ast.types.TypeList cannot be cast to class crux.ast.types.FuncType (crux.ast.types.TypeList and crux.ast.types.FuncType are in unnamed module of loader 'app')

crux.CompilerStageTests.typeCheck  Time elapsed: 0.003 s  <<< ERROR!
java.util.concurrent.ExecutionException: java.lang.NullPointerException: Cannot invoke "Object.getClass()" because "conditionType" is null
	at crux.CompilerStageTests.lambda$6(CompilerStageTests.java:172)
Caused by: java.lang.NullPointerException: Cannot invoke "Object.getClass()" because "conditionType" is null

crux.CompilerStageTests.typeCheck  Time elapsed: 0.001 s  <<< ERROR!
java.util.concurrent.ExecutionException: java.lang.NullPointerException: Cannot invoke "Object.getClass()" because "conditionType" is null
	at crux.CompilerStageTests.lambda$6(CompilerStageTests.java:172)
Caused by: java.lang.NullPointerException: Cannot invoke "Object.getClass()" because "conditionType" is null

crux.CompilerStageTests.typeCheck  Time elapsed: 0.001 s  <<< ERROR!
java.util.concurrent.ExecutionException: java.lang.ClassCastException: class crux.ast.types.TypeList cannot be cast to class crux.ast.types.FuncType (crux.ast.types.TypeList and crux.ast.types.FuncType are in unnamed module of loader 'app')
	at crux.CompilerStageTests.lambda$6(CompilerStageTests.java:172)
Caused by: java.lang.ClassCastException: class crux.ast.types.TypeList cannot be cast to class crux.ast.types.FuncType (crux.ast.types.TypeList and crux.ast.types.FuncType are in unnamed module of loader 'app')

crux.CompilerStageTests.typeCheck  Time elapsed: 0.001 s  <<< FAILURE!
org.opentest4j.AssertionFailedError: 
Type check for program crux/stages/type-check/test22.crx differs from expected output. ==> expected: <Crux Program has no type errors.

array[3,int] a;
array[10,int] b;
main() {
  /*int*/ (/*array[10,int]*/ b)[/*int*/ 5] = /*int*/ 2;
  /*int*/ (/*array[3,int]*/ a)[/*int*/ (/*int*/ 1 + /*int*/ 1)] = /*int*/ 100;
  printInt(/*int*/ (/*array[3,int]*/ a)[/*int*/ 2]);
}> but was: <Error type-checking file.
TypeError(3)[Array size must be an integer or bool type class crux.ast.types.ArrayType]
TypeError(4)[Array size must be an integer or bool type class crux.ast.types.ArrayType]
TypeError(8)[cannot index array[10,array[10,int]] with int]
TypeError(8)[cannot index array[10,array[10,int]] with int]
TypeError(9)[cannot index array[3,array[3,int]] with int]
TypeError(9)[cannot index array[3,array[3,int]] with int]
TypeError(11)[cannot index array[3,array[3,int]] with int]
TypeError(11)[Types do not match]>
	at crux.CompilerStageTests.lambda$6(CompilerStageTests.java:179)

crux.CompilerStageTests.typeCheck  Time elapsed: 0.001 s  <<< FAILURE!
org.opentest4j.AssertionFailedError: 
Type check for program crux/stages/type-check/test23.crx differs from expected output. ==> expected: <Crux Program has no type errors.

int a;
bool b;
array[1,int] c;
main() {
  /*int*/ a = /*int*/ 0;
  /*bool*/ b = /*bool*/ false;
  /*int*/ (/*array[1,int]*/ c)[/*int*/ 0] = /*int*/ 0;
}> but was: <Error type-checking file.
TypeError(5)[Array size must be an integer or bool type class crux.ast.types.ArrayType]
TypeError(10)[cannot index array[1,array[1,int]] with int]
TypeError(10)[cannot index array[1,array[1,int]] with int]>
	at crux.CompilerStageTests.lambda$6(CompilerStageTests.java:179)

crux.CompilerStageTests.typeCheck  Time elapsed: 0.001 s  <<< FAILURE!
org.opentest4j.AssertionFailedError: 
Type check for program crux/stages/type-check/test24.crx differs from expected output. ==> expected: <Crux Program has no type errors.

array[3,int] a;
array[10,int] b;
main() {
  /*int*/ (/*array[10,int]*/ b)[/*int*/ 5] = /*int*/ 2;
  /*int*/ (/*array[3,int]*/ a)[/*int*/ (/*array[10,int]*/ b)[/*int*/ 5]] = /*int*/ 100;
  printInt(/*int*/ (/*array[3,int]*/ a)[/*int*/ 2]);
}> but was: <Error type-checking file.
TypeError(3)[Array size must be an integer or bool type class crux.ast.types.ArrayType]
TypeError(4)[Array size must be an integer or bool type class crux.ast.types.ArrayType]
TypeError(8)[cannot index array[10,array[10,int]] with int]
TypeError(8)[cannot index array[10,array[10,int]] with int]
TypeError(9)[cannot index array[10,array[10,int]] with int]
TypeError(9)[cannot index array[3,array[3,int]] with ErrorType(cannot index array[10,array[10,int]] with int)]
TypeError(9)[cannot index array[3,array[3,int]] with ErrorType(cannot index array[10,array[10,int]] with int)]
TypeError(11)[cannot index array[3,array[3,int]] with int]
TypeError(11)[Types do not match]>
	at crux.CompilerStageTests.lambda$6(CompilerStageTests.java:179)

crux.CompilerStageTests.typeCheck  Time elapsed: 0.001 s  <<< ERROR!
java.util.concurrent.ExecutionException: java.lang.NullPointerException: Cannot invoke "Object.getClass()" because "conditionType" is null
	at crux.CompilerStageTests.lambda$6(CompilerStageTests.java:172)
Caused by: java.lang.NullPointerException: Cannot invoke "Object.getClass()" because "conditionType" is null

crux.CompilerStageTests.typeCheck  Time elapsed: 0.001 s  <<< ERROR!
java.util.concurrent.ExecutionException: java.lang.ClassCastException: class crux.ast.types.TypeList cannot be cast to class crux.ast.types.FuncType (crux.ast.types.TypeList and crux.ast.types.FuncType are in unnamed module of loader 'app')
	at crux.CompilerStageTests.lambda$6(CompilerStageTests.java:172)
Caused by: java.lang.ClassCastException: class crux.ast.types.TypeList cannot be cast to class crux.ast.types.FuncType (crux.ast.types.TypeList and crux.ast.types.FuncType are in unnamed module of loader 'app')

crux.CompilerStageTests.typeCheck  Time elapsed: 0.001 s  <<< ERROR!
java.util.concurrent.ExecutionException: java.lang.ClassCastException: class crux.ast.types.TypeList cannot be cast to class crux.ast.types.FuncType (crux.ast.types.TypeList and crux.ast.types.FuncType are in unnamed module of loader 'app')
	at crux.CompilerStageTests.lambda$6(CompilerStageTests.java:172)
Caused by: java.lang.ClassCastException: class crux.ast.types.TypeList cannot be cast to class crux.ast.types.FuncType (crux.ast.types.TypeList and crux.ast.types.FuncType are in unnamed module of loader 'app')

crux.CompilerStageTests.typeCheck  Time elapsed: 0.001 s  <<< ERROR!
java.util.concurrent.ExecutionException: java.lang.ClassCastException: class crux.ast.types.TypeList cannot be cast to class crux.ast.types.FuncType (crux.ast.types.TypeList and crux.ast.types.FuncType are in unnamed module of loader 'app')
	at crux.CompilerStageTests.lambda$6(CompilerStageTests.java:172)
Caused by: java.lang.ClassCastException: class crux.ast.types.TypeList cannot be cast to class crux.ast.types.FuncType (crux.ast.types.TypeList and crux.ast.types.FuncType are in unnamed module of loader 'app')

crux.CompilerStageTests.typeCheck  Time elapsed: 0.003 s  <<< FAILURE!
org.opentest4j.AssertionFailedError: 
Type check for program crux/stages/type-check/test30.crx differs from expected output. ==> expected: <Crux Program has no type errors.

int canary_begin;
array[3,int] x;
int canary_end;
main() {
  /*int*/ canary_begin = /*int*/ 0;
  /*int*/ canary_end = /*int*/ 0;
  /*int*/ (/*array[3,int]*/ x)[/*int*/ 0] = /*int*/ 222;
  /*int*/ (/*array[3,int]*/ x)[/*int*/ 1] = /*int*/ 333;
  /*int*/ (/*array[3,int]*/ x)[/*int*/ 2] = /*int*/ 444;
  printInt(/*int*/ canary_begin);
  printInt(/*int*/ (/*array[3,int]*/ x)[/*int*/ 0]);
  printInt(/*int*/ (/*array[3,int]*/ x)[/*int*/ 1]);
  printInt(/*int*/ (/*array[3,int]*/ x)[/*int*/ 2]);
  printInt(/*int*/ canary_end);
}> but was: <Error type-checking file.
TypeError(3)[Array size must be an integer or bool type class crux.ast.types.ArrayType]
TypeError(9)[cannot index array[3,array[3,int]] with int]
TypeError(9)[cannot index array[3,array[3,int]] with int]
TypeError(10)[cannot index array[3,array[3,int]] with int]
TypeError(10)[cannot index array[3,array[3,int]] with int]
TypeError(11)[cannot index array[3,array[3,int]] with int]
TypeError(11)[cannot index array[3,array[3,int]] with int]
TypeError(13)[cannot index array[3,array[3,int]] with int]
TypeError(13)[Types do not match]
TypeError(14)[cannot index array[3,array[3,int]] with int]
TypeError(14)[Types do not match]
TypeError(15)[cannot index array[3,array[3,int]] with int]
TypeError(15)[Types do not match]>
	at crux.CompilerStageTests.lambda$6(CompilerStageTests.java:179)

crux.CompilerStageTests.typeCheck  Time elapsed: 0.001 s  <<< ERROR!
java.util.concurrent.ExecutionException: java.lang.ClassCastException: class crux.ast.types.TypeList cannot be cast to class crux.ast.types.FuncType (crux.ast.types.TypeList and crux.ast.types.FuncType are in unnamed module of loader 'app')
	at crux.CompilerStageTests.lambda$6(CompilerStageTests.java:172)
Caused by: java.lang.ClassCastException: class crux.ast.types.TypeList cannot be cast to class crux.ast.types.FuncType (crux.ast.types.TypeList and crux.ast.types.FuncType are in unnamed module of loader 'app')

crux.CompilerStageTests.typeCheck  Time elapsed: 0.001 s  <<< ERROR!
java.util.concurrent.ExecutionException: java.lang.ClassCastException: class crux.ast.types.TypeList cannot be cast to class crux.ast.types.FuncType (crux.ast.types.TypeList and crux.ast.types.FuncType are in unnamed module of loader 'app')
	at crux.CompilerStageTests.lambda$6(CompilerStageTests.java:172)
Caused by: java.lang.ClassCastException: class crux.ast.types.TypeList cannot be cast to class crux.ast.types.FuncType (crux.ast.types.TypeList and crux.ast.types.FuncType are in unnamed module of loader 'app')

crux.CompilerStageTests.typeCheck  Time elapsed: 0.001 s  <<< ERROR!
java.util.concurrent.ExecutionException: java.lang.ClassCastException: class crux.ast.types.TypeList cannot be cast to class crux.ast.types.FuncType (crux.ast.types.TypeList and crux.ast.types.FuncType are in unnamed module of loader 'app')
	at crux.CompilerStageTests.lambda$6(CompilerStageTests.java:172)
Caused by: java.lang.ClassCastException: class crux.ast.types.TypeList cannot be cast to class crux.ast.types.FuncType (crux.ast.types.TypeList and crux.ast.types.FuncType are in unnamed module of loader 'app')

crux.CompilerStageTests.typeCheck  Time elapsed: 0.001 s  <<< ERROR!
java.util.concurrent.ExecutionException: java.lang.ClassCastException: class crux.ast.types.TypeList cannot be cast to class crux.ast.types.FuncType (crux.ast.types.TypeList and crux.ast.types.FuncType are in unnamed module of loader 'app')
	at crux.CompilerStageTests.lambda$6(CompilerStageTests.java:172)
Caused by: java.lang.ClassCastException: class crux.ast.types.TypeList cannot be cast to class crux.ast.types.FuncType (crux.ast.types.TypeList and crux.ast.types.FuncType are in unnamed module of loader 'app')

crux.CompilerStageTests.typeCheck  Time elapsed: 0.001 s  <<< ERROR!
java.util.concurrent.ExecutionException: java.lang.NullPointerException: Cannot invoke "Object.getClass()" because "conditionType" is null
	at crux.CompilerStageTests.lambda$6(CompilerStageTests.java:172)
Caused by: java.lang.NullPointerException: Cannot invoke "Object.getClass()" because "conditionType" is null

crux.CompilerStageTests.typeCheck  Time elapsed: 0.003 s  <<< FAILURE!
org.opentest4j.AssertionFailedError: 
Type check for program crux/stages/type-check/test37.crx differs from expected output. ==> expected: <Crux Program has no type errors.

array[4,int] x;
array[5,int] y;
main() {
  /*int*/ (/*array[4,int]*/ x)[/*int*/ 0] = /*int*/ 0;
  /*int*/ (/*array[4,int]*/ x)[/*int*/ 1] = /*int*/ 1;
  /*int*/ (/*array[4,int]*/ x)[/*int*/ 2] = /*int*/ 2;
  /*int*/ (/*array[4,int]*/ x)[/*int*/ 3] = /*int*/ 3;
  /*int*/ (/*array[5,int]*/ y)[/*int*/ 0] = /*int*/ 0;
  /*int*/ (/*array[5,int]*/ y)[/*int*/ 1] = /*int*/ 1;
  /*int*/ (/*array[5,int]*/ y)[/*int*/ 2] = /*int*/ 2;
  /*int*/ (/*array[5,int]*/ y)[/*int*/ 3] = /*int*/ 3;
  /*int*/ (/*array[5,int]*/ y)[/*int*/ 4] = /*int*/ 4;
  /*int*/ (/*array[4,int]*/ x)[/*int*/ (/*array[5,int]*/ y)[/*int*/ 2]] = /*int*/ (/*array[4,int]*/ x)[/*int*/ (/*array[5,int]*/ y)[/*int*/ 1]];
  printInt(/*int*/ (/*array[4,int]*/ x)[/*int*/ 2]);
}> but was: <Error type-checking file.
TypeError(3)[Array size must be an integer or bool type class crux.ast.types.ArrayType]
TypeError(4)[Array size must be an integer or bool type class crux.ast.types.ArrayType]
TypeError(7)[cannot index array[4,array[4,int]] with int]
TypeError(7)[cannot index array[4,array[4,int]] with int]
TypeError(8)[cannot index array[4,array[4,int]] with int]
TypeError(8)[cannot index array[4,array[4,int]] with int]
TypeError(9)[cannot index array[4,array[4,int]] with int]
TypeError(9)[cannot index array[4,array[4,int]] with int]
TypeError(10)[cannot index array[4,array[4,int]] with int]
TypeError(10)[cannot index array[4,array[4,int]] with int]
TypeError(11)[cannot index array[5,array[5,int]] with int]
TypeError(11)[cannot index array[5,array[5,int]] with int]
TypeError(12)[cannot index array[5,array[5,int]] with int]
TypeError(12)[cannot index array[5,array[5,int]] with int]
TypeError(13)[cannot index array[5,array[5,int]] with int]
TypeError(13)[cannot index array[5,array[5,int]] with int]
TypeError(14)[cannot index array[5,array[5,int]] with int]
TypeError(14)[cannot index array[5,array[5,int]] with int]
TypeError(15)[cannot index array[5,array[5,int]] with int]
TypeError(15)[cannot index array[5,array[5,int]] with int]
TypeError(16)[cannot index array[5,array[5,int]] with int]
TypeError(16)[cannot index array[4,array[4,int]] with ErrorType(cannot index array[5,array[5,int]] with int)]
TypeError(16)[cannot index array[5,array[5,int]] with int]
TypeError(16)[cannot index array[4,array[4,int]] with ErrorType(cannot index array[5,array[5,int]] with int)]
TypeError(16)[cannot index array[4,array[4,int]] with ErrorType(cannot index array[5,array[5,int]] with int)]
TypeError(17)[cannot index array[4,array[4,int]] with int]
TypeError(17)[Types do not match]>
	at crux.CompilerStageTests.lambda$6(CompilerStageTests.java:179)

crux.CompilerStageTests.typeCheck  Time elapsed: 0.002 s  <<< ERROR!
java.util.concurrent.ExecutionException: java.lang.NullPointerException: Cannot invoke "Object.getClass()" because "conditionType" is null
	at crux.CompilerStageTests.lambda$6(CompilerStageTests.java:172)
Caused by: java.lang.NullPointerException: Cannot invoke "Object.getClass()" because "conditionType" is null

crux.CompilerStageTests.typeCheck  Time elapsed: 0.002 s  <<< ERROR!
java.util.concurrent.ExecutionException: java.lang.NullPointerException: Cannot invoke "Object.getClass()" because "conditionType" is null
	at crux.CompilerStageTests.lambda$6(CompilerStageTests.java:172)
Caused by: java.lang.NullPointerException: Cannot invoke "Object.getClass()" because "conditionType" is null

crux.CompilerStageTests.typeCheck  Time elapsed: 0.001 s  <<< ERROR!
java.util.concurrent.ExecutionException: java.lang.ClassCastException: class crux.ast.types.TypeList cannot be cast to class crux.ast.types.FuncType (crux.ast.types.TypeList and crux.ast.types.FuncType are in unnamed module of loader 'app')
	at crux.CompilerStageTests.lambda$6(CompilerStageTests.java:172)
Caused by: java.lang.ClassCastException: class crux.ast.types.TypeList cannot be cast to class crux.ast.types.FuncType (crux.ast.types.TypeList and crux.ast.types.FuncType are in unnamed module of loader 'app')

crux.CompilerStageTests.typeCheck  Time elapsed: 0.001 s  <<< ERROR!
java.util.concurrent.ExecutionException: java.lang.ClassCastException: class crux.ast.types.TypeList cannot be cast to class crux.ast.types.FuncType (crux.ast.types.TypeList and crux.ast.types.FuncType are in unnamed module of loader 'app')
	at crux.CompilerStageTests.lambda$6(CompilerStageTests.java:172)
Caused by: java.lang.ClassCastException: class crux.ast.types.TypeList cannot be cast to class crux.ast.types.FuncType (crux.ast.types.TypeList and crux.ast.types.FuncType are in unnamed module of loader 'app')

crux.CompilerStageTests.typeCheck  Time elapsed: 0.001 s  <<< ERROR!
java.util.concurrent.ExecutionException: java.lang.NullPointerException: Cannot invoke "Object.getClass()" because "conditionType" is null
	at crux.CompilerStageTests.lambda$6(CompilerStageTests.java:172)
Caused by: java.lang.NullPointerException: Cannot invoke "Object.getClass()" because "conditionType" is null

crux.CompilerStageTests.typeCheck  Time elapsed: 0.001 s  <<< ERROR!
java.util.concurrent.ExecutionException: java.lang.NullPointerException: Cannot invoke "Object.getClass()" because "conditionType" is null
	at crux.CompilerStageTests.lambda$6(CompilerStageTests.java:172)
Caused by: java.lang.NullPointerException: Cannot invoke "Object.getClass()" because "conditionType" is null

crux.CompilerStageTests.typeCheck  Time elapsed: 0.001 s  <<< ERROR!
java.util.concurrent.ExecutionException: java.lang.ClassCastException: class crux.ast.types.TypeList cannot be cast to class crux.ast.types.FuncType (crux.ast.types.TypeList and crux.ast.types.FuncType are in unnamed module of loader 'app')
	at crux.CompilerStageTests.lambda$6(CompilerStageTests.java:172)
Caused by: java.lang.ClassCastException: class crux.ast.types.TypeList cannot be cast to class crux.ast.types.FuncType (crux.ast.types.TypeList and crux.ast.types.FuncType are in unnamed module of loader 'app')

crux.CompilerStageTests.typeCheck  Time elapsed: 0.002 s  <<< ERROR!
java.util.concurrent.ExecutionException: java.lang.NullPointerException: Cannot invoke "Object.getClass()" because "conditionType" is null
	at crux.CompilerStageTests.lambda$6(CompilerStageTests.java:172)
Caused by: java.lang.NullPointerException: Cannot invoke "Object.getClass()" because "conditionType" is null

crux.CompilerStageTests.typeCheck  Time elapsed: 0.002 s  <<< FAILURE!
org.opentest4j.AssertionFailedError: 
Type check for program crux/stages/type-check/test47.crx differs from expected output. ==> expected: <Crux Program has no type errors.

int a;
main() {
  /*int*/ a = /*int*/ 1;
  if (/*bool*/ true) {
    int a;
    /*int*/ a = /*int*/ 2;
    if (/*bool*/ true) {
      /*int*/ a = /*int*/ (/*int*/ a * /*int*/ 10);
      int a;
      /*int*/ a = /*int*/ 3;
      if (/*bool*/ true) {
        bool a;
        /*bool*/ a = /*bool*/ true;
        printBool(/*bool*/ a);
        println();
      } else {
      }
      printInt(/*int*/ a);
      println();
    } else {
    }
    printInt(/*int*/ a);
    println();
  } else {
  }
  printInt(/*int*/ a);
  println();
}> but was: <Error type-checking file.
TypeError(17)[Types do not match]>
	at crux.CompilerStageTests.lambda$6(CompilerStageTests.java:179)

crux.CompilerStageTests.typeCheck  Time elapsed: 0.001 s  <<< ERROR!
java.util.concurrent.ExecutionException: java.lang.NullPointerException: Cannot invoke "Object.getClass()" because "conditionType" is null
	at crux.CompilerStageTests.lambda$6(CompilerStageTests.java:172)
Caused by: java.lang.NullPointerException: Cannot invoke "Object.getClass()" because "conditionType" is null

crux.CompilerStageTests.typeCheck  Time elapsed: 0.001 s  <<< ERROR!
java.util.concurrent.ExecutionException: java.lang.NullPointerException: Cannot invoke "Object.getClass()" because "conditionType" is null
	at crux.CompilerStageTests.lambda$6(CompilerStageTests.java:172)
Caused by: java.lang.NullPointerException: Cannot invoke "Object.getClass()" because "conditionType" is null

crux.CompilerStageTests.typeCheck  Time elapsed: 0.002 s  <<< ERROR!
java.util.concurrent.ExecutionException: java.lang.NullPointerException: Cannot invoke "Object.getClass()" because "conditionType" is null
	at crux.CompilerStageTests.lambda$6(CompilerStageTests.java:172)
Caused by: java.lang.NullPointerException: Cannot invoke "Object.getClass()" because "conditionType" is null

