<?xml version="1.0" encoding="UTF-8"?>
<testsuite xmlns:xsi="http://www.w3.org/2001/XMLSchema-instance" xsi:noNamespaceSchemaLocation="https://maven.apache.org/surefire/maven-surefire-plugin/xsd/surefire-test-report-3.0.xsd" version="3.0" name="crux.CompilerStageTests" time="3.116" tests="50" errors="50" skipped="0" failures="0">
  <properties>
[...]
</properties>
  <testcase name="codegen" classname="crux.CompilerStageTests" time="0.536">
    <error type="java.util.concurrent.ExecutionException"><![CDATA[java.util.concurrent.ExecutionException: java.io.IOException: Cannot run program "gcc": CreateProcess error=2, The system cannot find the file specified
	at crux.CompilerStageTests.lambda$codegen$9(CompilerStageTests.java:290)
Caused by: java.io.IOException: Cannot run program "gcc": CreateProcess error=2, The system cannot find the file specified
Caused by: java.io.IOException: CreateProcess error=2, The system cannot find the file specified
]]></error>
  </testcase>
  <testcase name="codegen" classname="crux.CompilerStageTests" time="0.065">
    <error type="java.util.concurrent.ExecutionException"><![CDATA[java.util.concurrent.ExecutionException: java.io.IOException: Cannot run program "gcc": CreateProcess error=2, The system cannot find the file specified
	at crux.CompilerStageTests.lambda$codegen$9(CompilerStageTests.java:290)
Caused by: java.io.IOException: Cannot run program "gcc": CreateProcess error=2, The system cannot find the file specified
Caused by: java.io.IOException: CreateProcess error=2, The system cannot find the file specified
]]></error>
  </testcase>
  <testcase name="codegen" classname="crux.CompilerStageTests" time="0.038">
    <error type="java.util.concurrent.ExecutionException"><![CDATA[java.util.concurrent.ExecutionException: java.io.IOException: Cannot run program "gcc": CreateProcess error=2, The system cannot find the file specified
	at crux.CompilerStageTests.lambda$codegen$9(CompilerStageTests.java:290)
Caused by: java.io.IOException: Cannot run program "gcc": CreateProcess error=2, The system cannot find the file specified
Caused by: java.io.IOException: CreateProcess error=2, The system cannot find the file specified
]]></error>
  </testcase>
  <testcase name="codegen" classname="crux.CompilerStageTests" time="0.032">
    <error type="java.util.concurrent.ExecutionException"><![CDATA[java.util.concurrent.ExecutionException: java.io.IOException: Cannot run program "gcc": CreateProcess error=2, The system cannot find the file specified
	at crux.CompilerStageTests.lambda$codegen$9(CompilerStageTests.java:290)
Caused by: java.io.IOException: Cannot run program "gcc": CreateProcess error=2, The system cannot find the file specified
Caused by: java.io.IOException: CreateProcess error=2, The system cannot find the file specified
]]></error>
  </testcase>
  <testcase name="codegen" classname="crux.CompilerStageTests" time="0.041">
    <error type="java.util.concurrent.ExecutionException"><![CDATA[java.util.concurrent.ExecutionException: java.io.IOException: Cannot run program "gcc": CreateProcess error=2, The system cannot find the file specified
	at crux.CompilerStageTests.lambda$codegen$9(CompilerStageTests.java:290)
Caused by: java.io.IOException: Cannot run program "gcc": CreateProcess error=2, The system cannot find the file specified
Caused by: java.io.IOException: CreateProcess error=2, The system cannot find the file specified
]]></error>
  </testcase>
  <testcase name="codegen" classname="crux.CompilerStageTests" time="0.052">
    <error type="java.util.concurrent.ExecutionException"><![CDATA[java.util.concurrent.ExecutionException: java.io.IOException: Cannot run program "gcc": CreateProcess error=2, The system cannot find the file specified
	at crux.CompilerStageTests.lambda$codegen$9(CompilerStageTests.java:290)
Caused by: java.io.IOException: Cannot run program "gcc": CreateProcess error=2, The system cannot find the file specified
Caused by: java.io.IOException: CreateProcess error=2, The system cannot find the file specified
]]></error>
  </testcase>
  <testcase name="codegen" classname="crux.CompilerStageTests" time="0.029">
    <error type="java.util.concurrent.ExecutionException"><![CDATA[java.util.concurrent.ExecutionException: java.io.IOException: Cannot run program "gcc": CreateProcess error=2, The system cannot find the file specified
	at crux.CompilerStageTests.lambda$codegen$9(CompilerStageTests.java:290)
Caused by: java.io.IOException: Cannot run program "gcc": CreateProcess error=2, The system cannot find the file specified
Caused by: java.io.IOException: CreateProcess error=2, The system cannot find the file specified
]]></error>
  </testcase>
  <testcase name="codegen" classname="crux.CompilerStageTests" time="0.114">
    <error type="java.util.concurrent.ExecutionException"><![CDATA[java.util.concurrent.ExecutionException: java.io.IOException: Cannot run program "gcc": CreateProcess error=2, The system cannot find the file specified
	at crux.CompilerStageTests.lambda$codegen$9(CompilerStageTests.java:290)
Caused by: java.io.IOException: Cannot run program "gcc": CreateProcess error=2, The system cannot find the file specified
Caused by: java.io.IOException: CreateProcess error=2, The system cannot find the file specified
]]></error>
  </testcase>
  <testcase name="codegen" classname="crux.CompilerStageTests" time="0.069">
    <error type="java.util.concurrent.ExecutionException"><![CDATA[java.util.concurrent.ExecutionException: java.io.IOException: Cannot run program "gcc": CreateProcess error=2, The system cannot find the file specified
	at crux.CompilerStageTests.lambda$codegen$9(CompilerStageTests.java:290)
Caused by: java.io.IOException: Cannot run program "gcc": CreateProcess error=2, The system cannot find the file specified
Caused by: java.io.IOException: CreateProcess error=2, The system cannot find the file specified
]]></error>
  </testcase>
  <testcase name="codegen" classname="crux.CompilerStageTests" time="0.206">
    <error type="java.util.concurrent.ExecutionException"><![CDATA[java.util.concurrent.ExecutionException: java.io.IOException: Cannot run program "gcc": CreateProcess error=2, The system cannot find the file specified
	at crux.CompilerStageTests.lambda$codegen$9(CompilerStageTests.java:290)
Caused by: java.io.IOException: Cannot run program "gcc": CreateProcess error=2, The system cannot find the file specified
Caused by: java.io.IOException: CreateProcess error=2, The system cannot find the file specified
]]></error>
  </testcase>
  <testcase name="codegen" classname="crux.CompilerStageTests" time="0.041">
    <error type="java.util.concurrent.ExecutionException"><![CDATA[java.util.concurrent.ExecutionException: java.io.IOException: Cannot run program "gcc": CreateProcess error=2, The system cannot find the file specified
	at crux.CompilerStageTests.lambda$codegen$9(CompilerStageTests.java:290)
Caused by: java.io.IOException: Cannot run program "gcc": CreateProcess error=2, The system cannot find the file specified
Caused by: java.io.IOException: CreateProcess error=2, The system cannot find the file specified
]]></error>
  </testcase>
  <testcase name="codegen" classname="crux.CompilerStageTests" time="0.029">
    <error type="java.util.concurrent.ExecutionException"><![CDATA[java.util.concurrent.ExecutionException: java.io.IOException: Cannot run program "gcc": CreateProcess error=2, The system cannot find the file specified
	at crux.CompilerStageTests.lambda$codegen$9(CompilerStageTests.java:290)
Caused by: java.io.IOException: Cannot run program "gcc": CreateProcess error=2, The system cannot find the file specified
Caused by: java.io.IOException: CreateProcess error=2, The system cannot find the file specified
]]></error>
  </testcase>
  <testcase name="codegen" classname="crux.CompilerStageTests" time="0.028">
    <error type="java.util.concurrent.ExecutionException"><![CDATA[java.util.concurrent.ExecutionException: java.io.IOException: Cannot run program "gcc": CreateProcess error=2, The system cannot find the file specified
	at crux.CompilerStageTests.lambda$codegen$9(CompilerStageTests.java:290)
Caused by: java.io.IOException: Cannot run program "gcc": CreateProcess error=2, The system cannot find the file specified
Caused by: java.io.IOException: CreateProcess error=2, The system cannot find the file specified
]]></error>
  </testcase>
  <testcase name="codegen" classname="crux.CompilerStageTests" time="0.024">
    <error type="java.util.concurrent.ExecutionException"><![CDATA[java.util.concurrent.ExecutionException: java.io.IOException: Cannot run program "gcc": CreateProcess error=2, The system cannot find the file specified
	at crux.CompilerStageTests.lambda$codegen$9(CompilerStageTests.java:290)
Caused by: java.io.IOException: Cannot run program "gcc": CreateProcess error=2, The system cannot find the file specified
Caused by: java.io.IOException: CreateProcess error=2, The system cannot find the file specified
]]></error>
  </testcase>
  <testcase name="codegen" classname="crux.CompilerStageTests" time="0.024">
    <error type="java.util.concurrent.ExecutionException"><![CDATA[java.util.concurrent.ExecutionException: java.io.IOException: Cannot run program "gcc": CreateProcess error=2, The system cannot find the file specified
	at crux.CompilerStageTests.lambda$codegen$9(CompilerStageTests.java:290)
Caused by: java.io.IOException: Cannot run program "gcc": CreateProcess error=2, The system cannot find the file specified
Caused by: java.io.IOException: CreateProcess error=2, The system cannot find the file specified
]]></error>
  </testcase>
  <testcase name="codegen" classname="crux.CompilerStageTests" time="0.021">
    <error type="java.util.concurrent.ExecutionException"><![CDATA[java.util.concurrent.ExecutionException: java.io.IOException: Cannot run program "gcc": CreateProcess error=2, The system cannot find the file specified
	at crux.CompilerStageTests.lambda$codegen$9(CompilerStageTests.java:290)
Caused by: java.io.IOException: Cannot run program "gcc": CreateProcess error=2, The system cannot find the file specified
Caused by: java.io.IOException: CreateProcess error=2, The system cannot find the file specified
]]></error>
  </testcase>
  <testcase name="codegen" classname="crux.CompilerStageTests" time="0.048">
    <error type="java.util.concurrent.ExecutionException"><![CDATA[java.util.concurrent.ExecutionException: java.io.IOException: Cannot run program "gcc": CreateProcess error=2, The system cannot find the file specified
	at crux.CompilerStageTests.lambda$codegen$9(CompilerStageTests.java:290)
Caused by: java.io.IOException: Cannot run program "gcc": CreateProcess error=2, The system cannot find the file specified
Caused by: java.io.IOException: CreateProcess error=2, The system cannot find the file specified
]]></error>
  </testcase>
  <testcase name="codegen" classname="crux.CompilerStageTests" time="0.028">
    <error type="java.util.concurrent.ExecutionException"><![CDATA[java.util.concurrent.ExecutionException: java.io.IOException: Cannot run program "gcc": CreateProcess error=2, The system cannot find the file specified
	at crux.CompilerStageTests.lambda$codegen$9(CompilerStageTests.java:290)
Caused by: java.io.IOException: Cannot run program "gcc": CreateProcess error=2, The system cannot find the file specified
Caused by: java.io.IOException: CreateProcess error=2, The system cannot find the file specified
]]></error>
  </testcase>
  <testcase name="codegen" classname="crux.CompilerStageTests" time="0.02">
    <error type="java.util.concurrent.ExecutionException"><![CDATA[java.util.concurrent.ExecutionException: java.io.IOException: Cannot run program "gcc": CreateProcess error=2, The system cannot find the file specified
	at crux.CompilerStageTests.lambda$codegen$9(CompilerStageTests.java:290)
Caused by: java.io.IOException: Cannot run program "gcc": CreateProcess error=2, The system cannot find the file specified
Caused by: java.io.IOException: CreateProcess error=2, The system cannot find the file specified
]]></error>
  </testcase>
  <testcase name="codegen" classname="crux.CompilerStageTests" time="0.022">
    <error type="java.util.concurrent.ExecutionException"><![CDATA[java.util.concurrent.ExecutionException: java.io.IOException: Cannot run program "gcc": CreateProcess error=2, The system cannot find the file specified
	at crux.CompilerStageTests.lambda$codegen$9(CompilerStageTests.java:290)
Caused by: java.io.IOException: Cannot run program "gcc": CreateProcess error=2, The system cannot find the file specified
Caused by: java.io.IOException: CreateProcess error=2, The system cannot find the file specified
]]></error>
  </testcase>
  <testcase name="codegen" classname="crux.CompilerStageTests" time="0.026">
    <error type="java.util.concurrent.ExecutionException"><![CDATA[java.util.concurrent.ExecutionException: java.io.IOException: Cannot run program "gcc": CreateProcess error=2, The system cannot find the file specified
	at crux.CompilerStageTests.lambda$codegen$9(CompilerStageTests.java:290)
Caused by: java.io.IOException: Cannot run program "gcc": CreateProcess error=2, The system cannot find the file specified
Caused by: java.io.IOException: CreateProcess error=2, The system cannot find the file specified
]]></error>
  </testcase>
  <testcase name="codegen" classname="crux.CompilerStageTests" time="0.02">
    <error type="java.util.concurrent.ExecutionException"><![CDATA[java.util.concurrent.ExecutionException: java.io.IOException: Cannot run program "gcc": CreateProcess error=2, The system cannot find the file specified
	at crux.CompilerStageTests.lambda$codegen$9(CompilerStageTests.java:290)
Caused by: java.io.IOException: Cannot run program "gcc": CreateProcess error=2, The system cannot find the file specified
Caused by: java.io.IOException: CreateProcess error=2, The system cannot find the file specified
]]></error>
  </testcase>
  <testcase name="codegen" classname="crux.CompilerStageTests" time="0.017">
    <error type="java.util.concurrent.ExecutionException"><![CDATA[java.util.concurrent.ExecutionException: java.io.IOException: Cannot run program "gcc": CreateProcess error=2, The system cannot find the file specified
	at crux.CompilerStageTests.lambda$codegen$9(CompilerStageTests.java:290)
Caused by: java.io.IOException: Cannot run program "gcc": CreateProcess error=2, The system cannot find the file specified
Caused by: java.io.IOException: CreateProcess error=2, The system cannot find the file specified
]]></error>
  </testcase>
  <testcase name="codegen" classname="crux.CompilerStageTests" time="0.017">
    <error type="java.util.concurrent.ExecutionException"><![CDATA[java.util.concurrent.ExecutionException: java.io.IOException: Cannot run program "gcc": CreateProcess error=2, The system cannot find the file specified
	at crux.CompilerStageTests.lambda$codegen$9(CompilerStageTests.java:290)
Caused by: java.io.IOException: Cannot run program "gcc": CreateProcess error=2, The system cannot find the file specified
Caused by: java.io.IOException: CreateProcess error=2, The system cannot find the file specified
]]></error>
  </testcase>
  <testcase name="codegen" classname="crux.CompilerStageTests" time="0.019">
    <error type="java.util.concurrent.ExecutionException"><![CDATA[java.util.concurrent.ExecutionException: java.io.IOException: Cannot run program "gcc": CreateProcess error=2, The system cannot find the file specified
	at crux.CompilerStageTests.lambda$codegen$9(CompilerStageTests.java:290)
Caused by: java.io.IOException: Cannot run program "gcc": CreateProcess error=2, The system cannot find the file specified
Caused by: java.io.IOException: CreateProcess error=2, The system cannot find the file specified
]]></error>
  </testcase>
  <testcase name="codegen" classname="crux.CompilerStageTests" time="0.028">
    <error type="java.util.concurrent.ExecutionException"><![CDATA[java.util.concurrent.ExecutionException: java.io.IOException: Cannot run program "gcc": CreateProcess error=2, The system cannot find the file specified
	at crux.CompilerStageTests.lambda$codegen$9(CompilerStageTests.java:290)
Caused by: java.io.IOException: Cannot run program "gcc": CreateProcess error=2, The system cannot find the file specified
Caused by: java.io.IOException: CreateProcess error=2, The system cannot find the file specified
]]></error>
  </testcase>
  <testcase name="codegen" classname="crux.CompilerStageTests" time="0.023">
    <error type="java.util.concurrent.ExecutionException"><![CDATA[java.util.concurrent.ExecutionException: java.io.IOException: Cannot run program "gcc": CreateProcess error=2, The system cannot find the file specified
	at crux.CompilerStageTests.lambda$codegen$9(CompilerStageTests.java:290)
Caused by: java.io.IOException: Cannot run program "gcc": CreateProcess error=2, The system cannot find the file specified
Caused by: java.io.IOException: CreateProcess error=2, The system cannot find the file specified
]]></error>
  </testcase>
  <testcase name="codegen" classname="crux.CompilerStageTests" time="0.018">
    <error type="java.util.concurrent.ExecutionException"><![CDATA[java.util.concurrent.ExecutionException: java.io.IOException: Cannot run program "gcc": CreateProcess error=2, The system cannot find the file specified
	at crux.CompilerStageTests.lambda$codegen$9(CompilerStageTests.java:290)
Caused by: java.io.IOException: Cannot run program "gcc": CreateProcess error=2, The system cannot find the file specified
Caused by: java.io.IOException: CreateProcess error=2, The system cannot find the file specified
]]></error>
  </testcase>
  <testcase name="codegen" classname="crux.CompilerStageTests" time="0.046">
    <error type="java.util.concurrent.ExecutionException"><![CDATA[java.util.concurrent.ExecutionException: java.io.IOException: Cannot run program "gcc": CreateProcess error=2, The system cannot find the file specified
	at crux.CompilerStageTests.lambda$codegen$9(CompilerStageTests.java:290)
Caused by: java.io.IOException: Cannot run program "gcc": CreateProcess error=2, The system cannot find the file specified
Caused by: java.io.IOException: CreateProcess error=2, The system cannot find the file specified
]]></error>
  </testcase>
  <testcase name="codegen" classname="crux.CompilerStageTests" time="0.096">
    <error type="java.util.concurrent.ExecutionException"><![CDATA[java.util.concurrent.ExecutionException: java.io.IOException: Cannot run program "gcc": CreateProcess error=2, The system cannot find the file specified
	at crux.CompilerStageTests.lambda$codegen$9(CompilerStageTests.java:290)
Caused by: java.io.IOException: Cannot run program "gcc": CreateProcess error=2, The system cannot find the file specified
Caused by: java.io.IOException: CreateProcess error=2, The system cannot find the file specified
]]></error>
  </testcase>
  <testcase name="codegen" classname="crux.CompilerStageTests" time="0.076">
    <error type="java.util.concurrent.ExecutionException"><![CDATA[java.util.concurrent.ExecutionException: java.io.IOException: Cannot run program "gcc": CreateProcess error=2, The system cannot find the file specified
	at crux.CompilerStageTests.lambda$codegen$9(CompilerStageTests.java:290)
Caused by: java.io.IOException: Cannot run program "gcc": CreateProcess error=2, The system cannot find the file specified
Caused by: java.io.IOException: CreateProcess error=2, The system cannot find the file specified
]]></error>
  </testcase>
  <testcase name="codegen" classname="crux.CompilerStageTests" time="0.033">
    <error type="java.util.concurrent.ExecutionException"><![CDATA[java.util.concurrent.ExecutionException: java.io.IOException: Cannot run program "gcc": CreateProcess error=2, The system cannot find the file specified
	at crux.CompilerStageTests.lambda$codegen$9(CompilerStageTests.java:290)
Caused by: java.io.IOException: Cannot run program "gcc": CreateProcess error=2, The system cannot find the file specified
Caused by: java.io.IOException: CreateProcess error=2, The system cannot find the file specified
]]></error>
  </testcase>
  <testcase name="codegen" classname="crux.CompilerStageTests" time="0.03">
    <error type="java.util.concurrent.ExecutionException"><![CDATA[java.util.concurrent.ExecutionException: java.io.IOException: Cannot run program "gcc": CreateProcess error=2, The system cannot find the file specified
	at crux.CompilerStageTests.lambda$codegen$9(CompilerStageTests.java:290)
Caused by: java.io.IOException: Cannot run program "gcc": CreateProcess error=2, The system cannot find the file specified
Caused by: java.io.IOException: CreateProcess error=2, The system cannot find the file specified
]]></error>
  </testcase>
  <testcase name="codegen" classname="crux.CompilerStageTests" time="0.044">
    <error type="java.util.concurrent.ExecutionException"><![CDATA[java.util.concurrent.ExecutionException: java.io.IOException: Cannot run program "gcc": CreateProcess error=2, The system cannot find the file specified
	at crux.CompilerStageTests.lambda$codegen$9(CompilerStageTests.java:290)
Caused by: java.io.IOException: Cannot run program "gcc": CreateProcess error=2, The system cannot find the file specified
Caused by: java.io.IOException: CreateProcess error=2, The system cannot find the file specified
]]></error>
  </testcase>
  <testcase name="codegen" classname="crux.CompilerStageTests" time="0.04">
    <error type="java.util.concurrent.ExecutionException"><![CDATA[java.util.concurrent.ExecutionException: java.io.IOException: Cannot run program "gcc": CreateProcess error=2, The system cannot find the file specified
	at crux.CompilerStageTests.lambda$codegen$9(CompilerStageTests.java:290)
Caused by: java.io.IOException: Cannot run program "gcc": CreateProcess error=2, The system cannot find the file specified
Caused by: java.io.IOException: CreateProcess error=2, The system cannot find the file specified
]]></error>
  </testcase>
  <testcase name="codegen" classname="crux.CompilerStageTests" time="0.024">
    <error type="java.util.concurrent.ExecutionException"><![CDATA[java.util.concurrent.ExecutionException: java.io.IOException: Cannot run program "gcc": CreateProcess error=2, The system cannot find the file specified
	at crux.CompilerStageTests.lambda$codegen$9(CompilerStageTests.java:290)
Caused by: java.io.IOException: Cannot run program "gcc": CreateProcess error=2, The system cannot find the file specified
Caused by: java.io.IOException: CreateProcess error=2, The system cannot find the file specified
]]></error>
  </testcase>
  <testcase name="codegen" classname="crux.CompilerStageTests" time="0.033">
    <error type="java.util.concurrent.ExecutionException"><![CDATA[java.util.concurrent.ExecutionException: java.io.IOException: Cannot run program "gcc": CreateProcess error=2, The system cannot find the file specified
	at crux.CompilerStageTests.lambda$codegen$9(CompilerStageTests.java:290)
Caused by: java.io.IOException: Cannot run program "gcc": CreateProcess error=2, The system cannot find the file specified
Caused by: java.io.IOException: CreateProcess error=2, The system cannot find the file specified
]]></error>
  </testcase>
  <testcase name="codegen" classname="crux.CompilerStageTests" time="0.042">
    <error type="java.util.concurrent.ExecutionException"><![CDATA[java.util.concurrent.ExecutionException: java.io.IOException: Cannot run program "gcc": CreateProcess error=2, The system cannot find the file specified
	at crux.CompilerStageTests.lambda$codegen$9(CompilerStageTests.java:290)
Caused by: java.io.IOException: Cannot run program "gcc": CreateProcess error=2, The system cannot find the file specified
Caused by: java.io.IOException: CreateProcess error=2, The system cannot find the file specified
]]></error>
  </testcase>
  <testcase name="codegen" classname="crux.CompilerStageTests" time="0.028">
    <error type="java.util.concurrent.ExecutionException"><![CDATA[java.util.concurrent.ExecutionException: java.io.IOException: Cannot run program "gcc": CreateProcess error=2, The system cannot find the file specified
	at crux.CompilerStageTests.lambda$codegen$9(CompilerStageTests.java:290)
Caused by: java.io.IOException: Cannot run program "gcc": CreateProcess error=2, The system cannot find the file specified
Caused by: java.io.IOException: CreateProcess error=2, The system cannot find the file specified
]]></error>
  </testcase>
  <testcase name="codegen" classname="crux.CompilerStageTests" time="0.036">
    <error type="java.util.concurrent.ExecutionException"><![CDATA[java.util.concurrent.ExecutionException: java.io.IOException: Cannot run program "gcc": CreateProcess error=2, The system cannot find the file specified
	at crux.CompilerStageTests.lambda$codegen$9(CompilerStageTests.java:290)
Caused by: java.io.IOException: Cannot run program "gcc": CreateProcess error=2, The system cannot find the file specified
Caused by: java.io.IOException: CreateProcess error=2, The system cannot find the file specified
]]></error>
  </testcase>
  <testcase name="codegen" classname="crux.CompilerStageTests" time="0.038">
    <error type="java.util.concurrent.ExecutionException"><![CDATA[java.util.concurrent.ExecutionException: java.io.IOException: Cannot run program "gcc": CreateProcess error=2, The system cannot find the file specified
	at crux.CompilerStageTests.lambda$codegen$9(CompilerStageTests.java:290)
Caused by: java.io.IOException: Cannot run program "gcc": CreateProcess error=2, The system cannot find the file specified
Caused by: java.io.IOException: CreateProcess error=2, The system cannot find the file specified
]]></error>
  </testcase>
  <testcase name="codegen" classname="crux.CompilerStageTests" time="0.034">
    <error type="java.util.concurrent.ExecutionException"><![CDATA[java.util.concurrent.ExecutionException: java.io.IOException: Cannot run program "gcc": CreateProcess error=2, The system cannot find the file specified
	at crux.CompilerStageTests.lambda$codegen$9(CompilerStageTests.java:290)
Caused by: java.io.IOException: Cannot run program "gcc": CreateProcess error=2, The system cannot find the file specified
Caused by: java.io.IOException: CreateProcess error=2, The system cannot find the file specified
]]></error>
  </testcase>
  <testcase name="codegen" classname="crux.CompilerStageTests" time="0.04">
    <error type="java.util.concurrent.ExecutionException"><![CDATA[java.util.concurrent.ExecutionException: java.io.IOException: Cannot run program "gcc": CreateProcess error=2, The system cannot find the file specified
	at crux.CompilerStageTests.lambda$codegen$9(CompilerStageTests.java:290)
Caused by: java.io.IOException: Cannot run program "gcc": CreateProcess error=2, The system cannot find the file specified
Caused by: java.io.IOException: CreateProcess error=2, The system cannot find the file specified
]]></error>
  </testcase>
  <testcase name="codegen" classname="crux.CompilerStageTests" time="0.032">
    <error type="java.util.concurrent.ExecutionException"><![CDATA[java.util.concurrent.ExecutionException: java.io.IOException: Cannot run program "gcc": CreateProcess error=2, The system cannot find the file specified
	at crux.CompilerStageTests.lambda$codegen$9(CompilerStageTests.java:290)
Caused by: java.io.IOException: Cannot run program "gcc": CreateProcess error=2, The system cannot find the file specified
Caused by: java.io.IOException: CreateProcess error=2, The system cannot find the file specified
]]></error>
  </testcase>
  <testcase name="codegen" classname="crux.CompilerStageTests" time="0.036">
    <error type="java.util.concurrent.ExecutionException"><![CDATA[java.util.concurrent.ExecutionException: java.io.IOException: Cannot run program "gcc": CreateProcess error=2, The system cannot find the file specified
	at crux.CompilerStageTests.lambda$codegen$9(CompilerStageTests.java:290)
Caused by: java.io.IOException: Cannot run program "gcc": CreateProcess error=2, The system cannot find the file specified
Caused by: java.io.IOException: CreateProcess error=2, The system cannot find the file specified
]]></error>
  </testcase>
  <testcase name="codegen" classname="crux.CompilerStageTests" time="0.031">
    <error type="java.util.concurrent.ExecutionException"><![CDATA[java.util.concurrent.ExecutionException: java.io.IOException: Cannot run program "gcc": CreateProcess error=2, The system cannot find the file specified
	at crux.CompilerStageTests.lambda$codegen$9(CompilerStageTests.java:290)
Caused by: java.io.IOException: Cannot run program "gcc": CreateProcess error=2, The system cannot find the file specified
Caused by: java.io.IOException: CreateProcess error=2, The system cannot find the file specified
]]></error>
  </testcase>
  <testcase name="codegen" classname="crux.CompilerStageTests" time="0.029">
    <error type="java.util.concurrent.ExecutionException"><![CDATA[java.util.concurrent.ExecutionException: java.io.IOException: Cannot run program "gcc": CreateProcess error=2, The system cannot find the file specified
	at crux.CompilerStageTests.lambda$codegen$9(CompilerStageTests.java:290)
Caused by: java.io.IOException: Cannot run program "gcc": CreateProcess error=2, The system cannot find the file specified
Caused by: java.io.IOException: CreateProcess error=2, The system cannot find the file specified
]]></error>
  </testcase>
  <testcase name="codegen" classname="crux.CompilerStageTests" time="0.043">
    <error type="java.util.concurrent.ExecutionException"><![CDATA[java.util.concurrent.ExecutionException: java.io.IOException: Cannot run program "gcc": CreateProcess error=2, The system cannot find the file specified
	at crux.CompilerStageTests.lambda$codegen$9(CompilerStageTests.java:290)
Caused by: java.io.IOException: Cannot run program "gcc": CreateProcess error=2, The system cannot find the file specified
Caused by: java.io.IOException: CreateProcess error=2, The system cannot find the file specified
]]></error>
  </testcase>
  <testcase name="codegen" classname="crux.CompilerStageTests" time="0.047">
    <error type="java.util.concurrent.ExecutionException"><![CDATA[java.util.concurrent.ExecutionException: java.io.IOException: Cannot run program "gcc": CreateProcess error=2, The system cannot find the file specified
	at crux.CompilerStageTests.lambda$codegen$9(CompilerStageTests.java:290)
Caused by: java.io.IOException: Cannot run program "gcc": CreateProcess error=2, The system cannot find the file specified
Caused by: java.io.IOException: CreateProcess error=2, The system cannot find the file specified
]]></error>
  </testcase>
  <testcase name="codegen" classname="crux.CompilerStageTests" time="0.194">
    <error type="java.util.concurrent.ExecutionException"><![CDATA[java.util.concurrent.ExecutionException: java.io.IOException: Cannot run program "gcc": CreateProcess error=2, The system cannot find the file specified
	at crux.CompilerStageTests.lambda$codegen$9(CompilerStageTests.java:290)
Caused by: java.io.IOException: Cannot run program "gcc": CreateProcess error=2, The system cannot find the file specified
Caused by: java.io.IOException: CreateProcess error=2, The system cannot find the file specified
]]></error>
  </testcase>
</testsuite>