<?xml version="1.0" encoding="UTF-8"?>
<testsuite xmlns:xsi="http://www.w3.org/2001/XMLSchema-instance" xsi:noNamespaceSchemaLocation="https://maven.apache.org/surefire/maven-surefire-plugin/xsd/surefire-test-report-3.0.xsd" version="3.0" name="crux.CompilerStageTests" time="0.246" tests="50" errors="26" skipped="0" failures="8">
  <properties>
    <property name="java.specification.version" value="20"/>
    <property name="sun.cpu.isalist" value="amd64"/>
    <property name="sun.jnu.encoding" value="Cp1252"/>
    <property name="java.class.path" value="c:\Users\nickc\Desktop\crux\target\test-classes;c:\Users\nickc\Desktop\crux\target\classes;C:\Users\nickc\.m2\repository\org\antlr\antlr4-runtime\4.7.2\antlr4-runtime-4.7.2.jar;C:\Users\nickc\.m2\repository\org\junit\jupiter\junit-jupiter-api\5.5.2\junit-jupiter-api-5.5.2.jar;C:\Users\nickc\.m2\repository\org\apiguardian\apiguardian-api\1.1.0\apiguardian-api-1.1.0.jar;C:\Users\nickc\.m2\repository\org\opentest4j\opentest4j\1.2.0\opentest4j-1.2.0.jar;C:\Users\nickc\.m2\repository\org\junit\platform\junit-platform-commons\1.5.2\junit-platform-commons-1.5.2.jar;C:\Users\nickc\.m2\repository\org\junit\jupiter\junit-jupiter-engine\5.5.2\junit-jupiter-engine-5.5.2.jar;C:\Users\nickc\.m2\repository\org\junit\platform\junit-platform-engine\1.5.2\junit-platform-engine-1.5.2.jar;"/>
    <property name="java.vm.vendor" value="Oracle Corporation"/>
    <property name="sun.arch.data.model" value="64"/>
    <property name="user.variant" value=""/>
    <property name="java.vendor.url" value="https://java.oracle.com/"/>
    <property name="user.timezone" value="America/Los_Angeles"/>
    <property name="os.name" value="Windows 10"/>
    <property name="java.vm.specification.version" value="20"/>
    <property name="sun.java.launcher" value="SUN_STANDARD"/>
    <property name="user.country" value="US"/>
    <property name="sun.boot.library.path" value="C:\Program Files\Java\jdk-20\bin"/>
    <property name="sun.java.command" value="C:\Users\nickc\AppData\Local\Temp\surefire18284851065848248518\surefirebooter3249255749872050768.jar C:\Users\nickc\AppData\Local\Temp\surefire18284851065848248518 2023-05-25T12-49-55_937-jvmRun1 surefire7689931315805859493tmp surefire_02138067709461635485tmp"/>
    <property name="jdk.debug" value="release"/>
    <property name="surefire.test.class.path" value="c:\Users\nickc\Desktop\crux\target\test-classes;c:\Users\nickc\Desktop\crux\target\classes;C:\Users\nickc\.m2\repository\org\antlr\antlr4-runtime\4.7.2\antlr4-runtime-4.7.2.jar;C:\Users\nickc\.m2\repository\org\junit\jupiter\junit-jupiter-api\5.5.2\junit-jupiter-api-5.5.2.jar;C:\Users\nickc\.m2\repository\org\apiguardian\apiguardian-api\1.1.0\apiguardian-api-1.1.0.jar;C:\Users\nickc\.m2\repository\org\opentest4j\opentest4j\1.2.0\opentest4j-1.2.0.jar;C:\Users\nickc\.m2\repository\org\junit\platform\junit-platform-commons\1.5.2\junit-platform-commons-1.5.2.jar;C:\Users\nickc\.m2\repository\org\junit\jupiter\junit-jupiter-engine\5.5.2\junit-jupiter-engine-5.5.2.jar;C:\Users\nickc\.m2\repository\org\junit\platform\junit-platform-engine\1.5.2\junit-platform-engine-1.5.2.jar;"/>
    <property name="sun.cpu.endian" value="little"/>
    <property name="user.home" value="C:\Users\nickc"/>
    <property name="user.language" value="en"/>
    <property name="java.specification.vendor" value="Oracle Corporation"/>
    <property name="java.version.date" value="2023-03-21"/>
    <property name="java.home" value="C:\Program Files\Java\jdk-20"/>
    <property name="file.separator" value="\"/>
    <property name="basedir" value="c:\Users\nickc\Desktop\crux"/>
    <property name="java.vm.compressedOopsMode" value="Zero based"/>
    <property name="line.separator" value="&#10;"/>
    <property name="java.vm.specification.vendor" value="Oracle Corporation"/>
    <property name="java.specification.name" value="Java Platform API Specification"/>
    <property name="surefire.real.class.path" value="C:\Users\nickc\AppData\Local\Temp\surefire18284851065848248518\surefirebooter3249255749872050768.jar"/>
    <property name="user.script" value=""/>
    <property name="sun.management.compiler" value="HotSpot 64-Bit Tiered Compilers"/>
    <property name="java.runtime.version" value="20+36-2344"/>
    <property name="user.name" value="nickc"/>
    <property name="stdout.encoding" value="Cp1252"/>
    <property name="path.separator" value=";"/>
    <property name="os.version" value="10.0"/>
    <property name="java.runtime.name" value="Java(TM) SE Runtime Environment"/>
    <property name="file.encoding" value="UTF-8"/>
    <property name="java.vm.name" value="Java HotSpot(TM) 64-Bit Server VM"/>
    <property name="localRepository" value="C:\Users\nickc\.m2\repository"/>
    <property name="java.vendor.url.bug" value="https://bugreport.java.com/bugreport/"/>
    <property name="java.io.tmpdir" value="C:\Users\nickc\AppData\Local\Temp\"/>
    <property name="java.version" value="20"/>
    <property name="user.dir" value="c:\Users\nickc\Desktop\crux"/>
    <property name="os.arch" value="amd64"/>
    <property name="java.vm.specification.name" value="Java Virtual Machine Specification"/>
    <property name="sun.os.patch.level" value=""/>
    <property name="native.encoding" value="Cp1252"/>
    <property name="java.library.path" value="C:\Program Files\Java\jdk-20\bin;C:\Windows\Sun\Java\bin;C:\Windows\system32;C:\Windows;C:\Python310\Scripts\;C:\Python310\;C:\Program Files\Common Files\Oracle\Java\javapath;C:\Program Files (x86)\Common Files\Oracle\Java\javapath;C:\Windows\system32;C:\Windows;C:\Windows\System32\Wbem;C:\Windows\System32\WindowsPowerShell\v1.0\;C:\Windows\System32\OpenSSH\;C:\Program Files\Microsoft SQL Server\130\Tools\Binn\;C:\Program Files (x86)\NVIDIA Corporation\PhysX\Common;C:\Program Files\NVIDIA Corporation\NVIDIA NvDLISR;C:\Program Files\Git\cmd;C:\Program Files\PuTTY\;C:\Program Files\nodejs\;C:\ProgramData\chocolatey\bin;C:\Program Files\mongosh-1.8.0-win32-x64\bin\;C:\Program Files\Maven\apache-maven-3.9.0\bin;C:\Users\nickc\AppData\Local\Programs\Python\Python39\Scripts\;C:\Users\nickc\AppData\Local\Programs\Python\Python39\;C:\Users\nickc\AppData\Local\Microsoft\WindowsApps;C:\Users\nickc\AppData\Local\GitHubDesktop\bin;C:\Users\nickc\AppData\Local\Programs\Microsoft VS Code\bin;C:\Users\nickc\AppData\Roaming\npm;C:\Program Files\JetBrains\IntelliJ IDEA 2023.1\bin;;."/>
    <property name="java.vm.info" value="mixed mode, sharing"/>
    <property name="stderr.encoding" value="Cp1252"/>
    <property name="java.vendor" value="Oracle Corporation"/>
    <property name="java.vm.version" value="20+36-2344"/>
    <property name="sun.io.unicode.encoding" value="UnicodeLittle"/>
    <property name="java.class.version" value="64.0"/>
  </properties>
  <testcase name="typeCheck" classname="crux.CompilerStageTests" time="0.073"/>
  <testcase name="typeCheck" classname="crux.CompilerStageTests" time="0.004"/>
  <testcase name="typeCheck" classname="crux.CompilerStageTests" time="0.003"/>
  <testcase name="typeCheck" classname="crux.CompilerStageTests" time="0.007"/>
  <testcase name="typeCheck" classname="crux.CompilerStageTests" time="0.004">
    <failure type="org.opentest4j.AssertionFailedError"><![CDATA[org.opentest4j.AssertionFailedError: 
Type check for program crux/stages/type-check/test05.crx differs from expected output. ==> expected: <Crux Program has no type errors.

int global;
array[5,bool] a;
main() {
}> but was: <Error type-checking file.
TypeError(5)[Array size must be an integer or bool type class crux.ast.types.ArrayType]>
	at crux.CompilerStageTests.lambda$6(CompilerStageTests.java:179)
]]></failure>
  </testcase>
  <testcase name="typeCheck" classname="crux.CompilerStageTests" time="0.003"/>
  <testcase name="typeCheck" classname="crux.CompilerStageTests" time="0.002"/>
  <testcase name="typeCheck" classname="crux.CompilerStageTests" time="0.001">
    <error type="java.util.concurrent.ExecutionException"><![CDATA[java.util.concurrent.ExecutionException: java.lang.ClassCastException: class crux.ast.types.TypeList cannot be cast to class crux.ast.types.FuncType (crux.ast.types.TypeList and crux.ast.types.FuncType are in unnamed module of loader 'app')
	at crux.CompilerStageTests.lambda$6(CompilerStageTests.java:172)
Caused by: java.lang.ClassCastException: class crux.ast.types.TypeList cannot be cast to class crux.ast.types.FuncType (crux.ast.types.TypeList and crux.ast.types.FuncType are in unnamed module of loader 'app')
]]></error>
  </testcase>
  <testcase name="typeCheck" classname="crux.CompilerStageTests" time="0.002">
    <error type="java.util.concurrent.ExecutionException"><![CDATA[java.util.concurrent.ExecutionException: java.lang.ClassCastException: class crux.ast.types.TypeList cannot be cast to class crux.ast.types.FuncType (crux.ast.types.TypeList and crux.ast.types.FuncType are in unnamed module of loader 'app')
	at crux.CompilerStageTests.lambda$6(CompilerStageTests.java:172)
Caused by: java.lang.ClassCastException: class crux.ast.types.TypeList cannot be cast to class crux.ast.types.FuncType (crux.ast.types.TypeList and crux.ast.types.FuncType are in unnamed module of loader 'app')
]]></error>
  </testcase>
  <testcase name="typeCheck" classname="crux.CompilerStageTests" time="0.003">
    <failure type="org.opentest4j.AssertionFailedError"><![CDATA[org.opentest4j.AssertionFailedError: 
Type check for program crux/stages/type-check/test10.crx differs from expected output. ==> expected: <Crux Program has no type errors.

array[3,int] x;
main() {
  /*int*/ (/*array[3,int]*/ x)[/*int*/ 1] = /*int*/ 42;
  printInt(/*int*/ (/*array[3,int]*/ x)[/*int*/ 1]);
}> but was: <Error type-checking file.
TypeError(2)[Array size must be an integer or bool type class crux.ast.types.ArrayType]
TypeError(5)[cannot index array[3,array[3,int]] with int]
TypeError(5)[cannot index array[3,array[3,int]] with int]
TypeError(6)[cannot index array[3,array[3,int]] with int]
TypeError(6)[Types do not match]>
	at crux.CompilerStageTests.lambda$6(CompilerStageTests.java:179)
]]></failure>
  </testcase>
  <testcase name="typeCheck" classname="crux.CompilerStageTests" time="0.002"/>
  <testcase name="typeCheck" classname="crux.CompilerStageTests" time="0.003"/>
  <testcase name="typeCheck" classname="crux.CompilerStageTests" time="0.002">
    <error type="java.util.concurrent.ExecutionException"><![CDATA[java.util.concurrent.ExecutionException: java.lang.ClassCastException: class crux.ast.types.TypeList cannot be cast to class crux.ast.types.FuncType (crux.ast.types.TypeList and crux.ast.types.FuncType are in unnamed module of loader 'app')
	at crux.CompilerStageTests.lambda$6(CompilerStageTests.java:172)
Caused by: java.lang.ClassCastException: class crux.ast.types.TypeList cannot be cast to class crux.ast.types.FuncType (crux.ast.types.TypeList and crux.ast.types.FuncType are in unnamed module of loader 'app')
]]></error>
  </testcase>
  <testcase name="typeCheck" classname="crux.CompilerStageTests" time="0.002"/>
  <testcase name="typeCheck" classname="crux.CompilerStageTests" time="0.002"/>
  <testcase name="typeCheck" classname="crux.CompilerStageTests" time="0.002"/>
  <testcase name="typeCheck" classname="crux.CompilerStageTests" time="0.003">
    <error type="java.util.concurrent.ExecutionException"><![CDATA[java.util.concurrent.ExecutionException: java.lang.NullPointerException: Cannot invoke "Object.getClass()" because "conditionType" is null
	at crux.CompilerStageTests.lambda$6(CompilerStageTests.java:172)
Caused by: java.lang.NullPointerException: Cannot invoke "Object.getClass()" because "conditionType" is null
]]></error>
  </testcase>
  <testcase name="typeCheck" classname="crux.CompilerStageTests" time="0.001">
    <error type="java.util.concurrent.ExecutionException"><![CDATA[java.util.concurrent.ExecutionException: java.lang.NullPointerException: Cannot invoke "Object.getClass()" because "conditionType" is null
	at crux.CompilerStageTests.lambda$6(CompilerStageTests.java:172)
Caused by: java.lang.NullPointerException: Cannot invoke "Object.getClass()" because "conditionType" is null
]]></error>
  </testcase>
  <testcase name="typeCheck" classname="crux.CompilerStageTests" time="0.001">
    <error type="java.util.concurrent.ExecutionException"><![CDATA[java.util.concurrent.ExecutionException: java.lang.ClassCastException: class crux.ast.types.TypeList cannot be cast to class crux.ast.types.FuncType (crux.ast.types.TypeList and crux.ast.types.FuncType are in unnamed module of loader 'app')
	at crux.CompilerStageTests.lambda$6(CompilerStageTests.java:172)
Caused by: java.lang.ClassCastException: class crux.ast.types.TypeList cannot be cast to class crux.ast.types.FuncType (crux.ast.types.TypeList and crux.ast.types.FuncType are in unnamed module of loader 'app')
]]></error>
  </testcase>
  <testcase name="typeCheck" classname="crux.CompilerStageTests" time="0.002"/>
  <testcase name="typeCheck" classname="crux.CompilerStageTests" time="0.001"/>
  <testcase name="typeCheck" classname="crux.CompilerStageTests" time="0.001">
    <failure type="org.opentest4j.AssertionFailedError"><![CDATA[org.opentest4j.AssertionFailedError: 
Type check for program crux/stages/type-check/test22.crx differs from expected output. ==> expected: <Crux Program has no type errors.

array[3,int] a;
array[10,int] b;
main() {
  /*int*/ (/*array[10,int]*/ b)[/*int*/ 5] = /*int*/ 2;
  /*int*/ (/*array[3,int]*/ a)[/*int*/ (/*int*/ 1 + /*int*/ 1)] = /*int*/ 100;
  printInt(/*int*/ (/*array[3,int]*/ a)[/*int*/ 2]);
}> but was: <Error type-checking file.
TypeError(3)[Array size must be an integer or bool type class crux.ast.types.ArrayType]
TypeError(4)[Array size must be an integer or bool type class crux.ast.types.ArrayType]
TypeError(8)[cannot index array[10,array[10,int]] with int]
TypeError(8)[cannot index array[10,array[10,int]] with int]
TypeError(9)[cannot index array[3,array[3,int]] with int]
TypeError(9)[cannot index array[3,array[3,int]] with int]
TypeError(11)[cannot index array[3,array[3,int]] with int]
TypeError(11)[Types do not match]>
	at crux.CompilerStageTests.lambda$6(CompilerStageTests.java:179)
]]></failure>
  </testcase>
  <testcase name="typeCheck" classname="crux.CompilerStageTests" time="0.001">
    <failure type="org.opentest4j.AssertionFailedError"><![CDATA[org.opentest4j.AssertionFailedError: 
Type check for program crux/stages/type-check/test23.crx differs from expected output. ==> expected: <Crux Program has no type errors.

int a;
bool b;
array[1,int] c;
main() {
  /*int*/ a = /*int*/ 0;
  /*bool*/ b = /*bool*/ false;
  /*int*/ (/*array[1,int]*/ c)[/*int*/ 0] = /*int*/ 0;
}> but was: <Error type-checking file.
TypeError(5)[Array size must be an integer or bool type class crux.ast.types.ArrayType]
TypeError(10)[cannot index array[1,array[1,int]] with int]
TypeError(10)[cannot index array[1,array[1,int]] with int]>
	at crux.CompilerStageTests.lambda$6(CompilerStageTests.java:179)
]]></failure>
  </testcase>
  <testcase name="typeCheck" classname="crux.CompilerStageTests" time="0.001">
    <failure type="org.opentest4j.AssertionFailedError"><![CDATA[org.opentest4j.AssertionFailedError: 
Type check for program crux/stages/type-check/test24.crx differs from expected output. ==> expected: <Crux Program has no type errors.

array[3,int] a;
array[10,int] b;
main() {
  /*int*/ (/*array[10,int]*/ b)[/*int*/ 5] = /*int*/ 2;
  /*int*/ (/*array[3,int]*/ a)[/*int*/ (/*array[10,int]*/ b)[/*int*/ 5]] = /*int*/ 100;
  printInt(/*int*/ (/*array[3,int]*/ a)[/*int*/ 2]);
}> but was: <Error type-checking file.
TypeError(3)[Array size must be an integer or bool type class crux.ast.types.ArrayType]
TypeError(4)[Array size must be an integer or bool type class crux.ast.types.ArrayType]
TypeError(8)[cannot index array[10,array[10,int]] with int]
TypeError(8)[cannot index array[10,array[10,int]] with int]
TypeError(9)[cannot index array[10,array[10,int]] with int]
TypeError(9)[cannot index array[3,array[3,int]] with ErrorType(cannot index array[10,array[10,int]] with int)]
TypeError(9)[cannot index array[3,array[3,int]] with ErrorType(cannot index array[10,array[10,int]] with int)]
TypeError(11)[cannot index array[3,array[3,int]] with int]
TypeError(11)[Types do not match]>
	at crux.CompilerStageTests.lambda$6(CompilerStageTests.java:179)
]]></failure>
  </testcase>
  <testcase name="typeCheck" classname="crux.CompilerStageTests" time="0.001"/>
  <testcase name="typeCheck" classname="crux.CompilerStageTests" time="0.001">
    <error type="java.util.concurrent.ExecutionException"><![CDATA[java.util.concurrent.ExecutionException: java.lang.NullPointerException: Cannot invoke "Object.getClass()" because "conditionType" is null
	at crux.CompilerStageTests.lambda$6(CompilerStageTests.java:172)
Caused by: java.lang.NullPointerException: Cannot invoke "Object.getClass()" because "conditionType" is null
]]></error>
  </testcase>
  <testcase name="typeCheck" classname="crux.CompilerStageTests" time="0.001">
    <error type="java.util.concurrent.ExecutionException"><![CDATA[java.util.concurrent.ExecutionException: java.lang.ClassCastException: class crux.ast.types.TypeList cannot be cast to class crux.ast.types.FuncType (crux.ast.types.TypeList and crux.ast.types.FuncType are in unnamed module of loader 'app')
	at crux.CompilerStageTests.lambda$6(CompilerStageTests.java:172)
Caused by: java.lang.ClassCastException: class crux.ast.types.TypeList cannot be cast to class crux.ast.types.FuncType (crux.ast.types.TypeList and crux.ast.types.FuncType are in unnamed module of loader 'app')
]]></error>
  </testcase>
  <testcase name="typeCheck" classname="crux.CompilerStageTests" time="0.001">
    <error type="java.util.concurrent.ExecutionException"><![CDATA[java.util.concurrent.ExecutionException: java.lang.ClassCastException: class crux.ast.types.TypeList cannot be cast to class crux.ast.types.FuncType (crux.ast.types.TypeList and crux.ast.types.FuncType are in unnamed module of loader 'app')
	at crux.CompilerStageTests.lambda$6(CompilerStageTests.java:172)
Caused by: java.lang.ClassCastException: class crux.ast.types.TypeList cannot be cast to class crux.ast.types.FuncType (crux.ast.types.TypeList and crux.ast.types.FuncType are in unnamed module of loader 'app')
]]></error>
  </testcase>
  <testcase name="typeCheck" classname="crux.CompilerStageTests" time="0.001">
    <error type="java.util.concurrent.ExecutionException"><![CDATA[java.util.concurrent.ExecutionException: java.lang.ClassCastException: class crux.ast.types.TypeList cannot be cast to class crux.ast.types.FuncType (crux.ast.types.TypeList and crux.ast.types.FuncType are in unnamed module of loader 'app')
	at crux.CompilerStageTests.lambda$6(CompilerStageTests.java:172)
Caused by: java.lang.ClassCastException: class crux.ast.types.TypeList cannot be cast to class crux.ast.types.FuncType (crux.ast.types.TypeList and crux.ast.types.FuncType are in unnamed module of loader 'app')
]]></error>
  </testcase>
  <testcase name="typeCheck" classname="crux.CompilerStageTests" time="0.003">
    <failure type="org.opentest4j.AssertionFailedError"><![CDATA[org.opentest4j.AssertionFailedError: 
Type check for program crux/stages/type-check/test30.crx differs from expected output. ==> expected: <Crux Program has no type errors.

int canary_begin;
array[3,int] x;
int canary_end;
main() {
  /*int*/ canary_begin = /*int*/ 0;
  /*int*/ canary_end = /*int*/ 0;
  /*int*/ (/*array[3,int]*/ x)[/*int*/ 0] = /*int*/ 222;
  /*int*/ (/*array[3,int]*/ x)[/*int*/ 1] = /*int*/ 333;
  /*int*/ (/*array[3,int]*/ x)[/*int*/ 2] = /*int*/ 444;
  printInt(/*int*/ canary_begin);
  printInt(/*int*/ (/*array[3,int]*/ x)[/*int*/ 0]);
  printInt(/*int*/ (/*array[3,int]*/ x)[/*int*/ 1]);
  printInt(/*int*/ (/*array[3,int]*/ x)[/*int*/ 2]);
  printInt(/*int*/ canary_end);
}> but was: <Error type-checking file.
TypeError(3)[Array size must be an integer or bool type class crux.ast.types.ArrayType]
TypeError(9)[cannot index array[3,array[3,int]] with int]
TypeError(9)[cannot index array[3,array[3,int]] with int]
TypeError(10)[cannot index array[3,array[3,int]] with int]
TypeError(10)[cannot index array[3,array[3,int]] with int]
TypeError(11)[cannot index array[3,array[3,int]] with int]
TypeError(11)[cannot index array[3,array[3,int]] with int]
TypeError(13)[cannot index array[3,array[3,int]] with int]
TypeError(13)[Types do not match]
TypeError(14)[cannot index array[3,array[3,int]] with int]
TypeError(14)[Types do not match]
TypeError(15)[cannot index array[3,array[3,int]] with int]
TypeError(15)[Types do not match]>
	at crux.CompilerStageTests.lambda$6(CompilerStageTests.java:179)
]]></failure>
  </testcase>
  <testcase name="typeCheck" classname="crux.CompilerStageTests" time="0.001">
    <error type="java.util.concurrent.ExecutionException"><![CDATA[java.util.concurrent.ExecutionException: java.lang.ClassCastException: class crux.ast.types.TypeList cannot be cast to class crux.ast.types.FuncType (crux.ast.types.TypeList and crux.ast.types.FuncType are in unnamed module of loader 'app')
	at crux.CompilerStageTests.lambda$6(CompilerStageTests.java:172)
Caused by: java.lang.ClassCastException: class crux.ast.types.TypeList cannot be cast to class crux.ast.types.FuncType (crux.ast.types.TypeList and crux.ast.types.FuncType are in unnamed module of loader 'app')
]]></error>
  </testcase>
  <testcase name="typeCheck" classname="crux.CompilerStageTests" time="0.001">
    <error type="java.util.concurrent.ExecutionException"><![CDATA[java.util.concurrent.ExecutionException: java.lang.ClassCastException: class crux.ast.types.TypeList cannot be cast to class crux.ast.types.FuncType (crux.ast.types.TypeList and crux.ast.types.FuncType are in unnamed module of loader 'app')
	at crux.CompilerStageTests.lambda$6(CompilerStageTests.java:172)
Caused by: java.lang.ClassCastException: class crux.ast.types.TypeList cannot be cast to class crux.ast.types.FuncType (crux.ast.types.TypeList and crux.ast.types.FuncType are in unnamed module of loader 'app')
]]></error>
  </testcase>
  <testcase name="typeCheck" classname="crux.CompilerStageTests" time="0.001">
    <error type="java.util.concurrent.ExecutionException"><![CDATA[java.util.concurrent.ExecutionException: java.lang.ClassCastException: class crux.ast.types.TypeList cannot be cast to class crux.ast.types.FuncType (crux.ast.types.TypeList and crux.ast.types.FuncType are in unnamed module of loader 'app')
	at crux.CompilerStageTests.lambda$6(CompilerStageTests.java:172)
Caused by: java.lang.ClassCastException: class crux.ast.types.TypeList cannot be cast to class crux.ast.types.FuncType (crux.ast.types.TypeList and crux.ast.types.FuncType are in unnamed module of loader 'app')
]]></error>
  </testcase>
  <testcase name="typeCheck" classname="crux.CompilerStageTests" time="0.002"/>
  <testcase name="typeCheck" classname="crux.CompilerStageTests" time="0.001">
    <error type="java.util.concurrent.ExecutionException"><![CDATA[java.util.concurrent.ExecutionException: java.lang.ClassCastException: class crux.ast.types.TypeList cannot be cast to class crux.ast.types.FuncType (crux.ast.types.TypeList and crux.ast.types.FuncType are in unnamed module of loader 'app')
	at crux.CompilerStageTests.lambda$6(CompilerStageTests.java:172)
Caused by: java.lang.ClassCastException: class crux.ast.types.TypeList cannot be cast to class crux.ast.types.FuncType (crux.ast.types.TypeList and crux.ast.types.FuncType are in unnamed module of loader 'app')
]]></error>
  </testcase>
  <testcase name="typeCheck" classname="crux.CompilerStageTests" time="0.001">
    <error type="java.util.concurrent.ExecutionException"><![CDATA[java.util.concurrent.ExecutionException: java.lang.NullPointerException: Cannot invoke "Object.getClass()" because "conditionType" is null
	at crux.CompilerStageTests.lambda$6(CompilerStageTests.java:172)
Caused by: java.lang.NullPointerException: Cannot invoke "Object.getClass()" because "conditionType" is null
]]></error>
  </testcase>
  <testcase name="typeCheck" classname="crux.CompilerStageTests" time="0.003">
    <failure type="org.opentest4j.AssertionFailedError"><![CDATA[org.opentest4j.AssertionFailedError: 
Type check for program crux/stages/type-check/test37.crx differs from expected output. ==> expected: <Crux Program has no type errors.

array[4,int] x;
array[5,int] y;
main() {
  /*int*/ (/*array[4,int]*/ x)[/*int*/ 0] = /*int*/ 0;
  /*int*/ (/*array[4,int]*/ x)[/*int*/ 1] = /*int*/ 1;
  /*int*/ (/*array[4,int]*/ x)[/*int*/ 2] = /*int*/ 2;
  /*int*/ (/*array[4,int]*/ x)[/*int*/ 3] = /*int*/ 3;
  /*int*/ (/*array[5,int]*/ y)[/*int*/ 0] = /*int*/ 0;
  /*int*/ (/*array[5,int]*/ y)[/*int*/ 1] = /*int*/ 1;
  /*int*/ (/*array[5,int]*/ y)[/*int*/ 2] = /*int*/ 2;
  /*int*/ (/*array[5,int]*/ y)[/*int*/ 3] = /*int*/ 3;
  /*int*/ (/*array[5,int]*/ y)[/*int*/ 4] = /*int*/ 4;
  /*int*/ (/*array[4,int]*/ x)[/*int*/ (/*array[5,int]*/ y)[/*int*/ 2]] = /*int*/ (/*array[4,int]*/ x)[/*int*/ (/*array[5,int]*/ y)[/*int*/ 1]];
  printInt(/*int*/ (/*array[4,int]*/ x)[/*int*/ 2]);
}> but was: <Error type-checking file.
TypeError(3)[Array size must be an integer or bool type class crux.ast.types.ArrayType]
TypeError(4)[Array size must be an integer or bool type class crux.ast.types.ArrayType]
TypeError(7)[cannot index array[4,array[4,int]] with int]
TypeError(7)[cannot index array[4,array[4,int]] with int]
TypeError(8)[cannot index array[4,array[4,int]] with int]
TypeError(8)[cannot index array[4,array[4,int]] with int]
TypeError(9)[cannot index array[4,array[4,int]] with int]
TypeError(9)[cannot index array[4,array[4,int]] with int]
TypeError(10)[cannot index array[4,array[4,int]] with int]
TypeError(10)[cannot index array[4,array[4,int]] with int]
TypeError(11)[cannot index array[5,array[5,int]] with int]
TypeError(11)[cannot index array[5,array[5,int]] with int]
TypeError(12)[cannot index array[5,array[5,int]] with int]
TypeError(12)[cannot index array[5,array[5,int]] with int]
TypeError(13)[cannot index array[5,array[5,int]] with int]
TypeError(13)[cannot index array[5,array[5,int]] with int]
TypeError(14)[cannot index array[5,array[5,int]] with int]
TypeError(14)[cannot index array[5,array[5,int]] with int]
TypeError(15)[cannot index array[5,array[5,int]] with int]
TypeError(15)[cannot index array[5,array[5,int]] with int]
TypeError(16)[cannot index array[5,array[5,int]] with int]
TypeError(16)[cannot index array[4,array[4,int]] with ErrorType(cannot index array[5,array[5,int]] with int)]
TypeError(16)[cannot index array[5,array[5,int]] with int]
TypeError(16)[cannot index array[4,array[4,int]] with ErrorType(cannot index array[5,array[5,int]] with int)]
TypeError(16)[cannot index array[4,array[4,int]] with ErrorType(cannot index array[5,array[5,int]] with int)]
TypeError(17)[cannot index array[4,array[4,int]] with int]
TypeError(17)[Types do not match]>
	at crux.CompilerStageTests.lambda$6(CompilerStageTests.java:179)
]]></failure>
  </testcase>
  <testcase name="typeCheck" classname="crux.CompilerStageTests" time="0.003"/>
  <testcase name="typeCheck" classname="crux.CompilerStageTests" time="0.002">
    <error type="java.util.concurrent.ExecutionException"><![CDATA[java.util.concurrent.ExecutionException: java.lang.NullPointerException: Cannot invoke "Object.getClass()" because "conditionType" is null
	at crux.CompilerStageTests.lambda$6(CompilerStageTests.java:172)
Caused by: java.lang.NullPointerException: Cannot invoke "Object.getClass()" because "conditionType" is null
]]></error>
  </testcase>
  <testcase name="typeCheck" classname="crux.CompilerStageTests" time="0.002">
    <error type="java.util.concurrent.ExecutionException"><![CDATA[java.util.concurrent.ExecutionException: java.lang.NullPointerException: Cannot invoke "Object.getClass()" because "conditionType" is null
	at crux.CompilerStageTests.lambda$6(CompilerStageTests.java:172)
Caused by: java.lang.NullPointerException: Cannot invoke "Object.getClass()" because "conditionType" is null
]]></error>
  </testcase>
  <testcase name="typeCheck" classname="crux.CompilerStageTests" time="0.001">
    <error type="java.util.concurrent.ExecutionException"><![CDATA[java.util.concurrent.ExecutionException: java.lang.ClassCastException: class crux.ast.types.TypeList cannot be cast to class crux.ast.types.FuncType (crux.ast.types.TypeList and crux.ast.types.FuncType are in unnamed module of loader 'app')
	at crux.CompilerStageTests.lambda$6(CompilerStageTests.java:172)
Caused by: java.lang.ClassCastException: class crux.ast.types.TypeList cannot be cast to class crux.ast.types.FuncType (crux.ast.types.TypeList and crux.ast.types.FuncType are in unnamed module of loader 'app')
]]></error>
  </testcase>
  <testcase name="typeCheck" classname="crux.CompilerStageTests" time="0.001">
    <error type="java.util.concurrent.ExecutionException"><![CDATA[java.util.concurrent.ExecutionException: java.lang.ClassCastException: class crux.ast.types.TypeList cannot be cast to class crux.ast.types.FuncType (crux.ast.types.TypeList and crux.ast.types.FuncType are in unnamed module of loader 'app')
	at crux.CompilerStageTests.lambda$6(CompilerStageTests.java:172)
Caused by: java.lang.ClassCastException: class crux.ast.types.TypeList cannot be cast to class crux.ast.types.FuncType (crux.ast.types.TypeList and crux.ast.types.FuncType are in unnamed module of loader 'app')
]]></error>
  </testcase>
  <testcase name="typeCheck" classname="crux.CompilerStageTests" time="0.001">
    <error type="java.util.concurrent.ExecutionException"><![CDATA[java.util.concurrent.ExecutionException: java.lang.NullPointerException: Cannot invoke "Object.getClass()" because "conditionType" is null
	at crux.CompilerStageTests.lambda$6(CompilerStageTests.java:172)
Caused by: java.lang.NullPointerException: Cannot invoke "Object.getClass()" because "conditionType" is null
]]></error>
  </testcase>
  <testcase name="typeCheck" classname="crux.CompilerStageTests" time="0.001">
    <error type="java.util.concurrent.ExecutionException"><![CDATA[java.util.concurrent.ExecutionException: java.lang.NullPointerException: Cannot invoke "Object.getClass()" because "conditionType" is null
	at crux.CompilerStageTests.lambda$6(CompilerStageTests.java:172)
Caused by: java.lang.NullPointerException: Cannot invoke "Object.getClass()" because "conditionType" is null
]]></error>
  </testcase>
  <testcase name="typeCheck" classname="crux.CompilerStageTests" time="0.001">
    <error type="java.util.concurrent.ExecutionException"><![CDATA[java.util.concurrent.ExecutionException: java.lang.ClassCastException: class crux.ast.types.TypeList cannot be cast to class crux.ast.types.FuncType (crux.ast.types.TypeList and crux.ast.types.FuncType are in unnamed module of loader 'app')
	at crux.CompilerStageTests.lambda$6(CompilerStageTests.java:172)
Caused by: java.lang.ClassCastException: class crux.ast.types.TypeList cannot be cast to class crux.ast.types.FuncType (crux.ast.types.TypeList and crux.ast.types.FuncType are in unnamed module of loader 'app')
]]></error>
  </testcase>
  <testcase name="typeCheck" classname="crux.CompilerStageTests" time="0.002">
    <error type="java.util.concurrent.ExecutionException"><![CDATA[java.util.concurrent.ExecutionException: java.lang.NullPointerException: Cannot invoke "Object.getClass()" because "conditionType" is null
	at crux.CompilerStageTests.lambda$6(CompilerStageTests.java:172)
Caused by: java.lang.NullPointerException: Cannot invoke "Object.getClass()" because "conditionType" is null
]]></error>
  </testcase>
  <testcase name="typeCheck" classname="crux.CompilerStageTests" time="0.002">
    <failure type="org.opentest4j.AssertionFailedError"><![CDATA[org.opentest4j.AssertionFailedError: 
Type check for program crux/stages/type-check/test47.crx differs from expected output. ==> expected: <Crux Program has no type errors.

int a;
main() {
  /*int*/ a = /*int*/ 1;
  if (/*bool*/ true) {
    int a;
    /*int*/ a = /*int*/ 2;
    if (/*bool*/ true) {
      /*int*/ a = /*int*/ (/*int*/ a * /*int*/ 10);
      int a;
      /*int*/ a = /*int*/ 3;
      if (/*bool*/ true) {
        bool a;
        /*bool*/ a = /*bool*/ true;
        printBool(/*bool*/ a);
        println();
      } else {
      }
      printInt(/*int*/ a);
      println();
    } else {
    }
    printInt(/*int*/ a);
    println();
  } else {
  }
  printInt(/*int*/ a);
  println();
}> but was: <Error type-checking file.
TypeError(17)[Types do not match]>
	at crux.CompilerStageTests.lambda$6(CompilerStageTests.java:179)
]]></failure>
  </testcase>
  <testcase name="typeCheck" classname="crux.CompilerStageTests" time="0.001">
    <error type="java.util.concurrent.ExecutionException"><![CDATA[java.util.concurrent.ExecutionException: java.lang.NullPointerException: Cannot invoke "Object.getClass()" because "conditionType" is null
	at crux.CompilerStageTests.lambda$6(CompilerStageTests.java:172)
Caused by: java.lang.NullPointerException: Cannot invoke "Object.getClass()" because "conditionType" is null
]]></error>
  </testcase>
  <testcase name="typeCheck" classname="crux.CompilerStageTests" time="0.001">
    <error type="java.util.concurrent.ExecutionException"><![CDATA[java.util.concurrent.ExecutionException: java.lang.NullPointerException: Cannot invoke "Object.getClass()" because "conditionType" is null
	at crux.CompilerStageTests.lambda$6(CompilerStageTests.java:172)
Caused by: java.lang.NullPointerException: Cannot invoke "Object.getClass()" because "conditionType" is null
]]></error>
  </testcase>
  <testcase name="typeCheck" classname="crux.CompilerStageTests" time="0.002">
    <error type="java.util.concurrent.ExecutionException"><![CDATA[java.util.concurrent.ExecutionException: java.lang.NullPointerException: Cannot invoke "Object.getClass()" because "conditionType" is null
	at crux.CompilerStageTests.lambda$6(CompilerStageTests.java:172)
Caused by: java.lang.NullPointerException: Cannot invoke "Object.getClass()" because "conditionType" is null
]]></error>
  </testcase>
</testsuite>