<?xml version="1.0" encoding="UTF-8"?>
<testsuite xmlns:xsi="http://www.w3.org/2001/XMLSchema-instance" xsi:noNamespaceSchemaLocation="https://maven.apache.org/surefire/maven-surefire-plugin/xsd/surefire-test-report-3.0.xsd" version="3.0" name="crux.CompilerStageTests" time="3.176" tests="50" errors="47" skipped="0" failures="1">
  <properties>
[...]
</properties>
  <testcase name="codegen" classname="crux.CompilerStageTests" time="0.12"/>
  <testcase name="codegen" classname="crux.CompilerStageTests" time="0.072">
    <error type="java.util.concurrent.ExecutionException"><![CDATA[java.util.concurrent.ExecutionException: java.lang.Error: Assembling and linking failed
	at crux.CompilerStageTests.lambda$codegen$9(CompilerStageTests.java:290)
Caused by: java.lang.Error: Assembling and linking failed
]]></error>
  </testcase>
  <testcase name="codegen" classname="crux.CompilerStageTests" time="0.049">
    <error type="java.util.concurrent.ExecutionException"><![CDATA[java.util.concurrent.ExecutionException: java.lang.Error: Assembling and linking failed
	at crux.CompilerStageTests.lambda$codegen$9(CompilerStageTests.java:290)
Caused by: java.lang.Error: Assembling and linking failed
]]></error>
  </testcase>
  <testcase name="codegen" classname="crux.CompilerStageTests" time="0.054">
    <error type="java.util.concurrent.ExecutionException"><![CDATA[java.util.concurrent.ExecutionException: java.lang.Error: Assembling and linking failed
	at crux.CompilerStageTests.lambda$codegen$9(CompilerStageTests.java:290)
Caused by: java.lang.Error: Assembling and linking failed
]]></error>
  </testcase>
  <testcase name="codegen" classname="crux.CompilerStageTests" time="0.081"/>
  <testcase name="codegen" classname="crux.CompilerStageTests" time="0.063">
    <error type="java.util.concurrent.ExecutionException"><![CDATA[java.util.concurrent.ExecutionException: java.lang.Error: Assembling and linking failed
	at crux.CompilerStageTests.lambda$codegen$9(CompilerStageTests.java:290)
Caused by: java.lang.Error: Assembling and linking failed
]]></error>
  </testcase>
  <testcase name="codegen" classname="crux.CompilerStageTests" time="0.048">
    <error type="java.util.concurrent.ExecutionException"><![CDATA[java.util.concurrent.ExecutionException: java.lang.Error: Assembling and linking failed
	at crux.CompilerStageTests.lambda$codegen$9(CompilerStageTests.java:290)
Caused by: java.lang.Error: Assembling and linking failed
]]></error>
  </testcase>
  <testcase name="codegen" classname="crux.CompilerStageTests" time="0.051">
    <error type="java.util.concurrent.ExecutionException"><![CDATA[java.util.concurrent.ExecutionException: java.lang.Error: Assembling and linking failed
	at crux.CompilerStageTests.lambda$codegen$9(CompilerStageTests.java:290)
Caused by: java.lang.Error: Assembling and linking failed
]]></error>
  </testcase>
  <testcase name="codegen" classname="crux.CompilerStageTests" time="0.051">
    <error type="java.util.concurrent.ExecutionException"><![CDATA[java.util.concurrent.ExecutionException: java.lang.Error: Assembling and linking failed
	at crux.CompilerStageTests.lambda$codegen$9(CompilerStageTests.java:290)
Caused by: java.lang.Error: Assembling and linking failed
]]></error>
  </testcase>
  <testcase name="codegen" classname="crux.CompilerStageTests" time="0.057">
    <error type="java.util.concurrent.ExecutionException"><![CDATA[java.util.concurrent.ExecutionException: java.lang.Error: Assembling and linking failed
	at crux.CompilerStageTests.lambda$codegen$9(CompilerStageTests.java:290)
Caused by: java.lang.Error: Assembling and linking failed
]]></error>
  </testcase>
  <testcase name="codegen" classname="crux.CompilerStageTests" time="0.049">
    <error type="java.util.concurrent.ExecutionException"><![CDATA[java.util.concurrent.ExecutionException: java.lang.Error: Assembling and linking failed
	at crux.CompilerStageTests.lambda$codegen$9(CompilerStageTests.java:290)
Caused by: java.lang.Error: Assembling and linking failed
]]></error>
  </testcase>
  <testcase name="codegen" classname="crux.CompilerStageTests" time="0.047">
    <error type="java.util.concurrent.ExecutionException"><![CDATA[java.util.concurrent.ExecutionException: java.lang.Error: Assembling and linking failed
	at crux.CompilerStageTests.lambda$codegen$9(CompilerStageTests.java:290)
Caused by: java.lang.Error: Assembling and linking failed
]]></error>
  </testcase>
  <testcase name="codegen" classname="crux.CompilerStageTests" time="0.086">
    <failure type="org.opentest4j.AssertionFailedError"><![CDATA[org.opentest4j.AssertionFailedError: CodeGen for program crux/stages/codegen/test13.crx differs from expected output. ==> expected: <int?7> but was: <int?0>
	at crux.CompilerStageTests.lambda$codegen$9(CompilerStageTests.java:297)
]]></failure>
  </testcase>
  <testcase name="codegen" classname="crux.CompilerStageTests" time="0.056">
    <error type="java.util.concurrent.ExecutionException"><![CDATA[java.util.concurrent.ExecutionException: java.lang.Error: Assembling and linking failed
	at crux.CompilerStageTests.lambda$codegen$9(CompilerStageTests.java:290)
Caused by: java.lang.Error: Assembling and linking failed
]]></error>
  </testcase>
  <testcase name="codegen" classname="crux.CompilerStageTests" time="0.04">
    <error type="java.util.concurrent.ExecutionException"><![CDATA[java.util.concurrent.ExecutionException: java.lang.Error: Assembling and linking failed
	at crux.CompilerStageTests.lambda$codegen$9(CompilerStageTests.java:290)
Caused by: java.lang.Error: Assembling and linking failed
]]></error>
  </testcase>
  <testcase name="codegen" classname="crux.CompilerStageTests" time="0.055">
    <error type="java.util.concurrent.ExecutionException"><![CDATA[java.util.concurrent.ExecutionException: java.lang.Error: Assembling and linking failed
	at crux.CompilerStageTests.lambda$codegen$9(CompilerStageTests.java:290)
Caused by: java.lang.Error: Assembling and linking failed
]]></error>
  </testcase>
  <testcase name="codegen" classname="crux.CompilerStageTests" time="0.074">
    <error type="java.util.concurrent.ExecutionException"><![CDATA[java.util.concurrent.ExecutionException: java.lang.Error: Assembling and linking failed
	at crux.CompilerStageTests.lambda$codegen$9(CompilerStageTests.java:290)
Caused by: java.lang.Error: Assembling and linking failed
]]></error>
  </testcase>
  <testcase name="codegen" classname="crux.CompilerStageTests" time="0.041">
    <error type="java.util.concurrent.ExecutionException"><![CDATA[java.util.concurrent.ExecutionException: java.lang.Error: Assembling and linking failed
	at crux.CompilerStageTests.lambda$codegen$9(CompilerStageTests.java:290)
Caused by: java.lang.Error: Assembling and linking failed
]]></error>
  </testcase>
  <testcase name="codegen" classname="crux.CompilerStageTests" time="0.052">
    <error type="java.util.concurrent.ExecutionException"><![CDATA[java.util.concurrent.ExecutionException: java.lang.Error: Assembling and linking failed
	at crux.CompilerStageTests.lambda$codegen$9(CompilerStageTests.java:290)
Caused by: java.lang.Error: Assembling and linking failed
]]></error>
  </testcase>
  <testcase name="codegen" classname="crux.CompilerStageTests" time="0.048">
    <error type="java.util.concurrent.ExecutionException"><![CDATA[java.util.concurrent.ExecutionException: java.lang.Error: Assembling and linking failed
	at crux.CompilerStageTests.lambda$codegen$9(CompilerStageTests.java:290)
Caused by: java.lang.Error: Assembling and linking failed
]]></error>
  </testcase>
  <testcase name="codegen" classname="crux.CompilerStageTests" time="0.043">
    <error type="java.util.concurrent.ExecutionException"><![CDATA[java.util.concurrent.ExecutionException: java.lang.Error: Assembling and linking failed
	at crux.CompilerStageTests.lambda$codegen$9(CompilerStageTests.java:290)
Caused by: java.lang.Error: Assembling and linking failed
]]></error>
  </testcase>
  <testcase name="codegen" classname="crux.CompilerStageTests" time="0.057">
    <error type="java.util.concurrent.ExecutionException"><![CDATA[java.util.concurrent.ExecutionException: java.lang.Error: Assembling and linking failed
	at crux.CompilerStageTests.lambda$codegen$9(CompilerStageTests.java:290)
Caused by: java.lang.Error: Assembling and linking failed
]]></error>
  </testcase>
  <testcase name="codegen" classname="crux.CompilerStageTests" time="0.06">
    <error type="java.util.concurrent.ExecutionException"><![CDATA[java.util.concurrent.ExecutionException: java.lang.Error: Assembling and linking failed
	at crux.CompilerStageTests.lambda$codegen$9(CompilerStageTests.java:290)
Caused by: java.lang.Error: Assembling and linking failed
]]></error>
  </testcase>
  <testcase name="codegen" classname="crux.CompilerStageTests" time="0.053">
    <error type="java.util.concurrent.ExecutionException"><![CDATA[java.util.concurrent.ExecutionException: java.lang.Error: Assembling and linking failed
	at crux.CompilerStageTests.lambda$codegen$9(CompilerStageTests.java:290)
Caused by: java.lang.Error: Assembling and linking failed
]]></error>
  </testcase>
  <testcase name="codegen" classname="crux.CompilerStageTests" time="0.044">
    <error type="java.util.concurrent.ExecutionException"><![CDATA[java.util.concurrent.ExecutionException: java.lang.Error: Assembling and linking failed
	at crux.CompilerStageTests.lambda$codegen$9(CompilerStageTests.java:290)
Caused by: java.lang.Error: Assembling and linking failed
]]></error>
  </testcase>
  <testcase name="codegen" classname="crux.CompilerStageTests" time="0.045">
    <error type="java.util.concurrent.ExecutionException"><![CDATA[java.util.concurrent.ExecutionException: java.lang.Error: Assembling and linking failed
	at crux.CompilerStageTests.lambda$codegen$9(CompilerStageTests.java:290)
Caused by: java.lang.Error: Assembling and linking failed
]]></error>
  </testcase>
  <testcase name="codegen" classname="crux.CompilerStageTests" time="0.05">
    <error type="java.util.concurrent.ExecutionException"><![CDATA[java.util.concurrent.ExecutionException: java.lang.Error: Assembling and linking failed
	at crux.CompilerStageTests.lambda$codegen$9(CompilerStageTests.java:290)
Caused by: java.lang.Error: Assembling and linking failed
]]></error>
  </testcase>
  <testcase name="codegen" classname="crux.CompilerStageTests" time="0.057">
    <error type="java.util.concurrent.ExecutionException"><![CDATA[java.util.concurrent.ExecutionException: java.lang.Error: Assembling and linking failed
	at crux.CompilerStageTests.lambda$codegen$9(CompilerStageTests.java:290)
Caused by: java.lang.Error: Assembling and linking failed
]]></error>
  </testcase>
  <testcase name="codegen" classname="crux.CompilerStageTests" time="0.073">
    <error type="java.util.concurrent.ExecutionException"><![CDATA[java.util.concurrent.ExecutionException: java.lang.Error: Assembling and linking failed
	at crux.CompilerStageTests.lambda$codegen$9(CompilerStageTests.java:290)
Caused by: java.lang.Error: Assembling and linking failed
]]></error>
  </testcase>
  <testcase name="codegen" classname="crux.CompilerStageTests" time="0.101">
    <error type="java.util.concurrent.ExecutionException"><![CDATA[java.util.concurrent.ExecutionException: java.lang.Error: Assembling and linking failed
	at crux.CompilerStageTests.lambda$codegen$9(CompilerStageTests.java:290)
Caused by: java.lang.Error: Assembling and linking failed
]]></error>
  </testcase>
  <testcase name="codegen" classname="crux.CompilerStageTests" time="0.082">
    <error type="java.util.concurrent.ExecutionException"><![CDATA[java.util.concurrent.ExecutionException: java.lang.Error: Assembling and linking failed
	at crux.CompilerStageTests.lambda$codegen$9(CompilerStageTests.java:290)
Caused by: java.lang.Error: Assembling and linking failed
]]></error>
  </testcase>
  <testcase name="codegen" classname="crux.CompilerStageTests" time="0.066">
    <error type="java.util.concurrent.ExecutionException"><![CDATA[java.util.concurrent.ExecutionException: java.lang.Error: Assembling and linking failed
	at crux.CompilerStageTests.lambda$codegen$9(CompilerStageTests.java:290)
Caused by: java.lang.Error: Assembling and linking failed
]]></error>
  </testcase>
  <testcase name="codegen" classname="crux.CompilerStageTests" time="0.056">
    <error type="java.util.concurrent.ExecutionException"><![CDATA[java.util.concurrent.ExecutionException: java.lang.Error: Assembling and linking failed
	at crux.CompilerStageTests.lambda$codegen$9(CompilerStageTests.java:290)
Caused by: java.lang.Error: Assembling and linking failed
]]></error>
  </testcase>
  <testcase name="codegen" classname="crux.CompilerStageTests" time="0.111">
    <error type="java.util.concurrent.ExecutionException"><![CDATA[java.util.concurrent.ExecutionException: java.lang.Error: Assembling and linking failed
	at crux.CompilerStageTests.lambda$codegen$9(CompilerStageTests.java:290)
Caused by: java.lang.Error: Assembling and linking failed
]]></error>
  </testcase>
  <testcase name="codegen" classname="crux.CompilerStageTests" time="0.077">
    <error type="java.util.concurrent.ExecutionException"><![CDATA[java.util.concurrent.ExecutionException: java.lang.Error: Assembling and linking failed
	at crux.CompilerStageTests.lambda$codegen$9(CompilerStageTests.java:290)
Caused by: java.lang.Error: Assembling and linking failed
]]></error>
  </testcase>
  <testcase name="codegen" classname="crux.CompilerStageTests" time="0.04">
    <error type="java.util.concurrent.ExecutionException"><![CDATA[java.util.concurrent.ExecutionException: java.lang.Error: Assembling and linking failed
	at crux.CompilerStageTests.lambda$codegen$9(CompilerStageTests.java:290)
Caused by: java.lang.Error: Assembling and linking failed
]]></error>
  </testcase>
  <testcase name="codegen" classname="crux.CompilerStageTests" time="0.112">
    <error type="java.util.concurrent.ExecutionException"><![CDATA[java.util.concurrent.ExecutionException: java.lang.Error: Assembling and linking failed
	at crux.CompilerStageTests.lambda$codegen$9(CompilerStageTests.java:290)
Caused by: java.lang.Error: Assembling and linking failed
]]></error>
  </testcase>
  <testcase name="codegen" classname="crux.CompilerStageTests" time="0.048">
    <error type="java.util.concurrent.ExecutionException"><![CDATA[java.util.concurrent.ExecutionException: java.lang.Error: Assembling and linking failed
	at crux.CompilerStageTests.lambda$codegen$9(CompilerStageTests.java:290)
Caused by: java.lang.Error: Assembling and linking failed
]]></error>
  </testcase>
  <testcase name="codegen" classname="crux.CompilerStageTests" time="0.065">
    <error type="java.util.concurrent.ExecutionException"><![CDATA[java.util.concurrent.ExecutionException: java.lang.Error: Assembling and linking failed
	at crux.CompilerStageTests.lambda$codegen$9(CompilerStageTests.java:290)
Caused by: java.lang.Error: Assembling and linking failed
]]></error>
  </testcase>
  <testcase name="codegen" classname="crux.CompilerStageTests" time="0.075">
    <error type="java.util.concurrent.ExecutionException"><![CDATA[java.util.concurrent.ExecutionException: java.lang.Error: Assembling and linking failed
	at crux.CompilerStageTests.lambda$codegen$9(CompilerStageTests.java:290)
Caused by: java.lang.Error: Assembling and linking failed
]]></error>
  </testcase>
  <testcase name="codegen" classname="crux.CompilerStageTests" time="0.059">
    <error type="java.util.concurrent.ExecutionException"><![CDATA[java.util.concurrent.ExecutionException: java.lang.Error: Assembling and linking failed
	at crux.CompilerStageTests.lambda$codegen$9(CompilerStageTests.java:290)
Caused by: java.lang.Error: Assembling and linking failed
]]></error>
  </testcase>
  <testcase name="codegen" classname="crux.CompilerStageTests" time="0.086">
    <error type="java.util.concurrent.ExecutionException"><![CDATA[java.util.concurrent.ExecutionException: java.lang.Error: Assembling and linking failed
	at crux.CompilerStageTests.lambda$codegen$9(CompilerStageTests.java:290)
Caused by: java.lang.Error: Assembling and linking failed
]]></error>
  </testcase>
  <testcase name="codegen" classname="crux.CompilerStageTests" time="0.044">
    <error type="java.util.concurrent.ExecutionException"><![CDATA[java.util.concurrent.ExecutionException: java.lang.Error: Assembling and linking failed
	at crux.CompilerStageTests.lambda$codegen$9(CompilerStageTests.java:290)
Caused by: java.lang.Error: Assembling and linking failed
]]></error>
  </testcase>
  <testcase name="codegen" classname="crux.CompilerStageTests" time="0.041">
    <error type="java.util.concurrent.ExecutionException"><![CDATA[java.util.concurrent.ExecutionException: java.lang.Error: Assembling and linking failed
	at crux.CompilerStageTests.lambda$codegen$9(CompilerStageTests.java:290)
Caused by: java.lang.Error: Assembling and linking failed
]]></error>
  </testcase>
  <testcase name="codegen" classname="crux.CompilerStageTests" time="0.086">
    <error type="java.util.concurrent.ExecutionException"><![CDATA[java.util.concurrent.ExecutionException: java.lang.Error: Assembling and linking failed
	at crux.CompilerStageTests.lambda$codegen$9(CompilerStageTests.java:290)
Caused by: java.lang.Error: Assembling and linking failed
]]></error>
  </testcase>
  <testcase name="codegen" classname="crux.CompilerStageTests" time="0.047">
    <error type="java.util.concurrent.ExecutionException"><![CDATA[java.util.concurrent.ExecutionException: java.lang.Error: Assembling and linking failed
	at crux.CompilerStageTests.lambda$codegen$9(CompilerStageTests.java:290)
Caused by: java.lang.Error: Assembling and linking failed
]]></error>
  </testcase>
  <testcase name="codegen" classname="crux.CompilerStageTests" time="0.042">
    <error type="java.util.concurrent.ExecutionException"><![CDATA[java.util.concurrent.ExecutionException: java.lang.Error: Assembling and linking failed
	at crux.CompilerStageTests.lambda$codegen$9(CompilerStageTests.java:290)
Caused by: java.lang.Error: Assembling and linking failed
]]></error>
  </testcase>
  <testcase name="codegen" classname="crux.CompilerStageTests" time="0.042">
    <error type="java.util.concurrent.ExecutionException"><![CDATA[java.util.concurrent.ExecutionException: java.lang.Error: Assembling and linking failed
	at crux.CompilerStageTests.lambda$codegen$9(CompilerStageTests.java:290)
Caused by: java.lang.Error: Assembling and linking failed
]]></error>
  </testcase>
  <testcase name="codegen" classname="crux.CompilerStageTests" time="0.045">
    <error type="java.util.concurrent.ExecutionException"><![CDATA[java.util.concurrent.ExecutionException: java.lang.Error: Assembling and linking failed
	at crux.CompilerStageTests.lambda$codegen$9(CompilerStageTests.java:290)
Caused by: java.lang.Error: Assembling and linking failed
]]></error>
  </testcase>
  <testcase name="codegen" classname="crux.CompilerStageTests" time="0.05">
    <error type="java.util.concurrent.ExecutionException"><![CDATA[java.util.concurrent.ExecutionException: java.lang.Error: Assembling and linking failed
	at crux.CompilerStageTests.lambda$codegen$9(CompilerStageTests.java:290)
Caused by: java.lang.Error: Assembling and linking failed
]]></error>
  </testcase>
</testsuite>