<?xml version="1.0" encoding="UTF-8"?>
<testsuite xmlns:xsi="http://www.w3.org/2001/XMLSchema-instance" xsi:noNamespaceSchemaLocation="https://maven.apache.org/surefire/maven-surefire-plugin/xsd/surefire-test-report-3.0.xsd" version="3.0" name="crux.CompilerStageTests" time="1.531" tests="50" errors="50" skipped="0" failures="0">
  <properties>
[...]
</properties>
  <testcase name="codegen" classname="crux.CompilerStageTests" time="0.611">
    <error type="java.util.concurrent.ExecutionException"><![CDATA[java.util.concurrent.ExecutionException: java.io.IOException: Cannot run program "gcc": CreateProcess error=2, The system cannot find the file specified
	at crux.CompilerStageTests.lambda$codegen$9(CompilerStageTests.java:290)
Caused by: java.io.IOException: Cannot run program "gcc": CreateProcess error=2, The system cannot find the file specified
Caused by: java.io.IOException: CreateProcess error=2, The system cannot find the file specified
]]></error>
  </testcase>
  <testcase name="codegen" classname="crux.CompilerStageTests" time="0.089">
    <error type="java.util.concurrent.ExecutionException"><![CDATA[java.util.concurrent.ExecutionException: java.lang.NullPointerException: Cannot invoke "java.lang.Integer.intValue()" because the return value of "java.util.HashMap.get(Object)" is null
	at crux.CompilerStageTests.lambda$codegen$9(CompilerStageTests.java:290)
Caused by: java.lang.NullPointerException: Cannot invoke "java.lang.Integer.intValue()" because the return value of "java.util.HashMap.get(Object)" is null
]]></error>
  </testcase>
  <testcase name="codegen" classname="crux.CompilerStageTests" time="0.025">
    <error type="java.util.concurrent.ExecutionException"><![CDATA[java.util.concurrent.ExecutionException: java.lang.NullPointerException: Cannot invoke "java.lang.Integer.intValue()" because the return value of "java.util.HashMap.get(Object)" is null
	at crux.CompilerStageTests.lambda$codegen$9(CompilerStageTests.java:290)
Caused by: java.lang.NullPointerException: Cannot invoke "java.lang.Integer.intValue()" because the return value of "java.util.HashMap.get(Object)" is null
]]></error>
  </testcase>
  <testcase name="codegen" classname="crux.CompilerStageTests" time="0.05">
    <error type="java.util.concurrent.ExecutionException"><![CDATA[java.util.concurrent.ExecutionException: java.lang.NullPointerException: Cannot invoke "java.lang.Integer.intValue()" because the return value of "java.util.HashMap.get(Object)" is null
	at crux.CompilerStageTests.lambda$codegen$9(CompilerStageTests.java:290)
Caused by: java.lang.NullPointerException: Cannot invoke "java.lang.Integer.intValue()" because the return value of "java.util.HashMap.get(Object)" is null
]]></error>
  </testcase>
  <testcase name="codegen" classname="crux.CompilerStageTests" time="0.034">
    <error type="java.util.concurrent.ExecutionException"><![CDATA[java.util.concurrent.ExecutionException: java.io.IOException: Cannot run program "gcc": CreateProcess error=2, The system cannot find the file specified
	at crux.CompilerStageTests.lambda$codegen$9(CompilerStageTests.java:290)
Caused by: java.io.IOException: Cannot run program "gcc": CreateProcess error=2, The system cannot find the file specified
Caused by: java.io.IOException: CreateProcess error=2, The system cannot find the file specified
]]></error>
  </testcase>
  <testcase name="codegen" classname="crux.CompilerStageTests" time="0.015">
    <error type="java.util.concurrent.ExecutionException"><![CDATA[java.util.concurrent.ExecutionException: java.lang.NullPointerException: Cannot invoke "java.lang.Integer.intValue()" because the return value of "java.util.HashMap.get(Object)" is null
	at crux.CompilerStageTests.lambda$codegen$9(CompilerStageTests.java:290)
Caused by: java.lang.NullPointerException: Cannot invoke "java.lang.Integer.intValue()" because the return value of "java.util.HashMap.get(Object)" is null
]]></error>
  </testcase>
  <testcase name="codegen" classname="crux.CompilerStageTests" time="0.006">
    <error type="java.util.concurrent.ExecutionException"><![CDATA[java.util.concurrent.ExecutionException: java.lang.NullPointerException: Cannot invoke "java.lang.Integer.intValue()" because the return value of "java.util.HashMap.get(Object)" is null
	at crux.CompilerStageTests.lambda$codegen$9(CompilerStageTests.java:290)
Caused by: java.lang.NullPointerException: Cannot invoke "java.lang.Integer.intValue()" because the return value of "java.util.HashMap.get(Object)" is null
]]></error>
  </testcase>
  <testcase name="codegen" classname="crux.CompilerStageTests" time="0.006">
    <error type="java.util.concurrent.ExecutionException"><![CDATA[java.util.concurrent.ExecutionException: java.lang.NullPointerException: Cannot invoke "java.lang.Integer.intValue()" because the return value of "java.util.HashMap.get(Object)" is null
	at crux.CompilerStageTests.lambda$codegen$9(CompilerStageTests.java:290)
Caused by: java.lang.NullPointerException: Cannot invoke "java.lang.Integer.intValue()" because the return value of "java.util.HashMap.get(Object)" is null
]]></error>
  </testcase>
  <testcase name="codegen" classname="crux.CompilerStageTests" time="0.006">
    <error type="java.util.concurrent.ExecutionException"><![CDATA[java.util.concurrent.ExecutionException: java.lang.NullPointerException: Cannot invoke "java.lang.Integer.intValue()" because the return value of "java.util.HashMap.get(Object)" is null
	at crux.CompilerStageTests.lambda$codegen$9(CompilerStageTests.java:290)
Caused by: java.lang.NullPointerException: Cannot invoke "java.lang.Integer.intValue()" because the return value of "java.util.HashMap.get(Object)" is null
]]></error>
  </testcase>
  <testcase name="codegen" classname="crux.CompilerStageTests" time="0.008">
    <error type="java.util.concurrent.ExecutionException"><![CDATA[java.util.concurrent.ExecutionException: java.lang.NullPointerException: Cannot invoke "java.lang.Integer.intValue()" because the return value of "java.util.HashMap.get(Object)" is null
	at crux.CompilerStageTests.lambda$codegen$9(CompilerStageTests.java:290)
Caused by: java.lang.NullPointerException: Cannot invoke "java.lang.Integer.intValue()" because the return value of "java.util.HashMap.get(Object)" is null
]]></error>
  </testcase>
  <testcase name="codegen" classname="crux.CompilerStageTests" time="0.006">
    <error type="java.util.concurrent.ExecutionException"><![CDATA[java.util.concurrent.ExecutionException: java.lang.NullPointerException: Cannot invoke "java.lang.Integer.intValue()" because the return value of "java.util.HashMap.get(Object)" is null
	at crux.CompilerStageTests.lambda$codegen$9(CompilerStageTests.java:290)
Caused by: java.lang.NullPointerException: Cannot invoke "java.lang.Integer.intValue()" because the return value of "java.util.HashMap.get(Object)" is null
]]></error>
  </testcase>
  <testcase name="codegen" classname="crux.CompilerStageTests" time="0.017">
    <error type="java.util.concurrent.ExecutionException"><![CDATA[java.util.concurrent.ExecutionException: java.lang.NullPointerException: Cannot invoke "java.lang.Integer.intValue()" because the return value of "java.util.HashMap.get(Object)" is null
	at crux.CompilerStageTests.lambda$codegen$9(CompilerStageTests.java:290)
Caused by: java.lang.NullPointerException: Cannot invoke "java.lang.Integer.intValue()" because the return value of "java.util.HashMap.get(Object)" is null
]]></error>
  </testcase>
  <testcase name="codegen" classname="crux.CompilerStageTests" time="0.022">
    <error type="java.util.concurrent.ExecutionException"><![CDATA[java.util.concurrent.ExecutionException: java.io.IOException: Cannot run program "gcc": CreateProcess error=2, The system cannot find the file specified
	at crux.CompilerStageTests.lambda$codegen$9(CompilerStageTests.java:290)
Caused by: java.io.IOException: Cannot run program "gcc": CreateProcess error=2, The system cannot find the file specified
Caused by: java.io.IOException: CreateProcess error=2, The system cannot find the file specified
]]></error>
  </testcase>
  <testcase name="codegen" classname="crux.CompilerStageTests" time="0.03">
    <error type="java.util.concurrent.ExecutionException"><![CDATA[java.util.concurrent.ExecutionException: java.io.IOException: Cannot run program "gcc": CreateProcess error=2, The system cannot find the file specified
	at crux.CompilerStageTests.lambda$codegen$9(CompilerStageTests.java:290)
Caused by: java.io.IOException: Cannot run program "gcc": CreateProcess error=2, The system cannot find the file specified
Caused by: java.io.IOException: CreateProcess error=2, The system cannot find the file specified
]]></error>
  </testcase>
  <testcase name="codegen" classname="crux.CompilerStageTests" time="0.006">
    <error type="java.util.concurrent.ExecutionException"><![CDATA[java.util.concurrent.ExecutionException: java.lang.NullPointerException: Cannot invoke "java.lang.Integer.intValue()" because the return value of "java.util.HashMap.get(Object)" is null
	at crux.CompilerStageTests.lambda$codegen$9(CompilerStageTests.java:290)
Caused by: java.lang.NullPointerException: Cannot invoke "java.lang.Integer.intValue()" because the return value of "java.util.HashMap.get(Object)" is null
]]></error>
  </testcase>
  <testcase name="codegen" classname="crux.CompilerStageTests" time="0.005">
    <error type="java.util.concurrent.ExecutionException"><![CDATA[java.util.concurrent.ExecutionException: java.lang.NullPointerException: Cannot invoke "java.lang.Integer.intValue()" because the return value of "java.util.HashMap.get(Object)" is null
	at crux.CompilerStageTests.lambda$codegen$9(CompilerStageTests.java:290)
Caused by: java.lang.NullPointerException: Cannot invoke "java.lang.Integer.intValue()" because the return value of "java.util.HashMap.get(Object)" is null
]]></error>
  </testcase>
  <testcase name="codegen" classname="crux.CompilerStageTests" time="0.023">
    <error type="java.util.concurrent.ExecutionException"><![CDATA[java.util.concurrent.ExecutionException: java.lang.NullPointerException: Cannot invoke "java.lang.Integer.intValue()" because the return value of "java.util.HashMap.get(Object)" is null
	at crux.CompilerStageTests.lambda$codegen$9(CompilerStageTests.java:290)
Caused by: java.lang.NullPointerException: Cannot invoke "java.lang.Integer.intValue()" because the return value of "java.util.HashMap.get(Object)" is null
]]></error>
  </testcase>
  <testcase name="codegen" classname="crux.CompilerStageTests" time="0.007">
    <error type="java.util.concurrent.ExecutionException"><![CDATA[java.util.concurrent.ExecutionException: java.lang.NullPointerException: Cannot invoke "java.lang.Integer.intValue()" because the return value of "java.util.HashMap.get(Object)" is null
	at crux.CompilerStageTests.lambda$codegen$9(CompilerStageTests.java:290)
Caused by: java.lang.NullPointerException: Cannot invoke "java.lang.Integer.intValue()" because the return value of "java.util.HashMap.get(Object)" is null
]]></error>
  </testcase>
  <testcase name="codegen" classname="crux.CompilerStageTests" time="0.006">
    <error type="java.util.concurrent.ExecutionException"><![CDATA[java.util.concurrent.ExecutionException: java.lang.NullPointerException: Cannot invoke "java.lang.Integer.intValue()" because the return value of "java.util.HashMap.get(Object)" is null
	at crux.CompilerStageTests.lambda$codegen$9(CompilerStageTests.java:290)
Caused by: java.lang.NullPointerException: Cannot invoke "java.lang.Integer.intValue()" because the return value of "java.util.HashMap.get(Object)" is null
]]></error>
  </testcase>
  <testcase name="codegen" classname="crux.CompilerStageTests" time="0.007">
    <error type="java.util.concurrent.ExecutionException"><![CDATA[java.util.concurrent.ExecutionException: java.lang.NullPointerException: Cannot invoke "java.lang.Integer.intValue()" because the return value of "java.util.HashMap.get(Object)" is null
	at crux.CompilerStageTests.lambda$codegen$9(CompilerStageTests.java:290)
Caused by: java.lang.NullPointerException: Cannot invoke "java.lang.Integer.intValue()" because the return value of "java.util.HashMap.get(Object)" is null
]]></error>
  </testcase>
  <testcase name="codegen" classname="crux.CompilerStageTests" time="0.007">
    <error type="java.util.concurrent.ExecutionException"><![CDATA[java.util.concurrent.ExecutionException: java.lang.NullPointerException: Cannot invoke "java.lang.Integer.intValue()" because the return value of "java.util.HashMap.get(Object)" is null
	at crux.CompilerStageTests.lambda$codegen$9(CompilerStageTests.java:290)
Caused by: java.lang.NullPointerException: Cannot invoke "java.lang.Integer.intValue()" because the return value of "java.util.HashMap.get(Object)" is null
]]></error>
  </testcase>
  <testcase name="codegen" classname="crux.CompilerStageTests" time="0.006">
    <error type="java.util.concurrent.ExecutionException"><![CDATA[java.util.concurrent.ExecutionException: java.lang.NullPointerException: Cannot invoke "java.lang.Integer.intValue()" because the return value of "java.util.HashMap.get(Object)" is null
	at crux.CompilerStageTests.lambda$codegen$9(CompilerStageTests.java:290)
Caused by: java.lang.NullPointerException: Cannot invoke "java.lang.Integer.intValue()" because the return value of "java.util.HashMap.get(Object)" is null
]]></error>
  </testcase>
  <testcase name="codegen" classname="crux.CompilerStageTests" time="0.006">
    <error type="java.util.concurrent.ExecutionException"><![CDATA[java.util.concurrent.ExecutionException: java.lang.NullPointerException: Cannot invoke "java.lang.Integer.intValue()" because the return value of "java.util.HashMap.get(Object)" is null
	at crux.CompilerStageTests.lambda$codegen$9(CompilerStageTests.java:290)
Caused by: java.lang.NullPointerException: Cannot invoke "java.lang.Integer.intValue()" because the return value of "java.util.HashMap.get(Object)" is null
]]></error>
  </testcase>
  <testcase name="codegen" classname="crux.CompilerStageTests" time="0.006">
    <error type="java.util.concurrent.ExecutionException"><![CDATA[java.util.concurrent.ExecutionException: java.lang.NullPointerException: Cannot invoke "java.lang.Integer.intValue()" because the return value of "java.util.HashMap.get(Object)" is null
	at crux.CompilerStageTests.lambda$codegen$9(CompilerStageTests.java:290)
Caused by: java.lang.NullPointerException: Cannot invoke "java.lang.Integer.intValue()" because the return value of "java.util.HashMap.get(Object)" is null
]]></error>
  </testcase>
  <testcase name="codegen" classname="crux.CompilerStageTests" time="0.005">
    <error type="java.util.concurrent.ExecutionException"><![CDATA[java.util.concurrent.ExecutionException: java.lang.NullPointerException: Cannot invoke "java.lang.Integer.intValue()" because the return value of "java.util.HashMap.get(Object)" is null
	at crux.CompilerStageTests.lambda$codegen$9(CompilerStageTests.java:290)
Caused by: java.lang.NullPointerException: Cannot invoke "java.lang.Integer.intValue()" because the return value of "java.util.HashMap.get(Object)" is null
]]></error>
  </testcase>
  <testcase name="codegen" classname="crux.CompilerStageTests" time="0.006">
    <error type="java.util.concurrent.ExecutionException"><![CDATA[java.util.concurrent.ExecutionException: java.lang.NullPointerException: Cannot invoke "java.lang.Integer.intValue()" because the return value of "java.util.HashMap.get(Object)" is null
	at crux.CompilerStageTests.lambda$codegen$9(CompilerStageTests.java:290)
Caused by: java.lang.NullPointerException: Cannot invoke "java.lang.Integer.intValue()" because the return value of "java.util.HashMap.get(Object)" is null
]]></error>
  </testcase>
  <testcase name="codegen" classname="crux.CompilerStageTests" time="0.009">
    <error type="java.util.concurrent.ExecutionException"><![CDATA[java.util.concurrent.ExecutionException: java.lang.NullPointerException: Cannot invoke "java.lang.Integer.intValue()" because the return value of "java.util.HashMap.get(Object)" is null
	at crux.CompilerStageTests.lambda$codegen$9(CompilerStageTests.java:290)
Caused by: java.lang.NullPointerException: Cannot invoke "java.lang.Integer.intValue()" because the return value of "java.util.HashMap.get(Object)" is null
]]></error>
  </testcase>
  <testcase name="codegen" classname="crux.CompilerStageTests" time="0.007">
    <error type="java.util.concurrent.ExecutionException"><![CDATA[java.util.concurrent.ExecutionException: java.lang.NullPointerException: Cannot invoke "java.lang.Integer.intValue()" because the return value of "java.util.HashMap.get(Object)" is null
	at crux.CompilerStageTests.lambda$codegen$9(CompilerStageTests.java:290)
Caused by: java.lang.NullPointerException: Cannot invoke "java.lang.Integer.intValue()" because the return value of "java.util.HashMap.get(Object)" is null
]]></error>
  </testcase>
  <testcase name="codegen" classname="crux.CompilerStageTests" time="0.017">
    <error type="java.util.concurrent.ExecutionException"><![CDATA[java.util.concurrent.ExecutionException: java.lang.NullPointerException: Cannot invoke "java.lang.Integer.intValue()" because the return value of "java.util.HashMap.get(Object)" is null
	at crux.CompilerStageTests.lambda$codegen$9(CompilerStageTests.java:290)
Caused by: java.lang.NullPointerException: Cannot invoke "java.lang.Integer.intValue()" because the return value of "java.util.HashMap.get(Object)" is null
]]></error>
  </testcase>
  <testcase name="codegen" classname="crux.CompilerStageTests" time="0.005">
    <error type="java.util.concurrent.ExecutionException"><![CDATA[java.util.concurrent.ExecutionException: java.lang.NullPointerException: Cannot invoke "java.lang.Integer.intValue()" because the return value of "java.util.HashMap.get(Object)" is null
	at crux.CompilerStageTests.lambda$codegen$9(CompilerStageTests.java:290)
Caused by: java.lang.NullPointerException: Cannot invoke "java.lang.Integer.intValue()" because the return value of "java.util.HashMap.get(Object)" is null
]]></error>
  </testcase>
  <testcase name="codegen" classname="crux.CompilerStageTests" time="0.005">
    <error type="java.util.concurrent.ExecutionException"><![CDATA[java.util.concurrent.ExecutionException: java.lang.NullPointerException: Cannot invoke "java.lang.Integer.intValue()" because the return value of "java.util.HashMap.get(Object)" is null
	at crux.CompilerStageTests.lambda$codegen$9(CompilerStageTests.java:290)
Caused by: java.lang.NullPointerException: Cannot invoke "java.lang.Integer.intValue()" because the return value of "java.util.HashMap.get(Object)" is null
]]></error>
  </testcase>
  <testcase name="codegen" classname="crux.CompilerStageTests" time="0.007">
    <error type="java.util.concurrent.ExecutionException"><![CDATA[java.util.concurrent.ExecutionException: java.lang.NullPointerException: Cannot invoke "java.lang.Integer.intValue()" because the return value of "java.util.HashMap.get(Object)" is null
	at crux.CompilerStageTests.lambda$codegen$9(CompilerStageTests.java:290)
Caused by: java.lang.NullPointerException: Cannot invoke "java.lang.Integer.intValue()" because the return value of "java.util.HashMap.get(Object)" is null
]]></error>
  </testcase>
  <testcase name="codegen" classname="crux.CompilerStageTests" time="0.006">
    <error type="java.util.concurrent.ExecutionException"><![CDATA[java.util.concurrent.ExecutionException: java.lang.NullPointerException: Cannot invoke "java.lang.Integer.intValue()" because the return value of "java.util.HashMap.get(Object)" is null
	at crux.CompilerStageTests.lambda$codegen$9(CompilerStageTests.java:290)
Caused by: java.lang.NullPointerException: Cannot invoke "java.lang.Integer.intValue()" because the return value of "java.util.HashMap.get(Object)" is null
]]></error>
  </testcase>
  <testcase name="codegen" classname="crux.CompilerStageTests" time="0.009">
    <error type="java.util.concurrent.ExecutionException"><![CDATA[java.util.concurrent.ExecutionException: java.lang.NullPointerException: Cannot invoke "java.lang.Integer.intValue()" because the return value of "java.util.HashMap.get(Object)" is null
	at crux.CompilerStageTests.lambda$codegen$9(CompilerStageTests.java:290)
Caused by: java.lang.NullPointerException: Cannot invoke "java.lang.Integer.intValue()" because the return value of "java.util.HashMap.get(Object)" is null
]]></error>
  </testcase>
  <testcase name="codegen" classname="crux.CompilerStageTests" time="0.006">
    <error type="java.util.concurrent.ExecutionException"><![CDATA[java.util.concurrent.ExecutionException: java.lang.NullPointerException: Cannot invoke "java.lang.Integer.intValue()" because the return value of "java.util.HashMap.get(Object)" is null
	at crux.CompilerStageTests.lambda$codegen$9(CompilerStageTests.java:290)
Caused by: java.lang.NullPointerException: Cannot invoke "java.lang.Integer.intValue()" because the return value of "java.util.HashMap.get(Object)" is null
]]></error>
  </testcase>
  <testcase name="codegen" classname="crux.CompilerStageTests" time="0.005">
    <error type="java.util.concurrent.ExecutionException"><![CDATA[java.util.concurrent.ExecutionException: java.lang.NullPointerException: Cannot invoke "java.lang.Integer.intValue()" because the return value of "java.util.HashMap.get(Object)" is null
	at crux.CompilerStageTests.lambda$codegen$9(CompilerStageTests.java:290)
Caused by: java.lang.NullPointerException: Cannot invoke "java.lang.Integer.intValue()" because the return value of "java.util.HashMap.get(Object)" is null
]]></error>
  </testcase>
  <testcase name="codegen" classname="crux.CompilerStageTests" time="0.007">
    <error type="java.util.concurrent.ExecutionException"><![CDATA[java.util.concurrent.ExecutionException: java.lang.NullPointerException: Cannot invoke "java.lang.Integer.intValue()" because the return value of "java.util.HashMap.get(Object)" is null
	at crux.CompilerStageTests.lambda$codegen$9(CompilerStageTests.java:290)
Caused by: java.lang.NullPointerException: Cannot invoke "java.lang.Integer.intValue()" because the return value of "java.util.HashMap.get(Object)" is null
]]></error>
  </testcase>
  <testcase name="codegen" classname="crux.CompilerStageTests" time="0.012">
    <error type="java.util.concurrent.ExecutionException"><![CDATA[java.util.concurrent.ExecutionException: java.lang.NullPointerException: Cannot invoke "java.lang.Integer.intValue()" because the return value of "java.util.HashMap.get(Object)" is null
	at crux.CompilerStageTests.lambda$codegen$9(CompilerStageTests.java:290)
Caused by: java.lang.NullPointerException: Cannot invoke "java.lang.Integer.intValue()" because the return value of "java.util.HashMap.get(Object)" is null
]]></error>
  </testcase>
  <testcase name="codegen" classname="crux.CompilerStageTests" time="0.01">
    <error type="java.util.concurrent.ExecutionException"><![CDATA[java.util.concurrent.ExecutionException: java.lang.NullPointerException: Cannot invoke "java.lang.Integer.intValue()" because the return value of "java.util.HashMap.get(Object)" is null
	at crux.CompilerStageTests.lambda$codegen$9(CompilerStageTests.java:290)
Caused by: java.lang.NullPointerException: Cannot invoke "java.lang.Integer.intValue()" because the return value of "java.util.HashMap.get(Object)" is null
]]></error>
  </testcase>
  <testcase name="codegen" classname="crux.CompilerStageTests" time="0.009">
    <error type="java.util.concurrent.ExecutionException"><![CDATA[java.util.concurrent.ExecutionException: java.lang.NullPointerException: Cannot invoke "java.lang.Integer.intValue()" because the return value of "java.util.HashMap.get(Object)" is null
	at crux.CompilerStageTests.lambda$codegen$9(CompilerStageTests.java:290)
Caused by: java.lang.NullPointerException: Cannot invoke "java.lang.Integer.intValue()" because the return value of "java.util.HashMap.get(Object)" is null
]]></error>
  </testcase>
  <testcase name="codegen" classname="crux.CompilerStageTests" time="0.006">
    <error type="java.util.concurrent.ExecutionException"><![CDATA[java.util.concurrent.ExecutionException: java.lang.NullPointerException: Cannot invoke "java.lang.Integer.intValue()" because the return value of "java.util.HashMap.get(Object)" is null
	at crux.CompilerStageTests.lambda$codegen$9(CompilerStageTests.java:290)
Caused by: java.lang.NullPointerException: Cannot invoke "java.lang.Integer.intValue()" because the return value of "java.util.HashMap.get(Object)" is null
]]></error>
  </testcase>
  <testcase name="codegen" classname="crux.CompilerStageTests" time="0.007">
    <error type="java.util.concurrent.ExecutionException"><![CDATA[java.util.concurrent.ExecutionException: java.lang.NullPointerException: Cannot invoke "java.lang.Integer.intValue()" because the return value of "java.util.HashMap.get(Object)" is null
	at crux.CompilerStageTests.lambda$codegen$9(CompilerStageTests.java:290)
Caused by: java.lang.NullPointerException: Cannot invoke "java.lang.Integer.intValue()" because the return value of "java.util.HashMap.get(Object)" is null
]]></error>
  </testcase>
  <testcase name="codegen" classname="crux.CompilerStageTests" time="0.007">
    <error type="java.util.concurrent.ExecutionException"><![CDATA[java.util.concurrent.ExecutionException: java.lang.NullPointerException: Cannot invoke "java.lang.Integer.intValue()" because the return value of "java.util.HashMap.get(Object)" is null
	at crux.CompilerStageTests.lambda$codegen$9(CompilerStageTests.java:290)
Caused by: java.lang.NullPointerException: Cannot invoke "java.lang.Integer.intValue()" because the return value of "java.util.HashMap.get(Object)" is null
]]></error>
  </testcase>
  <testcase name="codegen" classname="crux.CompilerStageTests" time="0.01">
    <error type="java.util.concurrent.ExecutionException"><![CDATA[java.util.concurrent.ExecutionException: java.lang.NullPointerException: Cannot invoke "java.lang.Integer.intValue()" because the return value of "java.util.HashMap.get(Object)" is null
	at crux.CompilerStageTests.lambda$codegen$9(CompilerStageTests.java:290)
Caused by: java.lang.NullPointerException: Cannot invoke "java.lang.Integer.intValue()" because the return value of "java.util.HashMap.get(Object)" is null
]]></error>
  </testcase>
  <testcase name="codegen" classname="crux.CompilerStageTests" time="0.012">
    <error type="java.util.concurrent.ExecutionException"><![CDATA[java.util.concurrent.ExecutionException: java.lang.NullPointerException: Cannot invoke "java.lang.Integer.intValue()" because the return value of "java.util.HashMap.get(Object)" is null
	at crux.CompilerStageTests.lambda$codegen$9(CompilerStageTests.java:290)
Caused by: java.lang.NullPointerException: Cannot invoke "java.lang.Integer.intValue()" because the return value of "java.util.HashMap.get(Object)" is null
]]></error>
  </testcase>
  <testcase name="codegen" classname="crux.CompilerStageTests" time="0.008">
    <error type="java.util.concurrent.ExecutionException"><![CDATA[java.util.concurrent.ExecutionException: java.lang.NullPointerException: Cannot invoke "java.lang.Integer.intValue()" because the return value of "java.util.HashMap.get(Object)" is null
	at crux.CompilerStageTests.lambda$codegen$9(CompilerStageTests.java:290)
Caused by: java.lang.NullPointerException: Cannot invoke "java.lang.Integer.intValue()" because the return value of "java.util.HashMap.get(Object)" is null
]]></error>
  </testcase>
  <testcase name="codegen" classname="crux.CompilerStageTests" time="0.01">
    <error type="java.util.concurrent.ExecutionException"><![CDATA[java.util.concurrent.ExecutionException: java.lang.NullPointerException: Cannot invoke "java.lang.Integer.intValue()" because the return value of "java.util.HashMap.get(Object)" is null
	at crux.CompilerStageTests.lambda$codegen$9(CompilerStageTests.java:290)
Caused by: java.lang.NullPointerException: Cannot invoke "java.lang.Integer.intValue()" because the return value of "java.util.HashMap.get(Object)" is null
]]></error>
  </testcase>
  <testcase name="codegen" classname="crux.CompilerStageTests" time="0.035">
    <error type="java.util.concurrent.ExecutionException"><![CDATA[java.util.concurrent.ExecutionException: java.lang.NullPointerException: Cannot invoke "java.lang.Integer.intValue()" because the return value of "java.util.HashMap.get(Object)" is null
	at crux.CompilerStageTests.lambda$codegen$9(CompilerStageTests.java:290)
Caused by: java.lang.NullPointerException: Cannot invoke "java.lang.Integer.intValue()" because the return value of "java.util.HashMap.get(Object)" is null
]]></error>
  </testcase>
  <testcase name="codegen" classname="crux.CompilerStageTests" time="0.017">
    <error type="java.util.concurrent.ExecutionException"><![CDATA[java.util.concurrent.ExecutionException: java.lang.NullPointerException: Cannot invoke "java.lang.Integer.intValue()" because the return value of "java.util.HashMap.get(Object)" is null
	at crux.CompilerStageTests.lambda$codegen$9(CompilerStageTests.java:290)
Caused by: java.lang.NullPointerException: Cannot invoke "java.lang.Integer.intValue()" because the return value of "java.util.HashMap.get(Object)" is null
]]></error>
  </testcase>
  <testcase name="codegen" classname="crux.CompilerStageTests" time="0.009">
    <error type="java.util.concurrent.ExecutionException"><![CDATA[java.util.concurrent.ExecutionException: java.lang.NullPointerException: Cannot invoke "java.lang.Integer.intValue()" because the return value of "java.util.HashMap.get(Object)" is null
	at crux.CompilerStageTests.lambda$codegen$9(CompilerStageTests.java:290)
Caused by: java.lang.NullPointerException: Cannot invoke "java.lang.Integer.intValue()" because the return value of "java.util.HashMap.get(Object)" is null
]]></error>
  </testcase>
</testsuite>