<?xml version="1.0" encoding="UTF-8"?>
<testsuite xmlns:xsi="http://www.w3.org/2001/XMLSchema-instance" xsi:noNamespaceSchemaLocation="https://maven.apache.org/surefire/maven-surefire-plugin/xsd/surefire-test-report-3.0.xsd" version="3.0" name="crux.CompilerStageTests" time="1.836" tests="50" errors="50" skipped="0" failures="0">
  <properties>
[...]
</properties>
  <testcase name="codegen" classname="crux.CompilerStageTests" time="0.145">
    <error type="java.util.concurrent.ExecutionException"><![CDATA[java.util.concurrent.ExecutionException: java.io.IOException: Cannot run program "gcc": CreateProcess error=2, The system cannot find the file specified
	at crux.CompilerStageTests.lambda$codegen$9(CompilerStageTests.java:290)
Caused by: java.io.IOException: Cannot run program "gcc": CreateProcess error=2, The system cannot find the file specified
Caused by: java.io.IOException: CreateProcess error=2, The system cannot find the file specified
]]></error>
  </testcase>
  <testcase name="codegen" classname="crux.CompilerStageTests" time="0.088">
    <error type="java.util.concurrent.ExecutionException"><![CDATA[java.util.concurrent.ExecutionException: java.io.IOException: Cannot run program "gcc": CreateProcess error=2, The system cannot find the file specified
	at crux.CompilerStageTests.lambda$codegen$9(CompilerStageTests.java:290)
Caused by: java.io.IOException: Cannot run program "gcc": CreateProcess error=2, The system cannot find the file specified
Caused by: java.io.IOException: CreateProcess error=2, The system cannot find the file specified
]]></error>
  </testcase>
  <testcase name="codegen" classname="crux.CompilerStageTests" time="0.023">
    <error type="java.util.concurrent.ExecutionException"><![CDATA[java.util.concurrent.ExecutionException: java.io.IOException: Cannot run program "gcc": CreateProcess error=2, The system cannot find the file specified
	at crux.CompilerStageTests.lambda$codegen$9(CompilerStageTests.java:290)
Caused by: java.io.IOException: Cannot run program "gcc": CreateProcess error=2, The system cannot find the file specified
Caused by: java.io.IOException: CreateProcess error=2, The system cannot find the file specified
]]></error>
  </testcase>
  <testcase name="codegen" classname="crux.CompilerStageTests" time="0.039">
    <error type="java.util.concurrent.ExecutionException"><![CDATA[java.util.concurrent.ExecutionException: java.io.IOException: Cannot run program "gcc": CreateProcess error=2, The system cannot find the file specified
	at crux.CompilerStageTests.lambda$codegen$9(CompilerStageTests.java:290)
Caused by: java.io.IOException: Cannot run program "gcc": CreateProcess error=2, The system cannot find the file specified
Caused by: java.io.IOException: CreateProcess error=2, The system cannot find the file specified
]]></error>
  </testcase>
  <testcase name="codegen" classname="crux.CompilerStageTests" time="0.036">
    <error type="java.util.concurrent.ExecutionException"><![CDATA[java.util.concurrent.ExecutionException: java.io.IOException: Cannot run program "gcc": CreateProcess error=2, The system cannot find the file specified
	at crux.CompilerStageTests.lambda$codegen$9(CompilerStageTests.java:290)
Caused by: java.io.IOException: Cannot run program "gcc": CreateProcess error=2, The system cannot find the file specified
Caused by: java.io.IOException: CreateProcess error=2, The system cannot find the file specified
]]></error>
  </testcase>
  <testcase name="codegen" classname="crux.CompilerStageTests" time="0.075">
    <error type="java.util.concurrent.ExecutionException"><![CDATA[java.util.concurrent.ExecutionException: java.io.IOException: Cannot run program "gcc": CreateProcess error=2, The system cannot find the file specified
	at crux.CompilerStageTests.lambda$codegen$9(CompilerStageTests.java:290)
Caused by: java.io.IOException: Cannot run program "gcc": CreateProcess error=2, The system cannot find the file specified
Caused by: java.io.IOException: CreateProcess error=2, The system cannot find the file specified
]]></error>
  </testcase>
  <testcase name="codegen" classname="crux.CompilerStageTests" time="0.021">
    <error type="java.util.concurrent.ExecutionException"><![CDATA[java.util.concurrent.ExecutionException: java.io.IOException: Cannot run program "gcc": CreateProcess error=2, The system cannot find the file specified
	at crux.CompilerStageTests.lambda$codegen$9(CompilerStageTests.java:290)
Caused by: java.io.IOException: Cannot run program "gcc": CreateProcess error=2, The system cannot find the file specified
Caused by: java.io.IOException: CreateProcess error=2, The system cannot find the file specified
]]></error>
  </testcase>
  <testcase name="codegen" classname="crux.CompilerStageTests" time="0.02">
    <error type="java.util.concurrent.ExecutionException"><![CDATA[java.util.concurrent.ExecutionException: java.io.IOException: Cannot run program "gcc": CreateProcess error=2, The system cannot find the file specified
	at crux.CompilerStageTests.lambda$codegen$9(CompilerStageTests.java:290)
Caused by: java.io.IOException: Cannot run program "gcc": CreateProcess error=2, The system cannot find the file specified
Caused by: java.io.IOException: CreateProcess error=2, The system cannot find the file specified
]]></error>
  </testcase>
  <testcase name="codegen" classname="crux.CompilerStageTests" time="0.031">
    <error type="java.util.concurrent.ExecutionException"><![CDATA[java.util.concurrent.ExecutionException: java.io.IOException: Cannot run program "gcc": CreateProcess error=2, The system cannot find the file specified
	at crux.CompilerStageTests.lambda$codegen$9(CompilerStageTests.java:290)
Caused by: java.io.IOException: Cannot run program "gcc": CreateProcess error=2, The system cannot find the file specified
Caused by: java.io.IOException: CreateProcess error=2, The system cannot find the file specified
]]></error>
  </testcase>
  <testcase name="codegen" classname="crux.CompilerStageTests" time="0.036">
    <error type="java.util.concurrent.ExecutionException"><![CDATA[java.util.concurrent.ExecutionException: java.io.IOException: Cannot run program "gcc": CreateProcess error=2, The system cannot find the file specified
	at crux.CompilerStageTests.lambda$codegen$9(CompilerStageTests.java:290)
Caused by: java.io.IOException: Cannot run program "gcc": CreateProcess error=2, The system cannot find the file specified
Caused by: java.io.IOException: CreateProcess error=2, The system cannot find the file specified
]]></error>
  </testcase>
  <testcase name="codegen" classname="crux.CompilerStageTests" time="0.023">
    <error type="java.util.concurrent.ExecutionException"><![CDATA[java.util.concurrent.ExecutionException: java.io.IOException: Cannot run program "gcc": CreateProcess error=2, The system cannot find the file specified
	at crux.CompilerStageTests.lambda$codegen$9(CompilerStageTests.java:290)
Caused by: java.io.IOException: Cannot run program "gcc": CreateProcess error=2, The system cannot find the file specified
Caused by: java.io.IOException: CreateProcess error=2, The system cannot find the file specified
]]></error>
  </testcase>
  <testcase name="codegen" classname="crux.CompilerStageTests" time="0.046">
    <error type="java.util.concurrent.ExecutionException"><![CDATA[java.util.concurrent.ExecutionException: java.io.IOException: Cannot run program "gcc": CreateProcess error=2, The system cannot find the file specified
	at crux.CompilerStageTests.lambda$codegen$9(CompilerStageTests.java:290)
Caused by: java.io.IOException: Cannot run program "gcc": CreateProcess error=2, The system cannot find the file specified
Caused by: java.io.IOException: CreateProcess error=2, The system cannot find the file specified
]]></error>
  </testcase>
  <testcase name="codegen" classname="crux.CompilerStageTests" time="0.038">
    <error type="java.util.concurrent.ExecutionException"><![CDATA[java.util.concurrent.ExecutionException: java.io.IOException: Cannot run program "gcc": CreateProcess error=2, The system cannot find the file specified
	at crux.CompilerStageTests.lambda$codegen$9(CompilerStageTests.java:290)
Caused by: java.io.IOException: Cannot run program "gcc": CreateProcess error=2, The system cannot find the file specified
Caused by: java.io.IOException: CreateProcess error=2, The system cannot find the file specified
]]></error>
  </testcase>
  <testcase name="codegen" classname="crux.CompilerStageTests" time="0.027">
    <error type="java.util.concurrent.ExecutionException"><![CDATA[java.util.concurrent.ExecutionException: java.io.IOException: Cannot run program "gcc": CreateProcess error=2, The system cannot find the file specified
	at crux.CompilerStageTests.lambda$codegen$9(CompilerStageTests.java:290)
Caused by: java.io.IOException: Cannot run program "gcc": CreateProcess error=2, The system cannot find the file specified
Caused by: java.io.IOException: CreateProcess error=2, The system cannot find the file specified
]]></error>
  </testcase>
  <testcase name="codegen" classname="crux.CompilerStageTests" time="0.024">
    <error type="java.util.concurrent.ExecutionException"><![CDATA[java.util.concurrent.ExecutionException: java.io.IOException: Cannot run program "gcc": CreateProcess error=2, The system cannot find the file specified
	at crux.CompilerStageTests.lambda$codegen$9(CompilerStageTests.java:290)
Caused by: java.io.IOException: Cannot run program "gcc": CreateProcess error=2, The system cannot find the file specified
Caused by: java.io.IOException: CreateProcess error=2, The system cannot find the file specified
]]></error>
  </testcase>
  <testcase name="codegen" classname="crux.CompilerStageTests" time="0.03">
    <error type="java.util.concurrent.ExecutionException"><![CDATA[java.util.concurrent.ExecutionException: java.io.IOException: Cannot run program "gcc": CreateProcess error=2, The system cannot find the file specified
	at crux.CompilerStageTests.lambda$codegen$9(CompilerStageTests.java:290)
Caused by: java.io.IOException: Cannot run program "gcc": CreateProcess error=2, The system cannot find the file specified
Caused by: java.io.IOException: CreateProcess error=2, The system cannot find the file specified
]]></error>
  </testcase>
  <testcase name="codegen" classname="crux.CompilerStageTests" time="0.035">
    <error type="java.util.concurrent.ExecutionException"><![CDATA[java.util.concurrent.ExecutionException: java.io.IOException: Cannot run program "gcc": CreateProcess error=2, The system cannot find the file specified
	at crux.CompilerStageTests.lambda$codegen$9(CompilerStageTests.java:290)
Caused by: java.io.IOException: Cannot run program "gcc": CreateProcess error=2, The system cannot find the file specified
Caused by: java.io.IOException: CreateProcess error=2, The system cannot find the file specified
]]></error>
  </testcase>
  <testcase name="codegen" classname="crux.CompilerStageTests" time="0.027">
    <error type="java.util.concurrent.ExecutionException"><![CDATA[java.util.concurrent.ExecutionException: java.io.IOException: Cannot run program "gcc": CreateProcess error=2, The system cannot find the file specified
	at crux.CompilerStageTests.lambda$codegen$9(CompilerStageTests.java:290)
Caused by: java.io.IOException: Cannot run program "gcc": CreateProcess error=2, The system cannot find the file specified
Caused by: java.io.IOException: CreateProcess error=2, The system cannot find the file specified
]]></error>
  </testcase>
  <testcase name="codegen" classname="crux.CompilerStageTests" time="0.027">
    <error type="java.util.concurrent.ExecutionException"><![CDATA[java.util.concurrent.ExecutionException: java.io.IOException: Cannot run program "gcc": CreateProcess error=2, The system cannot find the file specified
	at crux.CompilerStageTests.lambda$codegen$9(CompilerStageTests.java:290)
Caused by: java.io.IOException: Cannot run program "gcc": CreateProcess error=2, The system cannot find the file specified
Caused by: java.io.IOException: CreateProcess error=2, The system cannot find the file specified
]]></error>
  </testcase>
  <testcase name="codegen" classname="crux.CompilerStageTests" time="0.024">
    <error type="java.util.concurrent.ExecutionException"><![CDATA[java.util.concurrent.ExecutionException: java.io.IOException: Cannot run program "gcc": CreateProcess error=2, The system cannot find the file specified
	at crux.CompilerStageTests.lambda$codegen$9(CompilerStageTests.java:290)
Caused by: java.io.IOException: Cannot run program "gcc": CreateProcess error=2, The system cannot find the file specified
Caused by: java.io.IOException: CreateProcess error=2, The system cannot find the file specified
]]></error>
  </testcase>
  <testcase name="codegen" classname="crux.CompilerStageTests" time="0.023">
    <error type="java.util.concurrent.ExecutionException"><![CDATA[java.util.concurrent.ExecutionException: java.io.IOException: Cannot run program "gcc": CreateProcess error=2, The system cannot find the file specified
	at crux.CompilerStageTests.lambda$codegen$9(CompilerStageTests.java:290)
Caused by: java.io.IOException: Cannot run program "gcc": CreateProcess error=2, The system cannot find the file specified
Caused by: java.io.IOException: CreateProcess error=2, The system cannot find the file specified
]]></error>
  </testcase>
  <testcase name="codegen" classname="crux.CompilerStageTests" time="0.024">
    <error type="java.util.concurrent.ExecutionException"><![CDATA[java.util.concurrent.ExecutionException: java.io.IOException: Cannot run program "gcc": CreateProcess error=2, The system cannot find the file specified
	at crux.CompilerStageTests.lambda$codegen$9(CompilerStageTests.java:290)
Caused by: java.io.IOException: Cannot run program "gcc": CreateProcess error=2, The system cannot find the file specified
Caused by: java.io.IOException: CreateProcess error=2, The system cannot find the file specified
]]></error>
  </testcase>
  <testcase name="codegen" classname="crux.CompilerStageTests" time="0.02">
    <error type="java.util.concurrent.ExecutionException"><![CDATA[java.util.concurrent.ExecutionException: java.io.IOException: Cannot run program "gcc": CreateProcess error=2, The system cannot find the file specified
	at crux.CompilerStageTests.lambda$codegen$9(CompilerStageTests.java:290)
Caused by: java.io.IOException: Cannot run program "gcc": CreateProcess error=2, The system cannot find the file specified
Caused by: java.io.IOException: CreateProcess error=2, The system cannot find the file specified
]]></error>
  </testcase>
  <testcase name="codegen" classname="crux.CompilerStageTests" time="0.024">
    <error type="java.util.concurrent.ExecutionException"><![CDATA[java.util.concurrent.ExecutionException: java.io.IOException: Cannot run program "gcc": CreateProcess error=2, The system cannot find the file specified
	at crux.CompilerStageTests.lambda$codegen$9(CompilerStageTests.java:290)
Caused by: java.io.IOException: Cannot run program "gcc": CreateProcess error=2, The system cannot find the file specified
Caused by: java.io.IOException: CreateProcess error=2, The system cannot find the file specified
]]></error>
  </testcase>
  <testcase name="codegen" classname="crux.CompilerStageTests" time="0.019">
    <error type="java.util.concurrent.ExecutionException"><![CDATA[java.util.concurrent.ExecutionException: java.io.IOException: Cannot run program "gcc": CreateProcess error=2, The system cannot find the file specified
	at crux.CompilerStageTests.lambda$codegen$9(CompilerStageTests.java:290)
Caused by: java.io.IOException: Cannot run program "gcc": CreateProcess error=2, The system cannot find the file specified
Caused by: java.io.IOException: CreateProcess error=2, The system cannot find the file specified
]]></error>
  </testcase>
  <testcase name="codegen" classname="crux.CompilerStageTests" time="0.026">
    <error type="java.util.concurrent.ExecutionException"><![CDATA[java.util.concurrent.ExecutionException: java.io.IOException: Cannot run program "gcc": CreateProcess error=2, The system cannot find the file specified
	at crux.CompilerStageTests.lambda$codegen$9(CompilerStageTests.java:290)
Caused by: java.io.IOException: Cannot run program "gcc": CreateProcess error=2, The system cannot find the file specified
Caused by: java.io.IOException: CreateProcess error=2, The system cannot find the file specified
]]></error>
  </testcase>
  <testcase name="codegen" classname="crux.CompilerStageTests" time="0.024">
    <error type="java.util.concurrent.ExecutionException"><![CDATA[java.util.concurrent.ExecutionException: java.io.IOException: Cannot run program "gcc": CreateProcess error=2, The system cannot find the file specified
	at crux.CompilerStageTests.lambda$codegen$9(CompilerStageTests.java:290)
Caused by: java.io.IOException: Cannot run program "gcc": CreateProcess error=2, The system cannot find the file specified
Caused by: java.io.IOException: CreateProcess error=2, The system cannot find the file specified
]]></error>
  </testcase>
  <testcase name="codegen" classname="crux.CompilerStageTests" time="0.023">
    <error type="java.util.concurrent.ExecutionException"><![CDATA[java.util.concurrent.ExecutionException: java.io.IOException: Cannot run program "gcc": CreateProcess error=2, The system cannot find the file specified
	at crux.CompilerStageTests.lambda$codegen$9(CompilerStageTests.java:290)
Caused by: java.io.IOException: Cannot run program "gcc": CreateProcess error=2, The system cannot find the file specified
Caused by: java.io.IOException: CreateProcess error=2, The system cannot find the file specified
]]></error>
  </testcase>
  <testcase name="codegen" classname="crux.CompilerStageTests" time="0.024">
    <error type="java.util.concurrent.ExecutionException"><![CDATA[java.util.concurrent.ExecutionException: java.io.IOException: Cannot run program "gcc": CreateProcess error=2, The system cannot find the file specified
	at crux.CompilerStageTests.lambda$codegen$9(CompilerStageTests.java:290)
Caused by: java.io.IOException: Cannot run program "gcc": CreateProcess error=2, The system cannot find the file specified
Caused by: java.io.IOException: CreateProcess error=2, The system cannot find the file specified
]]></error>
  </testcase>
  <testcase name="codegen" classname="crux.CompilerStageTests" time="0.066">
    <error type="java.util.concurrent.ExecutionException"><![CDATA[java.util.concurrent.ExecutionException: java.io.IOException: Cannot run program "gcc": CreateProcess error=2, The system cannot find the file specified
	at crux.CompilerStageTests.lambda$codegen$9(CompilerStageTests.java:290)
Caused by: java.io.IOException: Cannot run program "gcc": CreateProcess error=2, The system cannot find the file specified
Caused by: java.io.IOException: CreateProcess error=2, The system cannot find the file specified
]]></error>
  </testcase>
  <testcase name="codegen" classname="crux.CompilerStageTests" time="0.029">
    <error type="java.util.concurrent.ExecutionException"><![CDATA[java.util.concurrent.ExecutionException: java.io.IOException: Cannot run program "gcc": CreateProcess error=2, The system cannot find the file specified
	at crux.CompilerStageTests.lambda$codegen$9(CompilerStageTests.java:290)
Caused by: java.io.IOException: Cannot run program "gcc": CreateProcess error=2, The system cannot find the file specified
Caused by: java.io.IOException: CreateProcess error=2, The system cannot find the file specified
]]></error>
  </testcase>
  <testcase name="codegen" classname="crux.CompilerStageTests" time="0.009">
    <error type="java.util.concurrent.ExecutionException"><![CDATA[java.util.concurrent.ExecutionException: java.lang.ClassCastException: class crux.ir.LocalVar cannot be cast to class crux.ir.BooleanConstant (crux.ir.LocalVar and crux.ir.BooleanConstant are in unnamed module of loader 'app')
	at crux.CompilerStageTests.lambda$codegen$9(CompilerStageTests.java:290)
Caused by: java.lang.ClassCastException: class crux.ir.LocalVar cannot be cast to class crux.ir.BooleanConstant (crux.ir.LocalVar and crux.ir.BooleanConstant are in unnamed module of loader 'app')
]]></error>
  </testcase>
  <testcase name="codegen" classname="crux.CompilerStageTests" time="0.009">
    <error type="java.util.concurrent.ExecutionException"><![CDATA[java.util.concurrent.ExecutionException: java.lang.ClassCastException: class crux.ir.LocalVar cannot be cast to class crux.ir.BooleanConstant (crux.ir.LocalVar and crux.ir.BooleanConstant are in unnamed module of loader 'app')
	at crux.CompilerStageTests.lambda$codegen$9(CompilerStageTests.java:290)
Caused by: java.lang.ClassCastException: class crux.ir.LocalVar cannot be cast to class crux.ir.BooleanConstant (crux.ir.LocalVar and crux.ir.BooleanConstant are in unnamed module of loader 'app')
]]></error>
  </testcase>
  <testcase name="codegen" classname="crux.CompilerStageTests" time="0.029">
    <error type="java.util.concurrent.ExecutionException"><![CDATA[java.util.concurrent.ExecutionException: java.io.IOException: Cannot run program "gcc": CreateProcess error=2, The system cannot find the file specified
	at crux.CompilerStageTests.lambda$codegen$9(CompilerStageTests.java:290)
Caused by: java.io.IOException: Cannot run program "gcc": CreateProcess error=2, The system cannot find the file specified
Caused by: java.io.IOException: CreateProcess error=2, The system cannot find the file specified
]]></error>
  </testcase>
  <testcase name="codegen" classname="crux.CompilerStageTests" time="0.023">
    <error type="java.util.concurrent.ExecutionException"><![CDATA[java.util.concurrent.ExecutionException: java.io.IOException: Cannot run program "gcc": CreateProcess error=2, The system cannot find the file specified
	at crux.CompilerStageTests.lambda$codegen$9(CompilerStageTests.java:290)
Caused by: java.io.IOException: Cannot run program "gcc": CreateProcess error=2, The system cannot find the file specified
Caused by: java.io.IOException: CreateProcess error=2, The system cannot find the file specified
]]></error>
  </testcase>
  <testcase name="codegen" classname="crux.CompilerStageTests" time="0.025">
    <error type="java.util.concurrent.ExecutionException"><![CDATA[java.util.concurrent.ExecutionException: java.io.IOException: Cannot run program "gcc": CreateProcess error=2, The system cannot find the file specified
	at crux.CompilerStageTests.lambda$codegen$9(CompilerStageTests.java:290)
Caused by: java.io.IOException: Cannot run program "gcc": CreateProcess error=2, The system cannot find the file specified
Caused by: java.io.IOException: CreateProcess error=2, The system cannot find the file specified
]]></error>
  </testcase>
  <testcase name="codegen" classname="crux.CompilerStageTests" time="0.03">
    <error type="java.util.concurrent.ExecutionException"><![CDATA[java.util.concurrent.ExecutionException: java.io.IOException: Cannot run program "gcc": CreateProcess error=2, The system cannot find the file specified
	at crux.CompilerStageTests.lambda$codegen$9(CompilerStageTests.java:290)
Caused by: java.io.IOException: Cannot run program "gcc": CreateProcess error=2, The system cannot find the file specified
Caused by: java.io.IOException: CreateProcess error=2, The system cannot find the file specified
]]></error>
  </testcase>
  <testcase name="codegen" classname="crux.CompilerStageTests" time="0.053">
    <error type="java.util.concurrent.ExecutionException"><![CDATA[java.util.concurrent.ExecutionException: java.lang.StackOverflowError
	at crux.CompilerStageTests.lambda$codegen$9(CompilerStageTests.java:290)
Caused by: java.lang.StackOverflowError
]]></error>
  </testcase>
  <testcase name="codegen" classname="crux.CompilerStageTests" time="0.029">
    <error type="java.util.concurrent.ExecutionException"><![CDATA[java.util.concurrent.ExecutionException: java.io.IOException: Cannot run program "gcc": CreateProcess error=2, The system cannot find the file specified
	at crux.CompilerStageTests.lambda$codegen$9(CompilerStageTests.java:290)
Caused by: java.io.IOException: Cannot run program "gcc": CreateProcess error=2, The system cannot find the file specified
Caused by: java.io.IOException: CreateProcess error=2, The system cannot find the file specified
]]></error>
  </testcase>
  <testcase name="codegen" classname="crux.CompilerStageTests" time="0.026">
    <error type="java.util.concurrent.ExecutionException"><![CDATA[java.util.concurrent.ExecutionException: java.io.IOException: Cannot run program "gcc": CreateProcess error=2, The system cannot find the file specified
	at crux.CompilerStageTests.lambda$codegen$9(CompilerStageTests.java:290)
Caused by: java.io.IOException: Cannot run program "gcc": CreateProcess error=2, The system cannot find the file specified
Caused by: java.io.IOException: CreateProcess error=2, The system cannot find the file specified
]]></error>
  </testcase>
  <testcase name="codegen" classname="crux.CompilerStageTests" time="0.012">
    <error type="java.util.concurrent.ExecutionException"><![CDATA[java.util.concurrent.ExecutionException: java.lang.ClassCastException: class crux.ir.LocalVar cannot be cast to class crux.ir.BooleanConstant (crux.ir.LocalVar and crux.ir.BooleanConstant are in unnamed module of loader 'app')
	at crux.CompilerStageTests.lambda$codegen$9(CompilerStageTests.java:290)
Caused by: java.lang.ClassCastException: class crux.ir.LocalVar cannot be cast to class crux.ir.BooleanConstant (crux.ir.LocalVar and crux.ir.BooleanConstant are in unnamed module of loader 'app')
]]></error>
  </testcase>
  <testcase name="codegen" classname="crux.CompilerStageTests" time="0.026">
    <error type="java.util.concurrent.ExecutionException"><![CDATA[java.util.concurrent.ExecutionException: java.io.IOException: Cannot run program "gcc": CreateProcess error=2, The system cannot find the file specified
	at crux.CompilerStageTests.lambda$codegen$9(CompilerStageTests.java:290)
Caused by: java.io.IOException: Cannot run program "gcc": CreateProcess error=2, The system cannot find the file specified
Caused by: java.io.IOException: CreateProcess error=2, The system cannot find the file specified
]]></error>
  </testcase>
  <testcase name="codegen" classname="crux.CompilerStageTests" time="0.043">
    <error type="java.util.concurrent.ExecutionException"><![CDATA[java.util.concurrent.ExecutionException: java.io.IOException: Cannot run program "gcc": CreateProcess error=2, The system cannot find the file specified
	at crux.CompilerStageTests.lambda$codegen$9(CompilerStageTests.java:290)
Caused by: java.io.IOException: Cannot run program "gcc": CreateProcess error=2, The system cannot find the file specified
Caused by: java.io.IOException: CreateProcess error=2, The system cannot find the file specified
]]></error>
  </testcase>
  <testcase name="codegen" classname="crux.CompilerStageTests" time="0.037">
    <error type="java.util.concurrent.ExecutionException"><![CDATA[java.util.concurrent.ExecutionException: java.io.IOException: Cannot run program "gcc": CreateProcess error=2, The system cannot find the file specified
	at crux.CompilerStageTests.lambda$codegen$9(CompilerStageTests.java:290)
Caused by: java.io.IOException: Cannot run program "gcc": CreateProcess error=2, The system cannot find the file specified
Caused by: java.io.IOException: CreateProcess error=2, The system cannot find the file specified
]]></error>
  </testcase>
  <testcase name="codegen" classname="crux.CompilerStageTests" time="0.053">
    <error type="java.util.concurrent.ExecutionException"><![CDATA[java.util.concurrent.ExecutionException: java.io.IOException: Cannot run program "gcc": CreateProcess error=2, The system cannot find the file specified
	at crux.CompilerStageTests.lambda$codegen$9(CompilerStageTests.java:290)
Caused by: java.io.IOException: Cannot run program "gcc": CreateProcess error=2, The system cannot find the file specified
Caused by: java.io.IOException: CreateProcess error=2, The system cannot find the file specified
]]></error>
  </testcase>
  <testcase name="codegen" classname="crux.CompilerStageTests" time="0.028">
    <error type="java.util.concurrent.ExecutionException"><![CDATA[java.util.concurrent.ExecutionException: java.io.IOException: Cannot run program "gcc": CreateProcess error=2, The system cannot find the file specified
	at crux.CompilerStageTests.lambda$codegen$9(CompilerStageTests.java:290)
Caused by: java.io.IOException: Cannot run program "gcc": CreateProcess error=2, The system cannot find the file specified
Caused by: java.io.IOException: CreateProcess error=2, The system cannot find the file specified
]]></error>
  </testcase>
  <testcase name="codegen" classname="crux.CompilerStageTests" time="0.008">
    <error type="java.util.concurrent.ExecutionException"><![CDATA[java.util.concurrent.ExecutionException: java.lang.ClassCastException: class crux.ir.LocalVar cannot be cast to class crux.ir.BooleanConstant (crux.ir.LocalVar and crux.ir.BooleanConstant are in unnamed module of loader 'app')
	at crux.CompilerStageTests.lambda$codegen$9(CompilerStageTests.java:290)
Caused by: java.lang.ClassCastException: class crux.ir.LocalVar cannot be cast to class crux.ir.BooleanConstant (crux.ir.LocalVar and crux.ir.BooleanConstant are in unnamed module of loader 'app')
]]></error>
  </testcase>
  <testcase name="codegen" classname="crux.CompilerStageTests" time="0.031">
    <error type="java.util.concurrent.ExecutionException"><![CDATA[java.util.concurrent.ExecutionException: java.io.IOException: Cannot run program "gcc": CreateProcess error=2, The system cannot find the file specified
	at crux.CompilerStageTests.lambda$codegen$9(CompilerStageTests.java:290)
Caused by: java.io.IOException: Cannot run program "gcc": CreateProcess error=2, The system cannot find the file specified
Caused by: java.io.IOException: CreateProcess error=2, The system cannot find the file specified
]]></error>
  </testcase>
  <testcase name="codegen" classname="crux.CompilerStageTests" time="0.008">
    <error type="java.util.concurrent.ExecutionException"><![CDATA[java.util.concurrent.ExecutionException: java.lang.ClassCastException: class crux.ir.LocalVar cannot be cast to class crux.ir.BooleanConstant (crux.ir.LocalVar and crux.ir.BooleanConstant are in unnamed module of loader 'app')
	at crux.CompilerStageTests.lambda$codegen$9(CompilerStageTests.java:290)
Caused by: java.lang.ClassCastException: class crux.ir.LocalVar cannot be cast to class crux.ir.BooleanConstant (crux.ir.LocalVar and crux.ir.BooleanConstant are in unnamed module of loader 'app')
]]></error>
  </testcase>
  <testcase name="codegen" classname="crux.CompilerStageTests" time="0.026">
    <error type="java.util.concurrent.ExecutionException"><![CDATA[java.util.concurrent.ExecutionException: java.lang.ClassCastException: class crux.ir.LocalVar cannot be cast to class crux.ir.BooleanConstant (crux.ir.LocalVar and crux.ir.BooleanConstant are in unnamed module of loader 'app')
	at crux.CompilerStageTests.lambda$codegen$9(CompilerStageTests.java:290)
Caused by: java.lang.ClassCastException: class crux.ir.LocalVar cannot be cast to class crux.ir.BooleanConstant (crux.ir.LocalVar and crux.ir.BooleanConstant are in unnamed module of loader 'app')
]]></error>
  </testcase>
</testsuite>